{"D:\\Program\\i18n-transformer\\packages\\core\\src\\generator\\index.ts": {"path":"D:\\Program\\i18n-transformer\\packages\\core\\src\\generator\\index.ts","all":false,"statementMap":{"29":{"start":{"line":30,"column":0},"end":{"line":30,"column":8}},"36":{"start":{"line":37,"column":0},"end":{"line":37,"column":31}},"42":{"start":{"line":43,"column":0},"end":{"line":43,"column":40}},"50":{"start":{"line":51,"column":0},"end":{"line":51,"column":57}},"51":{"start":{"line":52,"column":0},"end":{"line":52,"column":34}},"52":{"start":{"line":53,"column":0},"end":{"line":53,"column":1}},"58":{"start":{"line":59,"column":0},"end":{"line":59,"column":31}},"59":{"start":{"line":60,"column":0},"end":{"line":60,"column":28}},"60":{"start":{"line":61,"column":0},"end":{"line":61,"column":1}},"73":{"start":{"line":74,"column":0},"end":{"line":74,"column":51}},"74":{"start":{"line":75,"column":0},"end":{"line":75,"column":41}},"75":{"start":{"line":76,"column":0},"end":{"line":76,"column":77}},"76":{"start":{"line":77,"column":0},"end":{"line":77,"column":3}},"78":{"start":{"line":79,"column":0},"end":{"line":79,"column":7}},"79":{"start":{"line":80,"column":0},"end":{"line":80,"column":27}},"81":{"start":{"line":82,"column":0},"end":{"line":82,"column":9}},"82":{"start":{"line":83,"column":0},"end":{"line":83,"column":30}},"83":{"start":{"line":84,"column":0},"end":{"line":84,"column":24}},"84":{"start":{"line":85,"column":0},"end":{"line":85,"column":26}},"85":{"start":{"line":86,"column":0},"end":{"line":86,"column":11}},"86":{"start":{"line":87,"column":0},"end":{"line":87,"column":7}},"88":{"start":{"line":89,"column":0},"end":{"line":89,"column":51}},"89":{"start":{"line":90,"column":0},"end":{"line":90,"column":34}},"90":{"start":{"line":91,"column":0},"end":{"line":91,"column":23}},"91":{"start":{"line":92,"column":0},"end":{"line":92,"column":13}},"92":{"start":{"line":93,"column":0},"end":{"line":93,"column":59}},"93":{"start":{"line":94,"column":0},"end":{"line":94,"column":5}},"95":{"start":{"line":96,"column":0},"end":{"line":96,"column":34}},"96":{"start":{"line":97,"column":0},"end":{"line":97,"column":32}},"97":{"start":{"line":98,"column":0},"end":{"line":98,"column":46}},"98":{"start":{"line":99,"column":0},"end":{"line":99,"column":40}},"99":{"start":{"line":100,"column":0},"end":{"line":100,"column":7}},"101":{"start":{"line":102,"column":0},"end":{"line":102,"column":55}},"102":{"start":{"line":103,"column":0},"end":{"line":103,"column":9}},"103":{"start":{"line":104,"column":0},"end":{"line":104,"column":69}},"104":{"start":{"line":105,"column":0},"end":{"line":105,"column":13}},"105":{"start":{"line":106,"column":0},"end":{"line":106,"column":71}},"106":{"start":{"line":107,"column":0},"end":{"line":107,"column":5}},"108":{"start":{"line":109,"column":0},"end":{"line":109,"column":26}},"109":{"start":{"line":110,"column":0},"end":{"line":110,"column":42}},"110":{"start":{"line":111,"column":0},"end":{"line":111,"column":44}},"111":{"start":{"line":112,"column":0},"end":{"line":112,"column":42}},"113":{"start":{"line":114,"column":0},"end":{"line":114,"column":36}},"114":{"start":{"line":115,"column":0},"end":{"line":115,"column":15}},"115":{"start":{"line":116,"column":0},"end":{"line":116,"column":64}},"116":{"start":{"line":117,"column":0},"end":{"line":117,"column":54}},"117":{"start":{"line":118,"column":0},"end":{"line":118,"column":19}},"118":{"start":{"line":119,"column":0},"end":{"line":119,"column":82}},"119":{"start":{"line":120,"column":0},"end":{"line":120,"column":11}},"120":{"start":{"line":121,"column":0},"end":{"line":121,"column":9}},"122":{"start":{"line":123,"column":0},"end":{"line":123,"column":40}},"123":{"start":{"line":124,"column":0},"end":{"line":124,"column":49}},"125":{"start":{"line":126,"column":0},"end":{"line":126,"column":65}},"126":{"start":{"line":127,"column":0},"end":{"line":127,"column":11}},"128":{"start":{"line":129,"column":0},"end":{"line":129,"column":13}},"129":{"start":{"line":130,"column":0},"end":{"line":130,"column":73}},"130":{"start":{"line":131,"column":0},"end":{"line":131,"column":17}},"131":{"start":{"line":132,"column":0},"end":{"line":132,"column":71}},"132":{"start":{"line":133,"column":0},"end":{"line":133,"column":9}},"133":{"start":{"line":134,"column":0},"end":{"line":134,"column":9}},"134":{"start":{"line":135,"column":0},"end":{"line":135,"column":5}},"135":{"start":{"line":136,"column":0},"end":{"line":136,"column":24}},"136":{"start":{"line":137,"column":0},"end":{"line":137,"column":71}},"137":{"start":{"line":138,"column":0},"end":{"line":138,"column":3}},"138":{"start":{"line":139,"column":0},"end":{"line":139,"column":1}}},"s":{"29":1,"36":1,"42":1,"50":1,"51":23,"52":23,"58":1,"59":45,"60":45,"73":1,"74":11,"75":1,"76":1,"78":10,"79":10,"81":10,"82":11,"83":8,"84":8,"85":8,"86":8,"88":9,"89":9,"90":9,"91":11,"92":2,"93":2,"95":8,"96":8,"97":8,"98":9,"99":8,"101":8,"102":8,"103":8,"104":11,"105":0,"106":0,"108":8,"109":8,"110":6,"111":6,"113":6,"114":2,"115":2,"116":2,"117":2,"118":1,"119":1,"120":2,"122":5,"123":5,"125":6,"126":5,"128":5,"129":5,"130":6,"131":0,"132":0,"133":8,"134":8,"135":11,"136":3,"137":3,"138":11},"branchMap":{"0":{"type":"branch","line":51,"loc":{"start":{"line":51,"column":7},"end":{"line":53,"column":1}},"locations":[{"start":{"line":51,"column":7},"end":{"line":53,"column":1}}]},"1":{"type":"branch","line":59,"loc":{"start":{"line":59,"column":7},"end":{"line":61,"column":1}},"locations":[{"start":{"line":59,"column":7},"end":{"line":61,"column":1}}]},"2":{"type":"branch","line":74,"loc":{"start":{"line":74,"column":7},"end":{"line":139,"column":1}},"locations":[{"start":{"line":74,"column":7},"end":{"line":139,"column":1}}]},"3":{"type":"branch","line":75,"loc":{"start":{"line":75,"column":14},"end":{"line":75,"column":40}},"locations":[{"start":{"line":75,"column":14},"end":{"line":75,"column":40}}]},"4":{"type":"branch","line":75,"loc":{"start":{"line":75,"column":40},"end":{"line":77,"column":3}},"locations":[{"start":{"line":75,"column":40},"end":{"line":77,"column":3}}]},"5":{"type":"branch","line":77,"loc":{"start":{"line":77,"column":2},"end":{"line":83,"column":29}},"locations":[{"start":{"line":77,"column":2},"end":{"line":83,"column":29}}]},"6":{"type":"branch","line":83,"loc":{"start":{"line":83,"column":29},"end":{"line":87,"column":7}},"locations":[{"start":{"line":83,"column":29},"end":{"line":87,"column":7}}]},"7":{"type":"branch","line":87,"loc":{"start":{"line":87,"column":6},"end":{"line":92,"column":12}},"locations":[{"start":{"line":87,"column":6},"end":{"line":92,"column":12}}]},"8":{"type":"branch","line":92,"loc":{"start":{"line":92,"column":4},"end":{"line":94,"column":5}},"locations":[{"start":{"line":92,"column":4},"end":{"line":94,"column":5}}]},"9":{"type":"branch","line":94,"loc":{"start":{"line":94,"column":4},"end":{"line":105,"column":12}},"locations":[{"start":{"line":94,"column":4},"end":{"line":105,"column":12}}]},"10":{"type":"branch","line":105,"loc":{"start":{"line":105,"column":4},"end":{"line":107,"column":5}},"locations":[{"start":{"line":105,"column":4},"end":{"line":107,"column":5}}]},"11":{"type":"branch","line":107,"loc":{"start":{"line":107,"column":4},"end":{"line":135,"column":5}},"locations":[{"start":{"line":107,"column":4},"end":{"line":135,"column":5}}]},"12":{"type":"branch","line":136,"loc":{"start":{"line":136,"column":2},"end":{"line":138,"column":3}},"locations":[{"start":{"line":136,"column":2},"end":{"line":138,"column":3}}]},"13":{"type":"branch","line":98,"loc":{"start":{"line":98,"column":35},"end":{"line":100,"column":6}},"locations":[{"start":{"line":98,"column":35},"end":{"line":100,"column":6}}]},"14":{"type":"branch","line":99,"loc":{"start":{"line":99,"column":33},"end":{"line":99,"column":40}},"locations":[{"start":{"line":99,"column":33},"end":{"line":99,"column":40}}]},"15":{"type":"branch","line":110,"loc":{"start":{"line":110,"column":30},"end":{"line":134,"column":8}},"locations":[{"start":{"line":110,"column":30},"end":{"line":134,"column":8}}]},"16":{"type":"branch","line":114,"loc":{"start":{"line":114,"column":35},"end":{"line":121,"column":9}},"locations":[{"start":{"line":114,"column":35},"end":{"line":121,"column":9}}]},"17":{"type":"branch","line":118,"loc":{"start":{"line":118,"column":10},"end":{"line":120,"column":11}},"locations":[{"start":{"line":118,"column":10},"end":{"line":120,"column":11}}]},"18":{"type":"branch","line":121,"loc":{"start":{"line":121,"column":8},"end":{"line":131,"column":16}},"locations":[{"start":{"line":121,"column":8},"end":{"line":131,"column":16}}]},"19":{"type":"branch","line":131,"loc":{"start":{"line":131,"column":8},"end":{"line":133,"column":9}},"locations":[{"start":{"line":131,"column":8},"end":{"line":133,"column":9}}]},"20":{"type":"branch","line":124,"loc":{"start":{"line":124,"column":38},"end":{"line":127,"column":10}},"locations":[{"start":{"line":124,"column":38},"end":{"line":127,"column":10}}]},"21":{"type":"branch","line":126,"loc":{"start":{"line":126,"column":48},"end":{"line":126,"column":65}},"locations":[{"start":{"line":126,"column":48},"end":{"line":126,"column":65}}]}},"b":{"0":[23],"1":[45],"2":[11],"3":[10],"4":[1],"5":[10],"6":[8],"7":[9],"8":[2],"9":[8],"10":[0],"11":[8],"12":[3],"13":[9],"14":[0],"15":[6],"16":[2],"17":[1],"18":[5],"19":[0],"20":[6],"21":[5]},"fnMap":{"0":{"name":"setMessage","decl":{"start":{"line":51,"column":7},"end":{"line":53,"column":1}},"loc":{"start":{"line":51,"column":7},"end":{"line":53,"column":1}},"line":51},"1":{"name":"getMessages","decl":{"start":{"line":59,"column":7},"end":{"line":61,"column":1}},"loc":{"start":{"line":59,"column":7},"end":{"line":61,"column":1}},"line":59},"2":{"name":"generate","decl":{"start":{"line":74,"column":7},"end":{"line":139,"column":1}},"loc":{"start":{"line":74,"column":7},"end":{"line":139,"column":1}},"line":74}},"f":{"0":23,"1":45,"2":11}}
,"D:\\Program\\i18n-transformer\\packages\\core\\src\\generator\\types.ts": {"path":"D:\\Program\\i18n-transformer\\packages\\core\\src\\generator\\types.ts","all":true,"statementMap":{},"s":{},"branchMap":{"0":{"type":"branch","line":1,"loc":{"start":{"line":1,"column":792},"end":{"line":38,"column":1}},"locations":[{"start":{"line":1,"column":792},"end":{"line":38,"column":1}}]}},"b":{"0":[1]},"fnMap":{"0":{"name":"(empty-report)","decl":{"start":{"line":1,"column":792},"end":{"line":38,"column":1}},"loc":{"start":{"line":1,"column":792},"end":{"line":38,"column":1}},"line":1}},"f":{"0":1}}
,"D:\\Program\\i18n-transformer\\packages\\core\\src\\shared\\utils.ts": {"path":"D:\\Program\\i18n-transformer\\packages\\core\\src\\shared\\utils.ts","all":false,"statementMap":{"0":{"start":{"line":1,"column":0},"end":{"line":1,"column":36}},"2":{"start":{"line":3,"column":0},"end":{"line":3,"column":52}},"3":{"start":{"line":4,"column":0},"end":{"line":4,"column":56}},"4":{"start":{"line":5,"column":0},"end":{"line":5,"column":1}},"6":{"start":{"line":7,"column":0},"end":{"line":7,"column":49}},"7":{"start":{"line":8,"column":0},"end":{"line":8,"column":12}},"8":{"start":{"line":9,"column":0},"end":{"line":9,"column":1}}},"s":{"0":1,"2":1,"3":1,"4":1,"6":1,"7":1,"8":1},"branchMap":{"0":{"type":"branch","line":3,"loc":{"start":{"line":3,"column":7},"end":{"line":5,"column":1}},"locations":[{"start":{"line":3,"column":7},"end":{"line":5,"column":1}}]},"1":{"type":"branch","line":7,"loc":{"start":{"line":7,"column":7},"end":{"line":9,"column":1}},"locations":[{"start":{"line":7,"column":7},"end":{"line":9,"column":1}}]}},"b":{"0":[1],"1":[1]},"fnMap":{"0":{"name":"generateKey","decl":{"start":{"line":3,"column":7},"end":{"line":5,"column":1}},"loc":{"start":{"line":3,"column":7},"end":{"line":5,"column":1}},"line":3},"1":{"name":"ignoreAutoI18n","decl":{"start":{"line":7,"column":7},"end":{"line":9,"column":1}},"loc":{"start":{"line":7,"column":7},"end":{"line":9,"column":1}},"line":7}},"f":{"0":1,"1":1}}
,"D:\\Program\\i18n-transformer\\packages\\core\\src\\transformer\\index.ts": {"path":"D:\\Program\\i18n-transformer\\packages\\core\\src\\transformer\\index.ts","all":false,"statementMap":{"12":{"start":{"line":13,"column":0},"end":{"line":13,"column":45}},"13":{"start":{"line":14,"column":0},"end":{"line":14,"column":38}},"14":{"start":{"line":15,"column":0},"end":{"line":15,"column":43}},"15":{"start":{"line":16,"column":0},"end":{"line":16,"column":55}},"16":{"start":{"line":17,"column":0},"end":{"line":17,"column":46}},"17":{"start":{"line":18,"column":0},"end":{"line":18,"column":82}},"18":{"start":{"line":19,"column":0},"end":{"line":19,"column":54}},"19":{"start":{"line":20,"column":0},"end":{"line":20,"column":8}},"37":{"start":{"line":38,"column":0},"end":{"line":38,"column":27}},"38":{"start":{"line":39,"column":0},"end":{"line":39,"column":5}},"39":{"start":{"line":40,"column":0},"end":{"line":40,"column":7}},"40":{"start":{"line":41,"column":0},"end":{"line":41,"column":4}},"43":{"start":{"line":44,"column":0},"end":{"line":44,"column":30}},"44":{"start":{"line":45,"column":0},"end":{"line":45,"column":30}},"45":{"start":{"line":46,"column":0},"end":{"line":46,"column":21}},"47":{"start":{"line":48,"column":0},"end":{"line":48,"column":9}},"48":{"start":{"line":49,"column":0},"end":{"line":49,"column":20}},"49":{"start":{"line":50,"column":0},"end":{"line":50,"column":15}},"50":{"start":{"line":51,"column":0},"end":{"line":51,"column":39}},"51":{"start":{"line":52,"column":0},"end":{"line":52,"column":18}},"53":{"start":{"line":54,"column":0},"end":{"line":54,"column":27}},"54":{"start":{"line":55,"column":0},"end":{"line":55,"column":30}},"55":{"start":{"line":56,"column":0},"end":{"line":56,"column":5}},"56":{"start":{"line":57,"column":0},"end":{"line":57,"column":61}},"57":{"start":{"line":58,"column":0},"end":{"line":58,"column":36}},"59":{"start":{"line":60,"column":0},"end":{"line":60,"column":30}},"60":{"start":{"line":61,"column":0},"end":{"line":61,"column":44}},"61":{"start":{"line":62,"column":0},"end":{"line":62,"column":14}},"62":{"start":{"line":63,"column":0},"end":{"line":63,"column":7}},"65":{"start":{"line":66,"column":0},"end":{"line":66,"column":55}},"66":{"start":{"line":67,"column":0},"end":{"line":67,"column":14}},"67":{"start":{"line":68,"column":0},"end":{"line":68,"column":7}},"70":{"start":{"line":71,"column":0},"end":{"line":71,"column":60}},"72":{"start":{"line":73,"column":0},"end":{"line":73,"column":53}},"73":{"start":{"line":74,"column":0},"end":{"line":74,"column":53}},"74":{"start":{"line":75,"column":0},"end":{"line":75,"column":9}},"76":{"start":{"line":77,"column":0},"end":{"line":77,"column":46}},"77":{"start":{"line":78,"column":0},"end":{"line":78,"column":55}},"78":{"start":{"line":79,"column":0},"end":{"line":79,"column":51}},"79":{"start":{"line":80,"column":0},"end":{"line":80,"column":9}},"80":{"start":{"line":81,"column":0},"end":{"line":81,"column":20}},"81":{"start":{"line":82,"column":0},"end":{"line":82,"column":9}},"83":{"start":{"line":84,"column":0},"end":{"line":84,"column":20}},"84":{"start":{"line":85,"column":0},"end":{"line":85,"column":31}},"85":{"start":{"line":86,"column":0},"end":{"line":86,"column":7}},"86":{"start":{"line":87,"column":0},"end":{"line":87,"column":6}},"89":{"start":{"line":90,"column":0},"end":{"line":90,"column":31}},"90":{"start":{"line":91,"column":0},"end":{"line":91,"column":44}},"91":{"start":{"line":92,"column":0},"end":{"line":92,"column":14}},"92":{"start":{"line":93,"column":0},"end":{"line":93,"column":7}},"93":{"start":{"line":94,"column":0},"end":{"line":94,"column":37}},"94":{"start":{"line":95,"column":0},"end":{"line":95,"column":60}},"95":{"start":{"line":96,"column":0},"end":{"line":96,"column":14}},"96":{"start":{"line":97,"column":0},"end":{"line":97,"column":7}},"99":{"start":{"line":100,"column":0},"end":{"line":100,"column":30}},"100":{"start":{"line":101,"column":0},"end":{"line":101,"column":29}},"101":{"start":{"line":102,"column":0},"end":{"line":102,"column":44}},"102":{"start":{"line":103,"column":0},"end":{"line":103,"column":86}},"103":{"start":{"line":104,"column":0},"end":{"line":104,"column":39}},"105":{"start":{"line":106,"column":0},"end":{"line":106,"column":85}},"106":{"start":{"line":107,"column":0},"end":{"line":107,"column":29}},"107":{"start":{"line":108,"column":0},"end":{"line":108,"column":9}},"108":{"start":{"line":109,"column":0},"end":{"line":109,"column":7}},"111":{"start":{"line":112,"column":0},"end":{"line":112,"column":37}},"113":{"start":{"line":114,"column":0},"end":{"line":114,"column":52}},"114":{"start":{"line":115,"column":0},"end":{"line":115,"column":54}},"115":{"start":{"line":116,"column":0},"end":{"line":116,"column":123}},"116":{"start":{"line":117,"column":0},"end":{"line":117,"column":32}},"117":{"start":{"line":118,"column":0},"end":{"line":118,"column":13}},"118":{"start":{"line":119,"column":0},"end":{"line":119,"column":13}},"119":{"start":{"line":120,"column":0},"end":{"line":120,"column":9}},"120":{"start":{"line":121,"column":0},"end":{"line":121,"column":14}},"122":{"start":{"line":123,"column":0},"end":{"line":123,"column":90}},"123":{"start":{"line":124,"column":0},"end":{"line":124,"column":28}},"124":{"start":{"line":125,"column":0},"end":{"line":125,"column":9}},"125":{"start":{"line":126,"column":0},"end":{"line":126,"column":7}},"126":{"start":{"line":127,"column":0},"end":{"line":127,"column":40}},"127":{"start":{"line":128,"column":0},"end":{"line":128,"column":31}},"128":{"start":{"line":129,"column":0},"end":{"line":129,"column":7}},"129":{"start":{"line":130,"column":0},"end":{"line":130,"column":6}},"132":{"start":{"line":133,"column":0},"end":{"line":133,"column":26}},"134":{"start":{"line":135,"column":0},"end":{"line":135,"column":38}},"135":{"start":{"line":136,"column":0},"end":{"line":136,"column":14}},"136":{"start":{"line":137,"column":0},"end":{"line":137,"column":7}},"139":{"start":{"line":140,"column":0},"end":{"line":140,"column":31}},"140":{"start":{"line":141,"column":0},"end":{"line":141,"column":14}},"141":{"start":{"line":142,"column":0},"end":{"line":142,"column":7}},"143":{"start":{"line":144,"column":0},"end":{"line":144,"column":35}},"145":{"start":{"line":146,"column":0},"end":{"line":146,"column":50}},"146":{"start":{"line":147,"column":0},"end":{"line":147,"column":14}},"147":{"start":{"line":148,"column":0},"end":{"line":148,"column":7}},"150":{"start":{"line":151,"column":0},"end":{"line":151,"column":53}},"151":{"start":{"line":152,"column":0},"end":{"line":152,"column":28}},"152":{"start":{"line":153,"column":0},"end":{"line":153,"column":14}},"153":{"start":{"line":154,"column":0},"end":{"line":154,"column":7}},"154":{"start":{"line":155,"column":0},"end":{"line":155,"column":20}},"157":{"start":{"line":158,"column":0},"end":{"line":158,"column":60}},"158":{"start":{"line":159,"column":0},"end":{"line":159,"column":72}},"159":{"start":{"line":160,"column":0},"end":{"line":160,"column":30}},"160":{"start":{"line":161,"column":0},"end":{"line":161,"column":31}},"161":{"start":{"line":162,"column":0},"end":{"line":162,"column":23}},"162":{"start":{"line":163,"column":0},"end":{"line":163,"column":39}},"165":{"start":{"line":166,"column":0},"end":{"line":166,"column":30}},"166":{"start":{"line":167,"column":0},"end":{"line":167,"column":13}},"167":{"start":{"line":168,"column":0},"end":{"line":168,"column":15}},"168":{"start":{"line":169,"column":0},"end":{"line":169,"column":19}},"169":{"start":{"line":170,"column":0},"end":{"line":170,"column":9}},"170":{"start":{"line":171,"column":0},"end":{"line":171,"column":6}},"173":{"start":{"line":174,"column":0},"end":{"line":174,"column":55}},"175":{"start":{"line":176,"column":0},"end":{"line":176,"column":38}},"176":{"start":{"line":177,"column":0},"end":{"line":177,"column":14}},"177":{"start":{"line":178,"column":0},"end":{"line":178,"column":7}},"179":{"start":{"line":180,"column":0},"end":{"line":180,"column":31}},"180":{"start":{"line":181,"column":0},"end":{"line":181,"column":14}},"181":{"start":{"line":182,"column":0},"end":{"line":182,"column":7}},"184":{"start":{"line":185,"column":0},"end":{"line":185,"column":51}},"185":{"start":{"line":186,"column":0},"end":{"line":186,"column":60}},"186":{"start":{"line":187,"column":0},"end":{"line":187,"column":7}},"187":{"start":{"line":188,"column":0},"end":{"line":188,"column":21}},"188":{"start":{"line":189,"column":0},"end":{"line":189,"column":14}},"189":{"start":{"line":190,"column":0},"end":{"line":190,"column":7}},"190":{"start":{"line":191,"column":0},"end":{"line":191,"column":20}},"193":{"start":{"line":194,"column":0},"end":{"line":194,"column":25}},"194":{"start":{"line":195,"column":0},"end":{"line":195,"column":13}},"195":{"start":{"line":196,"column":0},"end":{"line":196,"column":19}},"196":{"start":{"line":197,"column":0},"end":{"line":197,"column":39}},"197":{"start":{"line":198,"column":0},"end":{"line":198,"column":9}},"198":{"start":{"line":199,"column":0},"end":{"line":199,"column":6}},"199":{"start":{"line":200,"column":0},"end":{"line":200,"column":3}},"202":{"start":{"line":203,"column":0},"end":{"line":203,"column":87}},"203":{"start":{"line":204,"column":0},"end":{"line":204,"column":25}},"206":{"start":{"line":207,"column":0},"end":{"line":207,"column":51}},"208":{"start":{"line":209,"column":0},"end":{"line":209,"column":11}},"209":{"start":{"line":210,"column":0},"end":{"line":210,"column":11}},"210":{"start":{"line":211,"column":0},"end":{"line":211,"column":20}},"211":{"start":{"line":212,"column":0},"end":{"line":212,"column":13}},"212":{"start":{"line":213,"column":0},"end":{"line":213,"column":18}},"213":{"start":{"line":214,"column":0},"end":{"line":214,"column":44}},"214":{"start":{"line":215,"column":0},"end":{"line":215,"column":35}},"215":{"start":{"line":216,"column":0},"end":{"line":216,"column":86}},"216":{"start":{"line":217,"column":0},"end":{"line":217,"column":78}},"219":{"start":{"line":220,"column":0},"end":{"line":220,"column":45}},"220":{"start":{"line":221,"column":0},"end":{"line":221,"column":27}},"221":{"start":{"line":222,"column":0},"end":{"line":222,"column":7}},"222":{"start":{"line":223,"column":0},"end":{"line":223,"column":45}},"225":{"start":{"line":226,"column":0},"end":{"line":226,"column":75}},"228":{"start":{"line":229,"column":0},"end":{"line":229,"column":21}},"230":{"start":{"line":231,"column":0},"end":{"line":231,"column":58}},"231":{"start":{"line":232,"column":0},"end":{"line":232,"column":12}},"233":{"start":{"line":234,"column":0},"end":{"line":234,"column":61}},"234":{"start":{"line":235,"column":0},"end":{"line":235,"column":50}},"235":{"start":{"line":236,"column":0},"end":{"line":236,"column":7}},"236":{"start":{"line":237,"column":0},"end":{"line":237,"column":39}},"237":{"start":{"line":238,"column":0},"end":{"line":238,"column":78}},"238":{"start":{"line":239,"column":0},"end":{"line":239,"column":7}},"239":{"start":{"line":240,"column":0},"end":{"line":240,"column":5}},"240":{"start":{"line":241,"column":0},"end":{"line":241,"column":3}},"243":{"start":{"line":244,"column":0},"end":{"line":244,"column":91}},"244":{"start":{"line":245,"column":0},"end":{"line":245,"column":9}},"245":{"start":{"line":246,"column":0},"end":{"line":246,"column":18}},"246":{"start":{"line":247,"column":0},"end":{"line":247,"column":8}},"247":{"start":{"line":248,"column":0},"end":{"line":248,"column":22}},"248":{"start":{"line":249,"column":0},"end":{"line":249,"column":21}},"249":{"start":{"line":250,"column":0},"end":{"line":250,"column":41}},"250":{"start":{"line":251,"column":0},"end":{"line":251,"column":11}},"252":{"start":{"line":253,"column":0},"end":{"line":253,"column":10}},"253":{"start":{"line":254,"column":0},"end":{"line":254,"column":18}},"254":{"start":{"line":255,"column":0},"end":{"line":255,"column":8}},"255":{"start":{"line":256,"column":0},"end":{"line":256,"column":3}},"256":{"start":{"line":257,"column":0},"end":{"line":257,"column":1}}},"s":{"12":1,"13":1,"14":1,"15":1,"16":1,"17":1,"18":1,"19":1,"37":1,"38":8,"39":8,"40":8,"43":8,"44":8,"45":8,"47":8,"48":8,"49":8,"50":8,"51":8,"53":8,"54":8,"55":8,"56":8,"57":8,"59":8,"60":0,"61":0,"62":0,"65":0,"66":0,"67":0,"70":0,"72":0,"73":0,"74":0,"76":0,"77":0,"78":0,"79":0,"80":0,"81":0,"83":0,"84":0,"85":0,"86":0,"89":8,"90":10,"91":7,"92":7,"93":3,"94":10,"95":3,"96":3,"99":0,"100":0,"101":0,"102":10,"103":0,"105":0,"106":0,"107":0,"108":0,"111":0,"113":0,"114":0,"115":0,"116":0,"117":0,"118":0,"119":0,"120":0,"122":0,"123":0,"124":0,"125":0,"126":10,"127":0,"128":0,"129":10,"132":8,"134":11,"135":1,"136":1,"139":11,"140":1,"141":1,"143":9,"145":11,"146":0,"147":0,"150":9,"151":11,"152":0,"153":0,"154":9,"157":9,"158":9,"159":9,"160":9,"161":9,"162":9,"165":9,"166":9,"167":9,"168":9,"169":9,"170":11,"173":8,"175":2,"176":0,"177":0,"179":2,"180":0,"181":0,"184":2,"185":2,"186":2,"187":2,"188":0,"189":0,"190":2,"193":2,"194":2,"195":2,"196":2,"197":2,"198":2,"199":8,"202":8,"203":8,"206":8,"208":3,"209":3,"210":3,"211":3,"212":3,"213":3,"214":3,"215":1,"216":2,"219":3,"220":3,"221":3,"222":3,"225":3,"228":3,"230":1,"231":3,"233":2,"234":2,"235":2,"236":2,"237":2,"238":2,"239":2,"240":3,"243":8,"244":8,"245":8,"246":8,"247":8,"248":8,"249":8,"250":8,"252":8,"253":8,"254":8,"255":8,"256":8},"branchMap":{"0":{"type":"branch","line":38,"loc":{"start":{"line":38,"column":7},"end":{"line":257,"column":1}},"locations":[{"start":{"line":38,"column":7},"end":{"line":257,"column":1}}]},"1":{"type":"branch","line":52,"loc":{"start":{"line":52,"column":6},"end":{"line":52,"column":18}},"locations":[{"start":{"line":52,"column":6},"end":{"line":52,"column":18}}]},"2":{"type":"branch","line":57,"loc":{"start":{"line":57,"column":35},"end":{"line":57,"column":61}},"locations":[{"start":{"line":57,"column":35},"end":{"line":57,"column":61}}]},"3":{"type":"branch","line":207,"loc":{"start":{"line":207,"column":6},"end":{"line":207,"column":31}},"locations":[{"start":{"line":207,"column":6},"end":{"line":207,"column":31}}]},"4":{"type":"branch","line":207,"loc":{"start":{"line":207,"column":20},"end":{"line":207,"column":50}},"locations":[{"start":{"line":207,"column":20},"end":{"line":207,"column":50}}]},"5":{"type":"branch","line":207,"loc":{"start":{"line":207,"column":50},"end":{"line":241,"column":3}},"locations":[{"start":{"line":207,"column":50},"end":{"line":241,"column":3}}]},"6":{"type":"branch","line":215,"loc":{"start":{"line":215,"column":23},"end":{"line":216,"column":86}},"locations":[{"start":{"line":215,"column":23},"end":{"line":216,"column":86}}]},"7":{"type":"branch","line":216,"loc":{"start":{"line":216,"column":15},"end":{"line":216,"column":45}},"locations":[{"start":{"line":216,"column":15},"end":{"line":216,"column":45}}]},"8":{"type":"branch","line":216,"loc":{"start":{"line":216,"column":79},"end":{"line":217,"column":78}},"locations":[{"start":{"line":216,"column":79},"end":{"line":217,"column":78}}]},"9":{"type":"branch","line":217,"loc":{"start":{"line":217,"column":16},"end":{"line":217,"column":46}},"locations":[{"start":{"line":217,"column":16},"end":{"line":217,"column":46}}]},"10":{"type":"branch","line":217,"loc":{"start":{"line":217,"column":40},"end":{"line":217,"column":50}},"locations":[{"start":{"line":217,"column":40},"end":{"line":217,"column":50}}]},"11":{"type":"branch","line":229,"loc":{"start":{"line":229,"column":20},"end":{"line":232,"column":11}},"locations":[{"start":{"line":229,"column":20},"end":{"line":232,"column":11}}]},"12":{"type":"branch","line":232,"loc":{"start":{"line":232,"column":4},"end":{"line":240,"column":5}},"locations":[{"start":{"line":232,"column":4},"end":{"line":240,"column":5}}]},"13":{"type":"branch","line":90,"loc":{"start":{"line":90,"column":4},"end":{"line":130,"column":6}},"locations":[{"start":{"line":90,"column":4},"end":{"line":130,"column":6}}]},"14":{"type":"branch","line":91,"loc":{"start":{"line":91,"column":11},"end":{"line":91,"column":43}},"locations":[{"start":{"line":91,"column":11},"end":{"line":91,"column":43}}]},"15":{"type":"branch","line":91,"loc":{"start":{"line":91,"column":43},"end":{"line":93,"column":7}},"locations":[{"start":{"line":91,"column":43},"end":{"line":93,"column":7}}]},"16":{"type":"branch","line":93,"loc":{"start":{"line":93,"column":6},"end":{"line":95,"column":59}},"locations":[{"start":{"line":93,"column":6},"end":{"line":95,"column":59}}]},"17":{"type":"branch","line":95,"loc":{"start":{"line":95,"column":59},"end":{"line":97,"column":7}},"locations":[{"start":{"line":95,"column":59},"end":{"line":97,"column":7}}]},"18":{"type":"branch","line":97,"loc":{"start":{"line":97,"column":6},"end":{"line":103,"column":85}},"locations":[{"start":{"line":97,"column":6},"end":{"line":103,"column":85}}]},"19":{"type":"branch","line":103,"loc":{"start":{"line":103,"column":85},"end":{"line":127,"column":39}},"locations":[{"start":{"line":103,"column":85},"end":{"line":127,"column":39}}]},"20":{"type":"branch","line":127,"loc":{"start":{"line":127,"column":39},"end":{"line":129,"column":7}},"locations":[{"start":{"line":127,"column":39},"end":{"line":129,"column":7}}]},"21":{"type":"branch","line":133,"loc":{"start":{"line":133,"column":4},"end":{"line":171,"column":6}},"locations":[{"start":{"line":133,"column":4},"end":{"line":171,"column":6}}]},"22":{"type":"branch","line":135,"loc":{"start":{"line":135,"column":37},"end":{"line":137,"column":7}},"locations":[{"start":{"line":135,"column":37},"end":{"line":137,"column":7}}]},"23":{"type":"branch","line":137,"loc":{"start":{"line":137,"column":6},"end":{"line":140,"column":30}},"locations":[{"start":{"line":137,"column":6},"end":{"line":140,"column":30}}]},"24":{"type":"branch","line":140,"loc":{"start":{"line":140,"column":30},"end":{"line":142,"column":7}},"locations":[{"start":{"line":140,"column":30},"end":{"line":142,"column":7}}]},"25":{"type":"branch","line":142,"loc":{"start":{"line":142,"column":6},"end":{"line":146,"column":49}},"locations":[{"start":{"line":142,"column":6},"end":{"line":146,"column":49}}]},"26":{"type":"branch","line":146,"loc":{"start":{"line":146,"column":49},"end":{"line":148,"column":7}},"locations":[{"start":{"line":146,"column":49},"end":{"line":148,"column":7}}]},"27":{"type":"branch","line":148,"loc":{"start":{"line":148,"column":6},"end":{"line":152,"column":27}},"locations":[{"start":{"line":148,"column":6},"end":{"line":152,"column":27}}]},"28":{"type":"branch","line":152,"loc":{"start":{"line":152,"column":27},"end":{"line":154,"column":7}},"locations":[{"start":{"line":152,"column":27},"end":{"line":154,"column":7}}]},"29":{"type":"branch","line":154,"loc":{"start":{"line":154,"column":6},"end":{"line":170,"column":9}},"locations":[{"start":{"line":154,"column":6},"end":{"line":170,"column":9}}]},"30":{"type":"branch","line":158,"loc":{"start":{"line":158,"column":36},"end":{"line":163,"column":9}},"locations":[{"start":{"line":158,"column":36},"end":{"line":163,"column":9}}]},"31":{"type":"branch","line":174,"loc":{"start":{"line":174,"column":4},"end":{"line":199,"column":6}},"locations":[{"start":{"line":174,"column":4},"end":{"line":199,"column":6}}]},"32":{"type":"branch","line":176,"loc":{"start":{"line":176,"column":37},"end":{"line":178,"column":7}},"locations":[{"start":{"line":176,"column":37},"end":{"line":178,"column":7}}]},"33":{"type":"branch","line":180,"loc":{"start":{"line":180,"column":30},"end":{"line":182,"column":7}},"locations":[{"start":{"line":180,"column":30},"end":{"line":182,"column":7}}]},"34":{"type":"branch","line":188,"loc":{"start":{"line":188,"column":20},"end":{"line":190,"column":7}},"locations":[{"start":{"line":188,"column":20},"end":{"line":190,"column":7}}]},"35":{"type":"branch","line":185,"loc":{"start":{"line":185,"column":44},"end":{"line":186,"column":60}},"locations":[{"start":{"line":185,"column":44},"end":{"line":186,"column":60}}]},"36":{"type":"branch","line":235,"loc":{"start":{"line":235,"column":8},"end":{"line":235,"column":50}},"locations":[{"start":{"line":235,"column":8},"end":{"line":235,"column":50}}]}},"b":{"0":[8],"1":[0],"2":[0],"3":[3],"4":[3],"5":[3],"6":[1],"7":[0],"8":[2],"9":[1],"10":[1],"11":[1],"12":[2],"13":[10],"14":[3],"15":[7],"16":[3],"17":[3],"18":[0],"19":[0],"20":[0],"21":[11],"22":[1],"23":[10],"24":[1],"25":[9],"26":[0],"27":[9],"28":[0],"29":[9],"30":[9],"31":[2],"32":[0],"33":[0],"34":[0],"35":[2],"36":[4]},"fnMap":{"0":{"name":"transform","decl":{"start":{"line":38,"column":7},"end":{"line":257,"column":1}},"loc":{"start":{"line":38,"column":7},"end":{"line":257,"column":1}},"line":38},"1":{"name":"ImportDeclaration","decl":{"start":{"line":60,"column":4},"end":{"line":87,"column":6}},"loc":{"start":{"line":60,"column":4},"end":{"line":87,"column":6}},"line":60},"2":{"name":"VariableDeclarator","decl":{"start":{"line":90,"column":4},"end":{"line":130,"column":6}},"loc":{"start":{"line":90,"column":4},"end":{"line":130,"column":6}},"line":90},"3":{"name":"StringLiteral","decl":{"start":{"line":133,"column":4},"end":{"line":171,"column":6}},"loc":{"start":{"line":133,"column":4},"end":{"line":171,"column":6}},"line":133},"4":{"name":"TemplateLiteral","decl":{"start":{"line":174,"column":4},"end":{"line":199,"column":6}},"loc":{"start":{"line":174,"column":4},"end":{"line":199,"column":6}},"line":174}},"f":{"0":8,"1":0,"2":10,"3":11,"4":2}}
,"D:\\Program\\i18n-transformer\\packages\\core\\src\\transformer\\stringLiteral.ts": {"path":"D:\\Program\\i18n-transformer\\packages\\core\\src\\transformer\\stringLiteral.ts","all":false,"statementMap":{"28":{"start":{"line":29,"column":0},"end":{"line":29,"column":8}},"34":{"start":{"line":35,"column":0},"end":{"line":35,"column":68}},"42":{"start":{"line":43,"column":0},"end":{"line":43,"column":55}},"43":{"start":{"line":44,"column":0},"end":{"line":44,"column":41}},"44":{"start":{"line":45,"column":0},"end":{"line":45,"column":54}},"45":{"start":{"line":46,"column":0},"end":{"line":46,"column":58}},"46":{"start":{"line":47,"column":0},"end":{"line":47,"column":64}},"47":{"start":{"line":48,"column":0},"end":{"line":48,"column":5}},"48":{"start":{"line":49,"column":0},"end":{"line":49,"column":1}},"58":{"start":{"line":59,"column":0},"end":{"line":59,"column":47}},"66":{"start":{"line":67,"column":0},"end":{"line":67,"column":42}},"67":{"start":{"line":68,"column":0},"end":{"line":68,"column":64}},"68":{"start":{"line":69,"column":0},"end":{"line":69,"column":45}},"69":{"start":{"line":70,"column":0},"end":{"line":70,"column":74}},"70":{"start":{"line":71,"column":0},"end":{"line":71,"column":5}},"71":{"start":{"line":72,"column":0},"end":{"line":72,"column":25}},"72":{"start":{"line":73,"column":0},"end":{"line":73,"column":7}},"73":{"start":{"line":74,"column":0},"end":{"line":74,"column":15}},"74":{"start":{"line":75,"column":0},"end":{"line":75,"column":25}},"75":{"start":{"line":76,"column":0},"end":{"line":76,"column":14}},"76":{"start":{"line":77,"column":0},"end":{"line":77,"column":9}},"77":{"start":{"line":78,"column":0},"end":{"line":78,"column":10}},"78":{"start":{"line":79,"column":0},"end":{"line":79,"column":4}},"87":{"start":{"line":88,"column":0},"end":{"line":88,"column":43}},"88":{"start":{"line":89,"column":0},"end":{"line":89,"column":64}},"89":{"start":{"line":90,"column":0},"end":{"line":90,"column":45}},"90":{"start":{"line":91,"column":0},"end":{"line":91,"column":74}},"91":{"start":{"line":92,"column":0},"end":{"line":92,"column":5}},"92":{"start":{"line":93,"column":0},"end":{"line":93,"column":25}},"93":{"start":{"line":94,"column":0},"end":{"line":94,"column":7}},"94":{"start":{"line":95,"column":0},"end":{"line":95,"column":15}},"95":{"start":{"line":96,"column":0},"end":{"line":96,"column":25}},"96":{"start":{"line":97,"column":0},"end":{"line":97,"column":14}},"97":{"start":{"line":98,"column":0},"end":{"line":98,"column":9}},"98":{"start":{"line":99,"column":0},"end":{"line":99,"column":10}},"99":{"start":{"line":100,"column":0},"end":{"line":100,"column":4}},"109":{"start":{"line":110,"column":0},"end":{"line":110,"column":44}},"110":{"start":{"line":111,"column":0},"end":{"line":111,"column":49}},"111":{"start":{"line":112,"column":0},"end":{"line":112,"column":44}},"112":{"start":{"line":113,"column":0},"end":{"line":113,"column":76}},"113":{"start":{"line":114,"column":0},"end":{"line":114,"column":5}},"114":{"start":{"line":115,"column":0},"end":{"line":115,"column":25}},"115":{"start":{"line":116,"column":0},"end":{"line":116,"column":7}},"116":{"start":{"line":117,"column":0},"end":{"line":117,"column":15}},"117":{"start":{"line":118,"column":0},"end":{"line":118,"column":24}},"118":{"start":{"line":119,"column":0},"end":{"line":119,"column":14}},"119":{"start":{"line":120,"column":0},"end":{"line":120,"column":9}},"120":{"start":{"line":121,"column":0},"end":{"line":121,"column":10}},"121":{"start":{"line":122,"column":0},"end":{"line":122,"column":4}},"130":{"start":{"line":131,"column":0},"end":{"line":131,"column":34}},"131":{"start":{"line":132,"column":0},"end":{"line":132,"column":52}},"132":{"start":{"line":133,"column":0},"end":{"line":133,"column":12}},"133":{"start":{"line":134,"column":0},"end":{"line":134,"column":13}},"134":{"start":{"line":135,"column":0},"end":{"line":135,"column":18}},"135":{"start":{"line":136,"column":0},"end":{"line":136,"column":5}},"136":{"start":{"line":137,"column":0},"end":{"line":137,"column":4}},"145":{"start":{"line":146,"column":0},"end":{"line":146,"column":45}},"146":{"start":{"line":147,"column":0},"end":{"line":147,"column":50}},"147":{"start":{"line":148,"column":0},"end":{"line":148,"column":91}},"148":{"start":{"line":149,"column":0},"end":{"line":149,"column":14}},"149":{"start":{"line":150,"column":0},"end":{"line":150,"column":13}},"150":{"start":{"line":151,"column":0},"end":{"line":151,"column":12}},"151":{"start":{"line":152,"column":0},"end":{"line":152,"column":13}},"152":{"start":{"line":153,"column":0},"end":{"line":153,"column":10}},"153":{"start":{"line":154,"column":0},"end":{"line":154,"column":5}},"154":{"start":{"line":155,"column":0},"end":{"line":155,"column":4}},"163":{"start":{"line":164,"column":0},"end":{"line":164,"column":30}},"164":{"start":{"line":165,"column":0},"end":{"line":165,"column":48}},"165":{"start":{"line":166,"column":0},"end":{"line":166,"column":12}},"166":{"start":{"line":167,"column":0},"end":{"line":167,"column":13}},"167":{"start":{"line":168,"column":0},"end":{"line":168,"column":19}},"168":{"start":{"line":169,"column":0},"end":{"line":169,"column":5}},"169":{"start":{"line":170,"column":0},"end":{"line":170,"column":4}},"178":{"start":{"line":179,"column":0},"end":{"line":179,"column":50}},"179":{"start":{"line":180,"column":0},"end":{"line":180,"column":55}},"180":{"start":{"line":181,"column":0},"end":{"line":181,"column":33}},"181":{"start":{"line":182,"column":0},"end":{"line":182,"column":84}},"182":{"start":{"line":183,"column":0},"end":{"line":183,"column":18}},"183":{"start":{"line":184,"column":0},"end":{"line":184,"column":103}},"184":{"start":{"line":185,"column":0},"end":{"line":185,"column":24}},"185":{"start":{"line":186,"column":0},"end":{"line":186,"column":101}},"186":{"start":{"line":187,"column":0},"end":{"line":187,"column":23}},"187":{"start":{"line":188,"column":0},"end":{"line":188,"column":5}},"188":{"start":{"line":189,"column":0},"end":{"line":189,"column":16}},"189":{"start":{"line":190,"column":0},"end":{"line":190,"column":7}},"190":{"start":{"line":191,"column":0},"end":{"line":191,"column":15}},"191":{"start":{"line":192,"column":0},"end":{"line":192,"column":12}},"192":{"start":{"line":193,"column":0},"end":{"line":193,"column":9}},"193":{"start":{"line":194,"column":0},"end":{"line":194,"column":10}},"194":{"start":{"line":195,"column":0},"end":{"line":195,"column":4}},"203":{"start":{"line":204,"column":0},"end":{"line":204,"column":46}},"204":{"start":{"line":205,"column":0},"end":{"line":205,"column":51}},"205":{"start":{"line":206,"column":0},"end":{"line":206,"column":91}},"206":{"start":{"line":207,"column":0},"end":{"line":207,"column":14}},"207":{"start":{"line":208,"column":0},"end":{"line":208,"column":13}},"208":{"start":{"line":209,"column":0},"end":{"line":209,"column":12}},"209":{"start":{"line":210,"column":0},"end":{"line":210,"column":13}},"210":{"start":{"line":211,"column":0},"end":{"line":211,"column":10}},"211":{"start":{"line":212,"column":0},"end":{"line":212,"column":5}},"212":{"start":{"line":213,"column":0},"end":{"line":213,"column":4}},"221":{"start":{"line":222,"column":0},"end":{"line":222,"column":31}},"222":{"start":{"line":223,"column":0},"end":{"line":223,"column":49}},"223":{"start":{"line":224,"column":0},"end":{"line":224,"column":12}},"224":{"start":{"line":225,"column":0},"end":{"line":225,"column":13}},"225":{"start":{"line":226,"column":0},"end":{"line":226,"column":22}},"226":{"start":{"line":227,"column":0},"end":{"line":227,"column":5}},"227":{"start":{"line":228,"column":0},"end":{"line":228,"column":4}},"236":{"start":{"line":237,"column":0},"end":{"line":237,"column":46}},"237":{"start":{"line":238,"column":0},"end":{"line":238,"column":51}},"238":{"start":{"line":239,"column":0},"end":{"line":239,"column":88}},"239":{"start":{"line":240,"column":0},"end":{"line":240,"column":7}},"240":{"start":{"line":241,"column":0},"end":{"line":241,"column":15}},"241":{"start":{"line":242,"column":0},"end":{"line":242,"column":21}},"242":{"start":{"line":243,"column":0},"end":{"line":243,"column":9}},"243":{"start":{"line":244,"column":0},"end":{"line":244,"column":10}},"244":{"start":{"line":245,"column":0},"end":{"line":245,"column":4}},"245":{"start":{"line":246,"column":0},"end":{"line":246,"column":1}},"251":{"start":{"line":252,"column":0},"end":{"line":252,"column":40}},"252":{"start":{"line":253,"column":0},"end":{"line":253,"column":7}},"253":{"start":{"line":254,"column":0},"end":{"line":254,"column":9}},"254":{"start":{"line":255,"column":0},"end":{"line":255,"column":13}},"255":{"start":{"line":256,"column":0},"end":{"line":256,"column":42}},"256":{"start":{"line":257,"column":0},"end":{"line":257,"column":28}},"257":{"start":{"line":258,"column":0},"end":{"line":258,"column":10}},"258":{"start":{"line":259,"column":0},"end":{"line":259,"column":3}},"260":{"start":{"line":261,"column":0},"end":{"line":261,"column":29}},"261":{"start":{"line":262,"column":0},"end":{"line":262,"column":13}},"262":{"start":{"line":263,"column":0},"end":{"line":263,"column":10}},"263":{"start":{"line":264,"column":0},"end":{"line":264,"column":3}},"265":{"start":{"line":266,"column":0},"end":{"line":266,"column":38}},"266":{"start":{"line":267,"column":0},"end":{"line":267,"column":20}},"267":{"start":{"line":268,"column":0},"end":{"line":268,"column":10}},"268":{"start":{"line":269,"column":0},"end":{"line":269,"column":3}},"271":{"start":{"line":272,"column":0},"end":{"line":272,"column":38}},"272":{"start":{"line":273,"column":0},"end":{"line":273,"column":17}},"273":{"start":{"line":274,"column":0},"end":{"line":274,"column":10}},"274":{"start":{"line":275,"column":0},"end":{"line":275,"column":3}},"277":{"start":{"line":278,"column":0},"end":{"line":278,"column":38}},"278":{"start":{"line":279,"column":0},"end":{"line":279,"column":18}},"279":{"start":{"line":280,"column":0},"end":{"line":280,"column":10}},"280":{"start":{"line":281,"column":0},"end":{"line":281,"column":3}},"283":{"start":{"line":284,"column":0},"end":{"line":284,"column":50}},"284":{"start":{"line":285,"column":0},"end":{"line":285,"column":56}},"287":{"start":{"line":288,"column":0},"end":{"line":288,"column":63}},"288":{"start":{"line":289,"column":0},"end":{"line":289,"column":34}},"291":{"start":{"line":292,"column":0},"end":{"line":292,"column":30}},"292":{"start":{"line":293,"column":0},"end":{"line":293,"column":65}},"293":{"start":{"line":294,"column":0},"end":{"line":294,"column":5}},"296":{"start":{"line":297,"column":0},"end":{"line":297,"column":68}},"297":{"start":{"line":298,"column":0},"end":{"line":298,"column":19}},"298":{"start":{"line":299,"column":0},"end":{"line":299,"column":17}},"299":{"start":{"line":300,"column":0},"end":{"line":300,"column":49}},"300":{"start":{"line":301,"column":0},"end":{"line":301,"column":64}},"301":{"start":{"line":302,"column":0},"end":{"line":302,"column":12}},"302":{"start":{"line":303,"column":0},"end":{"line":303,"column":7}},"303":{"start":{"line":304,"column":0},"end":{"line":304,"column":5}},"306":{"start":{"line":307,"column":0},"end":{"line":307,"column":42}},"307":{"start":{"line":308,"column":0},"end":{"line":308,"column":65}},"308":{"start":{"line":309,"column":0},"end":{"line":309,"column":5}},"311":{"start":{"line":312,"column":0},"end":{"line":312,"column":40}},"312":{"start":{"line":313,"column":0},"end":{"line":313,"column":72}},"313":{"start":{"line":314,"column":0},"end":{"line":314,"column":14}},"315":{"start":{"line":316,"column":0},"end":{"line":316,"column":37}},"316":{"start":{"line":317,"column":0},"end":{"line":317,"column":10}},"318":{"start":{"line":319,"column":0},"end":{"line":319,"column":62}},"319":{"start":{"line":320,"column":0},"end":{"line":320,"column":50}},"320":{"start":{"line":321,"column":0},"end":{"line":321,"column":7}},"321":{"start":{"line":322,"column":0},"end":{"line":322,"column":36}},"322":{"start":{"line":323,"column":0},"end":{"line":323,"column":3}},"323":{"start":{"line":324,"column":0},"end":{"line":324,"column":1}},"325":{"start":{"line":326,"column":0},"end":{"line":326,"column":74}},"326":{"start":{"line":327,"column":0},"end":{"line":327,"column":9}},"327":{"start":{"line":328,"column":0},"end":{"line":328,"column":11}},"328":{"start":{"line":329,"column":0},"end":{"line":329,"column":8}},"329":{"start":{"line":330,"column":0},"end":{"line":330,"column":10}},"330":{"start":{"line":331,"column":0},"end":{"line":331,"column":14}},"332":{"start":{"line":333,"column":0},"end":{"line":333,"column":34}},"333":{"start":{"line":334,"column":0},"end":{"line":334,"column":26}},"334":{"start":{"line":335,"column":0},"end":{"line":335,"column":28}},"335":{"start":{"line":336,"column":0},"end":{"line":336,"column":27}},"336":{"start":{"line":337,"column":0},"end":{"line":337,"column":41}},"337":{"start":{"line":338,"column":0},"end":{"line":338,"column":13}},"338":{"start":{"line":339,"column":0},"end":{"line":339,"column":29}},"339":{"start":{"line":340,"column":0},"end":{"line":340,"column":40}},"340":{"start":{"line":341,"column":0},"end":{"line":341,"column":13}},"341":{"start":{"line":342,"column":0},"end":{"line":342,"column":5}},"342":{"start":{"line":343,"column":0},"end":{"line":343,"column":10}},"343":{"start":{"line":344,"column":0},"end":{"line":344,"column":26}},"344":{"start":{"line":345,"column":0},"end":{"line":345,"column":32}},"345":{"start":{"line":346,"column":0},"end":{"line":346,"column":29}},"346":{"start":{"line":347,"column":0},"end":{"line":347,"column":13}},"347":{"start":{"line":348,"column":0},"end":{"line":348,"column":30}},"348":{"start":{"line":349,"column":0},"end":{"line":349,"column":31}},"349":{"start":{"line":350,"column":0},"end":{"line":350,"column":27}},"350":{"start":{"line":351,"column":0},"end":{"line":351,"column":31}},"351":{"start":{"line":352,"column":0},"end":{"line":352,"column":28}},"352":{"start":{"line":353,"column":0},"end":{"line":353,"column":32}},"353":{"start":{"line":354,"column":0},"end":{"line":354,"column":13}},"354":{"start":{"line":355,"column":0},"end":{"line":355,"column":28}},"355":{"start":{"line":356,"column":0},"end":{"line":356,"column":30}},"356":{"start":{"line":357,"column":0},"end":{"line":357,"column":13}},"357":{"start":{"line":358,"column":0},"end":{"line":358,"column":35}},"358":{"start":{"line":359,"column":0},"end":{"line":359,"column":27}},"359":{"start":{"line":360,"column":0},"end":{"line":360,"column":31}},"360":{"start":{"line":361,"column":0},"end":{"line":361,"column":33}},"361":{"start":{"line":362,"column":0},"end":{"line":362,"column":37}},"362":{"start":{"line":363,"column":0},"end":{"line":363,"column":32}},"363":{"start":{"line":364,"column":0},"end":{"line":364,"column":36}},"364":{"start":{"line":365,"column":0},"end":{"line":365,"column":13}},"365":{"start":{"line":366,"column":0},"end":{"line":366,"column":29}},"366":{"start":{"line":367,"column":0},"end":{"line":367,"column":33}},"367":{"start":{"line":368,"column":0},"end":{"line":368,"column":13}},"368":{"start":{"line":369,"column":0},"end":{"line":369,"column":31}},"369":{"start":{"line":370,"column":0},"end":{"line":370,"column":30}},"370":{"start":{"line":371,"column":0},"end":{"line":371,"column":13}},"371":{"start":{"line":372,"column":0},"end":{"line":372,"column":5}},"372":{"start":{"line":373,"column":0},"end":{"line":373,"column":3}},"373":{"start":{"line":374,"column":0},"end":{"line":374,"column":1}}},"s":{"28":1,"34":1,"42":1,"43":13,"44":14,"45":14,"46":14,"47":13,"48":13,"58":1,"66":1,"67":0,"68":0,"69":0,"70":0,"71":0,"72":0,"73":0,"74":0,"75":0,"76":0,"77":0,"78":0,"87":1,"88":3,"89":3,"90":3,"91":3,"92":3,"93":3,"94":3,"95":3,"96":3,"97":3,"98":0,"99":3,"109":1,"110":2,"111":2,"112":2,"113":2,"114":2,"115":2,"116":2,"117":2,"118":2,"119":2,"120":0,"121":2,"130":1,"131":9,"132":9,"133":9,"134":9,"135":9,"136":9,"145":1,"146":0,"147":0,"148":0,"149":0,"150":0,"151":0,"152":0,"153":0,"154":0,"163":1,"164":1,"165":1,"166":1,"167":1,"168":1,"169":1,"178":1,"179":2,"180":2,"181":2,"182":0,"183":2,"184":1,"185":1,"186":1,"187":1,"188":2,"189":2,"190":2,"191":2,"192":2,"193":0,"194":2,"203":1,"204":0,"205":0,"206":0,"207":0,"208":0,"209":0,"210":0,"211":0,"212":0,"221":1,"222":0,"223":0,"224":0,"225":0,"226":0,"227":0,"236":1,"237":0,"238":0,"239":0,"240":0,"241":0,"242":0,"243":0,"244":0,"245":1,"251":1,"252":17,"253":17,"254":17,"255":17,"256":17,"257":0,"258":0,"260":17,"261":17,"262":0,"263":0,"265":17,"266":17,"267":0,"268":0,"271":17,"272":17,"273":0,"274":0,"277":17,"278":17,"279":0,"280":0,"283":17,"284":17,"287":17,"288":1,"291":1,"292":1,"293":1,"296":1,"297":1,"298":1,"299":1,"300":1,"301":1,"302":1,"303":1,"306":1,"307":1,"308":1,"311":1,"312":1,"313":0,"315":1,"316":17,"318":16,"319":16,"320":16,"321":16,"322":16,"323":17,"325":17,"326":17,"327":17,"328":17,"329":17,"330":17,"332":17,"333":5,"334":5,"335":5,"336":3,"337":3,"338":5,"339":2,"340":2,"341":5,"342":17,"343":12,"344":12,"345":9,"346":9,"347":12,"348":12,"349":0,"350":0,"351":0,"352":0,"353":0,"354":12,"355":1,"356":1,"357":12,"358":2,"359":2,"360":2,"361":2,"362":2,"363":2,"364":2,"365":12,"366":0,"367":0,"368":12,"369":0,"370":0,"371":12,"372":12,"373":17},"branchMap":{"0":{"type":"branch","line":43,"loc":{"start":{"line":43,"column":7},"end":{"line":49,"column":1}},"locations":[{"start":{"line":43,"column":7},"end":{"line":49,"column":1}}]},"1":{"type":"branch","line":44,"loc":{"start":{"line":44,"column":30},"end":{"line":48,"column":4}},"locations":[{"start":{"line":44,"column":30},"end":{"line":48,"column":4}}]},"2":{"type":"branch","line":88,"loc":{"start":{"line":88,"column":18},"end":{"line":100,"column":4}},"locations":[{"start":{"line":88,"column":18},"end":{"line":100,"column":4}}]},"3":{"type":"branch","line":98,"loc":{"start":{"line":98,"column":6},"end":{"line":99,"column":10}},"locations":[{"start":{"line":98,"column":6},"end":{"line":99,"column":10}}]},"4":{"type":"branch","line":91,"loc":{"start":{"line":91,"column":6},"end":{"line":91,"column":74}},"locations":[{"start":{"line":91,"column":6},"end":{"line":91,"column":74}}]},"5":{"type":"branch","line":110,"loc":{"start":{"line":110,"column":19},"end":{"line":122,"column":4}},"locations":[{"start":{"line":110,"column":19},"end":{"line":122,"column":4}}]},"6":{"type":"branch","line":120,"loc":{"start":{"line":120,"column":6},"end":{"line":121,"column":10}},"locations":[{"start":{"line":120,"column":6},"end":{"line":121,"column":10}}]},"7":{"type":"branch","line":113,"loc":{"start":{"line":113,"column":6},"end":{"line":113,"column":76}},"locations":[{"start":{"line":113,"column":6},"end":{"line":113,"column":76}}]},"8":{"type":"branch","line":113,"loc":{"start":{"line":113,"column":29},"end":{"line":113,"column":76}},"locations":[{"start":{"line":113,"column":29},"end":{"line":113,"column":76}}]},"9":{"type":"branch","line":131,"loc":{"start":{"line":131,"column":22},"end":{"line":137,"column":4}},"locations":[{"start":{"line":131,"column":22},"end":{"line":137,"column":4}}]},"10":{"type":"branch","line":164,"loc":{"start":{"line":164,"column":18},"end":{"line":170,"column":4}},"locations":[{"start":{"line":164,"column":18},"end":{"line":170,"column":4}}]},"11":{"type":"branch","line":179,"loc":{"start":{"line":179,"column":25},"end":{"line":195,"column":4}},"locations":[{"start":{"line":179,"column":25},"end":{"line":195,"column":4}}]},"12":{"type":"branch","line":182,"loc":{"start":{"line":182,"column":29},"end":{"line":182,"column":83}},"locations":[{"start":{"line":182,"column":29},"end":{"line":182,"column":83}}]},"13":{"type":"branch","line":182,"loc":{"start":{"line":182,"column":83},"end":{"line":184,"column":15}},"locations":[{"start":{"line":182,"column":83},"end":{"line":184,"column":15}}]},"14":{"type":"branch","line":184,"loc":{"start":{"line":184,"column":42},"end":{"line":184,"column":102}},"locations":[{"start":{"line":184,"column":42},"end":{"line":184,"column":102}}]},"15":{"type":"branch","line":184,"loc":{"start":{"line":184,"column":102},"end":{"line":188,"column":5}},"locations":[{"start":{"line":184,"column":102},"end":{"line":188,"column":5}}]},"16":{"type":"branch","line":193,"loc":{"start":{"line":193,"column":6},"end":{"line":194,"column":10}},"locations":[{"start":{"line":193,"column":6},"end":{"line":194,"column":10}}]},"17":{"type":"branch","line":252,"loc":{"start":{"line":252,"column":7},"end":{"line":324,"column":1}},"locations":[{"start":{"line":252,"column":7},"end":{"line":324,"column":1}}]},"18":{"type":"branch","line":257,"loc":{"start":{"line":257,"column":27},"end":{"line":259,"column":3}},"locations":[{"start":{"line":257,"column":27},"end":{"line":259,"column":3}}]},"19":{"type":"branch","line":262,"loc":{"start":{"line":262,"column":12},"end":{"line":264,"column":3}},"locations":[{"start":{"line":262,"column":12},"end":{"line":264,"column":3}}]},"20":{"type":"branch","line":267,"loc":{"start":{"line":267,"column":19},"end":{"line":269,"column":3}},"locations":[{"start":{"line":267,"column":19},"end":{"line":269,"column":3}}]},"21":{"type":"branch","line":273,"loc":{"start":{"line":273,"column":16},"end":{"line":275,"column":3}},"locations":[{"start":{"line":273,"column":16},"end":{"line":275,"column":3}}]},"22":{"type":"branch","line":279,"loc":{"start":{"line":279,"column":17},"end":{"line":281,"column":3}},"locations":[{"start":{"line":279,"column":17},"end":{"line":281,"column":3}}]},"23":{"type":"branch","line":288,"loc":{"start":{"line":288,"column":24},"end":{"line":288,"column":62}},"locations":[{"start":{"line":288,"column":24},"end":{"line":288,"column":62}}]},"24":{"type":"branch","line":288,"loc":{"start":{"line":288,"column":62},"end":{"line":317,"column":9}},"locations":[{"start":{"line":288,"column":62},"end":{"line":317,"column":9}}]},"25":{"type":"branch","line":301,"loc":{"start":{"line":301,"column":39},"end":{"line":301,"column":62}},"locations":[{"start":{"line":301,"column":39},"end":{"line":301,"column":62}}]},"26":{"type":"branch","line":313,"loc":{"start":{"line":313,"column":69},"end":{"line":314,"column":14}},"locations":[{"start":{"line":313,"column":69},"end":{"line":314,"column":14}}]},"27":{"type":"branch","line":317,"loc":{"start":{"line":317,"column":2},"end":{"line":323,"column":3}},"locations":[{"start":{"line":317,"column":2},"end":{"line":323,"column":3}}]},"28":{"type":"branch","line":320,"loc":{"start":{"line":320,"column":30},"end":{"line":320,"column":48}},"locations":[{"start":{"line":320,"column":30},"end":{"line":320,"column":48}}]},"29":{"type":"branch","line":313,"loc":{"start":{"line":313,"column":19},"end":{"line":313,"column":69}},"locations":[{"start":{"line":313,"column":19},"end":{"line":313,"column":69}}]},"30":{"type":"branch","line":326,"loc":{"start":{"line":326,"column":0},"end":{"line":374,"column":1}},"locations":[{"start":{"line":326,"column":0},"end":{"line":374,"column":1}}]},"31":{"type":"branch","line":333,"loc":{"start":{"line":333,"column":33},"end":{"line":343,"column":9}},"locations":[{"start":{"line":333,"column":33},"end":{"line":343,"column":9}}]},"32":{"type":"branch","line":335,"loc":{"start":{"line":335,"column":6},"end":{"line":335,"column":28}},"locations":[{"start":{"line":335,"column":6},"end":{"line":335,"column":28}}]},"33":{"type":"branch","line":336,"loc":{"start":{"line":336,"column":6},"end":{"line":338,"column":13}},"locations":[{"start":{"line":336,"column":6},"end":{"line":338,"column":13}}]},"34":{"type":"branch","line":339,"loc":{"start":{"line":339,"column":6},"end":{"line":341,"column":13}},"locations":[{"start":{"line":339,"column":6},"end":{"line":341,"column":13}}]},"35":{"type":"branch","line":343,"loc":{"start":{"line":343,"column":2},"end":{"line":373,"column":3}},"locations":[{"start":{"line":343,"column":2},"end":{"line":373,"column":3}}]},"36":{"type":"branch","line":345,"loc":{"start":{"line":345,"column":6},"end":{"line":347,"column":13}},"locations":[{"start":{"line":345,"column":6},"end":{"line":347,"column":13}}]},"37":{"type":"branch","line":348,"loc":{"start":{"line":348,"column":6},"end":{"line":348,"column":30}},"locations":[{"start":{"line":348,"column":6},"end":{"line":348,"column":30}}]},"38":{"type":"branch","line":349,"loc":{"start":{"line":349,"column":6},"end":{"line":354,"column":13}},"locations":[{"start":{"line":349,"column":6},"end":{"line":354,"column":13}}]},"39":{"type":"branch","line":355,"loc":{"start":{"line":355,"column":6},"end":{"line":357,"column":13}},"locations":[{"start":{"line":355,"column":6},"end":{"line":357,"column":13}}]},"40":{"type":"branch","line":358,"loc":{"start":{"line":358,"column":6},"end":{"line":365,"column":13}},"locations":[{"start":{"line":358,"column":6},"end":{"line":365,"column":13}}]},"41":{"type":"branch","line":360,"loc":{"start":{"line":360,"column":10},"end":{"line":360,"column":31}},"locations":[{"start":{"line":360,"column":10},"end":{"line":360,"column":31}}]},"42":{"type":"branch","line":362,"loc":{"start":{"line":362,"column":10},"end":{"line":362,"column":37}},"locations":[{"start":{"line":362,"column":10},"end":{"line":362,"column":37}}]},"43":{"type":"branch","line":364,"loc":{"start":{"line":364,"column":10},"end":{"line":364,"column":36}},"locations":[{"start":{"line":364,"column":10},"end":{"line":364,"column":36}}]},"44":{"type":"branch","line":366,"loc":{"start":{"line":366,"column":6},"end":{"line":368,"column":13}},"locations":[{"start":{"line":366,"column":6},"end":{"line":368,"column":13}}]},"45":{"type":"branch","line":369,"loc":{"start":{"line":369,"column":6},"end":{"line":371,"column":13}},"locations":[{"start":{"line":369,"column":6},"end":{"line":371,"column":13}}]}},"b":{"0":[13],"1":[14],"2":[3],"3":[0],"4":[3],"5":[2],"6":[0],"7":[3],"8":[2],"9":[9],"10":[1],"11":[2],"12":[0],"13":[0],"14":[1],"15":[1],"16":[0],"17":[17],"18":[0],"19":[0],"20":[0],"21":[0],"22":[0],"23":[16],"24":[1],"25":[0],"26":[0],"27":[16],"28":[0],"29":[2],"30":[17],"31":[5],"32":[3],"33":[3],"34":[2],"35":[12],"36":[9],"37":[0],"38":[0],"39":[1],"40":[2],"41":[0],"42":[1],"43":[1],"44":[0],"45":[0]},"fnMap":{"0":{"name":"extractLocalizedStrings","decl":{"start":{"line":43,"column":7},"end":{"line":49,"column":1}},"loc":{"start":{"line":43,"column":7},"end":{"line":49,"column":1}},"line":43},"1":{"name":"NewExpression","decl":{"start":{"line":67,"column":17},"end":{"line":79,"column":4}},"loc":{"start":{"line":67,"column":17},"end":{"line":79,"column":4}},"line":67},"2":{"name":"CallExpression","decl":{"start":{"line":88,"column":18},"end":{"line":100,"column":4}},"loc":{"start":{"line":88,"column":18},"end":{"line":100,"column":4}},"line":88},"3":{"name":"ArrayExpression","decl":{"start":{"line":110,"column":19},"end":{"line":122,"column":4}},"loc":{"start":{"line":110,"column":19},"end":{"line":122,"column":4}},"line":110},"4":{"name":"VariableDeclarator","decl":{"start":{"line":131,"column":22},"end":{"line":137,"column":4}},"loc":{"start":{"line":131,"column":22},"end":{"line":137,"column":4}},"line":131},"5":{"name":"BinaryExpression","decl":{"start":{"line":146,"column":20},"end":{"line":155,"column":4}},"loc":{"start":{"line":146,"column":20},"end":{"line":155,"column":4}},"line":146},"6":{"name":"ObjectProperty","decl":{"start":{"line":164,"column":18},"end":{"line":170,"column":4}},"loc":{"start":{"line":164,"column":18},"end":{"line":170,"column":4}},"line":164},"7":{"name":"ConditionalExpression","decl":{"start":{"line":179,"column":25},"end":{"line":195,"column":4}},"loc":{"start":{"line":179,"column":25},"end":{"line":195,"column":4}},"line":179},"8":{"name":"LogicalExpression","decl":{"start":{"line":204,"column":21},"end":{"line":213,"column":4}},"loc":{"start":{"line":204,"column":21},"end":{"line":213,"column":4}},"line":204},"9":{"name":"ReturnStatement","decl":{"start":{"line":222,"column":19},"end":{"line":228,"column":4}},"loc":{"start":{"line":222,"column":19},"end":{"line":228,"column":4}},"line":222},"10":{"name":"AssignmentPattern","decl":{"start":{"line":237,"column":21},"end":{"line":245,"column":4}},"loc":{"start":{"line":237,"column":21},"end":{"line":245,"column":4}},"line":237},"11":{"name":"transformStringLiteral","decl":{"start":{"line":252,"column":7},"end":{"line":324,"column":1}},"loc":{"start":{"line":252,"column":7},"end":{"line":324,"column":1}},"line":252},"12":{"name":"replaceNode","decl":{"start":{"line":326,"column":0},"end":{"line":374,"column":1}},"loc":{"start":{"line":326,"column":0},"end":{"line":374,"column":1}},"line":326}},"f":{"0":13,"1":0,"2":3,"3":2,"4":9,"5":0,"6":1,"7":2,"8":0,"9":0,"10":0,"11":17,"12":17}}
,"D:\\Program\\i18n-transformer\\packages\\core\\src\\transformer\\templateLiteral.ts": {"path":"D:\\Program\\i18n-transformer\\packages\\core\\src\\transformer\\templateLiteral.ts","all":false,"statementMap":{"9":{"start":{"line":10,"column":0},"end":{"line":10,"column":8}},"16":{"start":{"line":17,"column":0},"end":{"line":17,"column":43}},"21":{"start":{"line":22,"column":0},"end":{"line":22,"column":35}},"22":{"start":{"line":23,"column":0},"end":{"line":23,"column":7}},"23":{"start":{"line":24,"column":0},"end":{"line":24,"column":13}},"24":{"start":{"line":25,"column":0},"end":{"line":25,"column":14}},"25":{"start":{"line":26,"column":0},"end":{"line":26,"column":4}},"29":{"start":{"line":30,"column":0},"end":{"line":30,"column":11}},"30":{"start":{"line":31,"column":0},"end":{"line":31,"column":28}},"31":{"start":{"line":32,"column":0},"end":{"line":32,"column":10}},"32":{"start":{"line":33,"column":0},"end":{"line":33,"column":3}},"35":{"start":{"line":36,"column":0},"end":{"line":36,"column":49}},"37":{"start":{"line":38,"column":0},"end":{"line":38,"column":39}},"40":{"start":{"line":41,"column":0},"end":{"line":41,"column":37}},"41":{"start":{"line":42,"column":0},"end":{"line":42,"column":10}},"42":{"start":{"line":43,"column":0},"end":{"line":43,"column":3}},"45":{"start":{"line":46,"column":0},"end":{"line":46,"column":33}},"46":{"start":{"line":47,"column":0},"end":{"line":47,"column":68}},"47":{"start":{"line":48,"column":0},"end":{"line":48,"column":60}},"48":{"start":{"line":49,"column":0},"end":{"line":49,"column":62}},"49":{"start":{"line":50,"column":0},"end":{"line":50,"column":26}},"50":{"start":{"line":51,"column":0},"end":{"line":51,"column":7}},"51":{"start":{"line":52,"column":0},"end":{"line":52,"column":31}},"52":{"start":{"line":53,"column":0},"end":{"line":53,"column":10}},"53":{"start":{"line":54,"column":0},"end":{"line":54,"column":3}},"57":{"start":{"line":58,"column":0},"end":{"line":58,"column":56}},"58":{"start":{"line":59,"column":0},"end":{"line":59,"column":37}},"59":{"start":{"line":60,"column":0},"end":{"line":60,"column":26}},"60":{"start":{"line":61,"column":0},"end":{"line":61,"column":27}},"61":{"start":{"line":62,"column":0},"end":{"line":62,"column":25}},"62":{"start":{"line":63,"column":0},"end":{"line":63,"column":5}},"63":{"start":{"line":64,"column":0},"end":{"line":64,"column":5}},"66":{"start":{"line":67,"column":0},"end":{"line":67,"column":31}},"67":{"start":{"line":68,"column":0},"end":{"line":68,"column":31}},"68":{"start":{"line":69,"column":0},"end":{"line":69,"column":67}},"69":{"start":{"line":70,"column":0},"end":{"line":70,"column":43}},"70":{"start":{"line":71,"column":0},"end":{"line":71,"column":7}},"71":{"start":{"line":72,"column":0},"end":{"line":72,"column":14}},"72":{"start":{"line":73,"column":0},"end":{"line":73,"column":68}},"76":{"start":{"line":77,"column":0},"end":{"line":77,"column":60}},"77":{"start":{"line":78,"column":0},"end":{"line":78,"column":24}},"78":{"start":{"line":79,"column":0},"end":{"line":79,"column":34}},"79":{"start":{"line":80,"column":0},"end":{"line":80,"column":5}},"82":{"start":{"line":83,"column":0},"end":{"line":83,"column":29}},"83":{"start":{"line":84,"column":0},"end":{"line":84,"column":1}}},"s":{"9":1,"16":1,"21":1,"22":11,"23":11,"24":11,"25":11,"29":11,"30":11,"31":1,"32":1,"35":11,"37":11,"40":11,"41":0,"42":0,"45":11,"46":2,"47":2,"48":2,"49":2,"50":2,"51":2,"52":2,"53":2,"57":8,"58":11,"59":11,"60":11,"61":11,"62":11,"63":8,"66":8,"67":8,"68":19,"69":19,"70":8,"71":8,"72":8,"76":8,"77":8,"78":8,"79":8,"82":8,"83":8},"branchMap":{"0":{"type":"branch","line":22,"loc":{"start":{"line":22,"column":7},"end":{"line":84,"column":1}},"locations":[{"start":{"line":22,"column":7},"end":{"line":84,"column":1}}]},"1":{"type":"branch","line":31,"loc":{"start":{"line":31,"column":7},"end":{"line":31,"column":27}},"locations":[{"start":{"line":31,"column":7},"end":{"line":31,"column":27}}]},"2":{"type":"branch","line":31,"loc":{"start":{"line":31,"column":27},"end":{"line":33,"column":3}},"locations":[{"start":{"line":31,"column":27},"end":{"line":33,"column":3}}]},"3":{"type":"branch","line":33,"loc":{"start":{"line":33,"column":2},"end":{"line":36,"column":47}},"locations":[{"start":{"line":33,"column":2},"end":{"line":36,"column":47}}]},"4":{"type":"branch","line":36,"loc":{"start":{"line":36,"column":32},"end":{"line":36,"column":49}},"locations":[{"start":{"line":36,"column":32},"end":{"line":36,"column":49}}]},"5":{"type":"branch","line":38,"loc":{"start":{"line":38,"column":27},"end":{"line":38,"column":39}},"locations":[{"start":{"line":38,"column":27},"end":{"line":38,"column":39}}]},"6":{"type":"branch","line":41,"loc":{"start":{"line":41,"column":14},"end":{"line":41,"column":36}},"locations":[{"start":{"line":41,"column":14},"end":{"line":41,"column":36}}]},"7":{"type":"branch","line":41,"loc":{"start":{"line":41,"column":36},"end":{"line":43,"column":3}},"locations":[{"start":{"line":41,"column":36},"end":{"line":43,"column":3}}]},"8":{"type":"branch","line":43,"loc":{"start":{"line":43,"column":2},"end":{"line":46,"column":32}},"locations":[{"start":{"line":43,"column":2},"end":{"line":46,"column":32}}]},"9":{"type":"branch","line":46,"loc":{"start":{"line":46,"column":32},"end":{"line":54,"column":3}},"locations":[{"start":{"line":46,"column":32},"end":{"line":54,"column":3}}]},"10":{"type":"branch","line":47,"loc":{"start":{"line":47,"column":33},"end":{"line":47,"column":66}},"locations":[{"start":{"line":47,"column":33},"end":{"line":47,"column":66}}]},"11":{"type":"branch","line":47,"loc":{"start":{"line":47,"column":59},"end":{"line":47,"column":68}},"locations":[{"start":{"line":47,"column":59},"end":{"line":47,"column":68}}]},"12":{"type":"branch","line":54,"loc":{"start":{"line":54,"column":2},"end":{"line":84,"column":1}},"locations":[{"start":{"line":54,"column":2},"end":{"line":84,"column":1}}]},"13":{"type":"branch","line":58,"loc":{"start":{"line":58,"column":37},"end":{"line":64,"column":4}},"locations":[{"start":{"line":58,"column":37},"end":{"line":64,"column":4}}]},"14":{"type":"branch","line":68,"loc":{"start":{"line":68,"column":9},"end":{"line":71,"column":6}},"locations":[{"start":{"line":68,"column":9},"end":{"line":71,"column":6}}]},"15":{"type":"branch","line":69,"loc":{"start":{"line":69,"column":39},"end":{"line":69,"column":65}},"locations":[{"start":{"line":69,"column":39},"end":{"line":69,"column":65}}]},"16":{"type":"branch","line":69,"loc":{"start":{"line":69,"column":59},"end":{"line":69,"column":67}},"locations":[{"start":{"line":69,"column":59},"end":{"line":69,"column":67}}]}},"b":{"0":[11],"1":[10],"2":[1],"3":[10],"4":[0],"5":[0],"6":[10],"7":[0],"8":[10],"9":[2],"10":[1],"11":[1],"12":[8],"13":[11],"14":[19],"15":[11],"16":[8]},"fnMap":{"0":{"name":"transformTemplate","decl":{"start":{"line":22,"column":7},"end":{"line":84,"column":1}},"loc":{"start":{"line":22,"column":7},"end":{"line":84,"column":1}},"line":22}},"f":{"0":11}}
,"D:\\Program\\i18n-transformer\\packages\\core\\src\\transformer\\types.ts": {"path":"D:\\Program\\i18n-transformer\\packages\\core\\src\\transformer\\types.ts","all":true,"statementMap":{},"s":{},"branchMap":{"0":{"type":"branch","line":1,"loc":{"start":{"line":1,"column":1245},"end":{"line":48,"column":1}},"locations":[{"start":{"line":1,"column":1245},"end":{"line":48,"column":1}}]}},"b":{"0":[1]},"fnMap":{"0":{"name":"(empty-report)","decl":{"start":{"line":1,"column":1245},"end":{"line":48,"column":1}},"loc":{"start":{"line":1,"column":1245},"end":{"line":48,"column":1}},"line":1}},"f":{"0":1}}
,"D:\\Program\\i18n-transformer\\packages\\core\\src\\transformer\\utils.ts": {"path":"D:\\Program\\i18n-transformer\\packages\\core\\src\\transformer\\utils.ts","all":false,"statementMap":{"13":{"start":{"line":14,"column":0},"end":{"line":14,"column":58}},"14":{"start":{"line":15,"column":0},"end":{"line":15,"column":11}},"15":{"start":{"line":16,"column":0},"end":{"line":16,"column":12}},"16":{"start":{"line":17,"column":0},"end":{"line":17,"column":37}},"17":{"start":{"line":18,"column":0},"end":{"line":18,"column":1}},"24":{"start":{"line":25,"column":0},"end":{"line":25,"column":61}},"25":{"start":{"line":26,"column":0},"end":{"line":26,"column":11}},"26":{"start":{"line":27,"column":0},"end":{"line":27,"column":12}},"27":{"start":{"line":28,"column":0},"end":{"line":28,"column":32}},"28":{"start":{"line":29,"column":0},"end":{"line":29,"column":21}},"29":{"start":{"line":30,"column":0},"end":{"line":30,"column":3}},"30":{"start":{"line":31,"column":0},"end":{"line":31,"column":48}},"31":{"start":{"line":32,"column":0},"end":{"line":32,"column":1}},"39":{"start":{"line":40,"column":0},"end":{"line":40,"column":72}},"40":{"start":{"line":41,"column":0},"end":{"line":41,"column":28}},"41":{"start":{"line":42,"column":0},"end":{"line":42,"column":1}},"49":{"start":{"line":50,"column":0},"end":{"line":50,"column":53}},"50":{"start":{"line":51,"column":0},"end":{"line":51,"column":53}},"51":{"start":{"line":52,"column":0},"end":{"line":52,"column":81}},"52":{"start":{"line":53,"column":0},"end":{"line":53,"column":5}},"53":{"start":{"line":54,"column":0},"end":{"line":54,"column":1}},"61":{"start":{"line":62,"column":0},"end":{"line":62,"column":73}},"62":{"start":{"line":63,"column":0},"end":{"line":63,"column":21}},"63":{"start":{"line":64,"column":0},"end":{"line":64,"column":38}},"64":{"start":{"line":65,"column":0},"end":{"line":65,"column":35}},"65":{"start":{"line":66,"column":0},"end":{"line":66,"column":3}},"66":{"start":{"line":67,"column":0},"end":{"line":67,"column":25}},"67":{"start":{"line":68,"column":0},"end":{"line":68,"column":1}},"75":{"start":{"line":76,"column":0},"end":{"line":76,"column":98}},"76":{"start":{"line":77,"column":0},"end":{"line":77,"column":28}},"77":{"start":{"line":78,"column":0},"end":{"line":78,"column":27}},"78":{"start":{"line":79,"column":0},"end":{"line":79,"column":11}},"79":{"start":{"line":80,"column":0},"end":{"line":80,"column":23}},"80":{"start":{"line":81,"column":0},"end":{"line":81,"column":27}},"81":{"start":{"line":82,"column":0},"end":{"line":82,"column":14}},"82":{"start":{"line":83,"column":0},"end":{"line":83,"column":86}},"83":{"start":{"line":84,"column":0},"end":{"line":84,"column":52}},"84":{"start":{"line":85,"column":0},"end":{"line":85,"column":94}},"85":{"start":{"line":86,"column":0},"end":{"line":86,"column":19}},"86":{"start":{"line":87,"column":0},"end":{"line":87,"column":7}},"87":{"start":{"line":88,"column":0},"end":{"line":88,"column":5}},"88":{"start":{"line":89,"column":0},"end":{"line":89,"column":3}},"89":{"start":{"line":90,"column":0},"end":{"line":90,"column":14}},"90":{"start":{"line":91,"column":0},"end":{"line":91,"column":1}},"101":{"start":{"line":102,"column":0},"end":{"line":102,"column":62}},"102":{"start":{"line":103,"column":0},"end":{"line":103,"column":33}},"103":{"start":{"line":104,"column":0},"end":{"line":104,"column":52}},"104":{"start":{"line":105,"column":0},"end":{"line":105,"column":16}},"105":{"start":{"line":106,"column":0},"end":{"line":106,"column":3}},"107":{"start":{"line":108,"column":0},"end":{"line":108,"column":28}},"110":{"start":{"line":111,"column":0},"end":{"line":111,"column":28}},"111":{"start":{"line":112,"column":0},"end":{"line":112,"column":56}},"114":{"start":{"line":115,"column":0},"end":{"line":115,"column":28}},"115":{"start":{"line":116,"column":0},"end":{"line":116,"column":41}},"116":{"start":{"line":117,"column":0},"end":{"line":117,"column":32}},"117":{"start":{"line":118,"column":0},"end":{"line":118,"column":45}},"120":{"start":{"line":121,"column":0},"end":{"line":121,"column":44}},"121":{"start":{"line":122,"column":0},"end":{"line":122,"column":80}},"122":{"start":{"line":123,"column":0},"end":{"line":123,"column":46}},"123":{"start":{"line":124,"column":0},"end":{"line":124,"column":59}},"125":{"start":{"line":126,"column":0},"end":{"line":126,"column":110}},"126":{"start":{"line":127,"column":0},"end":{"line":127,"column":64}},"127":{"start":{"line":128,"column":0},"end":{"line":128,"column":7}},"128":{"start":{"line":129,"column":0},"end":{"line":129,"column":5}},"129":{"start":{"line":130,"column":0},"end":{"line":130,"column":16}},"130":{"start":{"line":131,"column":0},"end":{"line":131,"column":3}},"132":{"start":{"line":133,"column":0},"end":{"line":133,"column":75}},"133":{"start":{"line":134,"column":0},"end":{"line":134,"column":1}}},"s":{"13":1,"14":34,"15":34,"16":34,"17":34,"24":1,"25":34,"26":34,"27":34,"28":1,"29":1,"30":34,"31":34,"39":1,"40":12,"41":12,"49":1,"50":21,"51":60,"52":21,"53":21,"61":17,"62":17,"63":17,"64":0,"65":0,"66":17,"67":17,"75":1,"76":15,"77":15,"78":6,"79":6,"80":6,"81":6,"82":6,"83":3,"84":3,"85":3,"86":3,"87":3,"88":6,"89":12,"90":12,"101":1,"102":17,"103":17,"104":9,"105":9,"107":8,"110":8,"111":17,"114":17,"115":17,"116":2,"117":2,"120":17,"121":5,"122":1,"123":1,"125":1,"126":1,"127":1,"128":1,"129":4,"130":5,"132":17,"133":17},"branchMap":{"0":{"type":"branch","line":14,"loc":{"start":{"line":14,"column":7},"end":{"line":18,"column":1}},"locations":[{"start":{"line":14,"column":7},"end":{"line":18,"column":1}}]},"1":{"type":"branch","line":16,"loc":{"start":{"line":16,"column":4},"end":{"line":16,"column":12}},"locations":[{"start":{"line":16,"column":4},"end":{"line":16,"column":12}}]},"2":{"type":"branch","line":16,"loc":{"start":{"line":16,"column":11},"end":{"line":17,"column":36}},"locations":[{"start":{"line":16,"column":11},"end":{"line":17,"column":36}}]},"3":{"type":"branch","line":17,"loc":{"start":{"line":17,"column":24},"end":{"line":17,"column":36}},"locations":[{"start":{"line":17,"column":24},"end":{"line":17,"column":36}}]},"4":{"type":"branch","line":17,"loc":{"start":{"line":17,"column":27},"end":{"line":17,"column":37}},"locations":[{"start":{"line":17,"column":27},"end":{"line":17,"column":37}}]},"5":{"type":"branch","line":25,"loc":{"start":{"line":25,"column":7},"end":{"line":32,"column":1}},"locations":[{"start":{"line":25,"column":7},"end":{"line":32,"column":1}}]},"6":{"type":"branch","line":27,"loc":{"start":{"line":27,"column":4},"end":{"line":27,"column":12}},"locations":[{"start":{"line":27,"column":4},"end":{"line":27,"column":12}}]},"7":{"type":"branch","line":27,"loc":{"start":{"line":27,"column":11},"end":{"line":28,"column":31}},"locations":[{"start":{"line":27,"column":11},"end":{"line":28,"column":31}}]},"8":{"type":"branch","line":28,"loc":{"start":{"line":28,"column":31},"end":{"line":30,"column":3}},"locations":[{"start":{"line":28,"column":31},"end":{"line":30,"column":3}}]},"9":{"type":"branch","line":30,"loc":{"start":{"line":30,"column":2},"end":{"line":31,"column":29}},"locations":[{"start":{"line":30,"column":2},"end":{"line":31,"column":29}}]},"10":{"type":"branch","line":31,"loc":{"start":{"line":31,"column":26},"end":{"line":31,"column":38}},"locations":[{"start":{"line":31,"column":26},"end":{"line":31,"column":38}}]},"11":{"type":"branch","line":31,"loc":{"start":{"line":31,"column":29},"end":{"line":31,"column":48}},"locations":[{"start":{"line":31,"column":29},"end":{"line":31,"column":48}}]},"12":{"type":"branch","line":40,"loc":{"start":{"line":40,"column":7},"end":{"line":42,"column":1}},"locations":[{"start":{"line":40,"column":7},"end":{"line":42,"column":1}}]},"13":{"type":"branch","line":50,"loc":{"start":{"line":50,"column":7},"end":{"line":54,"column":1}},"locations":[{"start":{"line":50,"column":7},"end":{"line":54,"column":1}}]},"14":{"type":"branch","line":51,"loc":{"start":{"line":51,"column":40},"end":{"line":53,"column":4}},"locations":[{"start":{"line":51,"column":40},"end":{"line":53,"column":4}}]},"15":{"type":"branch","line":62,"loc":{"start":{"line":62,"column":0},"end":{"line":68,"column":1}},"locations":[{"start":{"line":62,"column":0},"end":{"line":68,"column":1}}]},"16":{"type":"branch","line":64,"loc":{"start":{"line":64,"column":37},"end":{"line":66,"column":3}},"locations":[{"start":{"line":64,"column":37},"end":{"line":66,"column":3}}]},"17":{"type":"branch","line":76,"loc":{"start":{"line":76,"column":7},"end":{"line":91,"column":1}},"locations":[{"start":{"line":76,"column":7},"end":{"line":91,"column":1}}]},"18":{"type":"branch","line":78,"loc":{"start":{"line":78,"column":26},"end":{"line":89,"column":3}},"locations":[{"start":{"line":78,"column":26},"end":{"line":89,"column":3}}]},"19":{"type":"branch","line":83,"loc":{"start":{"line":83,"column":85},"end":{"line":88,"column":5}},"locations":[{"start":{"line":83,"column":85},"end":{"line":88,"column":5}}]},"20":{"type":"branch","line":89,"loc":{"start":{"line":89,"column":2},"end":{"line":91,"column":1}},"locations":[{"start":{"line":89,"column":2},"end":{"line":91,"column":1}}]},"21":{"type":"branch","line":102,"loc":{"start":{"line":102,"column":7},"end":{"line":134,"column":1}},"locations":[{"start":{"line":102,"column":7},"end":{"line":134,"column":1}}]},"22":{"type":"branch","line":104,"loc":{"start":{"line":104,"column":51},"end":{"line":106,"column":3}},"locations":[{"start":{"line":104,"column":51},"end":{"line":106,"column":3}}]},"23":{"type":"branch","line":106,"loc":{"start":{"line":106,"column":2},"end":{"line":112,"column":24}},"locations":[{"start":{"line":106,"column":2},"end":{"line":112,"column":24}}]},"24":{"type":"branch","line":112,"loc":{"start":{"line":112,"column":14},"end":{"line":112,"column":56}},"locations":[{"start":{"line":112,"column":14},"end":{"line":112,"column":56}}]},"25":{"type":"branch","line":116,"loc":{"start":{"line":116,"column":20},"end":{"line":117,"column":32}},"locations":[{"start":{"line":116,"column":20},"end":{"line":117,"column":32}}]},"26":{"type":"branch","line":117,"loc":{"start":{"line":117,"column":21},"end":{"line":118,"column":45}},"locations":[{"start":{"line":117,"column":21},"end":{"line":118,"column":45}}]},"27":{
[...]
,"D:\\Program\\i18n-transformer\\packages\\core\\src\\uploader\\utils.ts": {"path":"D:\\Program\\i18n-transformer\\packages\\core\\src\\uploader\\utils.ts","all":false,"statementMap":{"0":{"start":{"line":1,"column":0},"end":{"line":1,"column":25}},"2":{"start":{"line":3,"column":0},"end":{"line":3,"column":23}},"3":{"start":{"line":4,"column":0},"end":{"line":4,"column":24}},"4":{"start":{"line":5,"column":0},"end":{"line":5,"column":66}},"5":{"start":{"line":6,"column":0},"end":{"line":6,"column":158}},"6":{"start":{"line":7,"column":0},"end":{"line":7,"column":1}},"8":{"start":{"line":9,"column":0},"end":{"line":9,"column":20}},"9":{"start":{"line":10,"column":0},"end":{"line":10,"column":11}},"10":{"start":{"line":11,"column":0},"end":{"line":11,"column":30}},"11":{"start":{"line":12,"column":0},"end":{"line":12,"column":32}},"12":{"start":{"line":13,"column":0},"end":{"line":13,"column":31}},"13":{"start":{"line":14,"column":0},"end":{"line":14,"column":4}},"14":{"start":{"line":15,"column":0},"end":{"line":15,"column":58}},"15":{"start":{"line":16,"column":0},"end":{"line":16,"column":29}},"16":{"start":{"line":17,"column":0},"end":{"line":17,"column":48}},"17":{"start":{"line":18,"column":0},"end":{"line":18,"column":68}},"18":{"start":{"line":19,"column":0},"end":{"line":19,"column":4}},"19":{"start":{"line":20,"column":0},"end":{"line":20,"column":26}},"20":{"start":{"line":21,"column":0},"end":{"line":21,"column":30}},"21":{"start":{"line":22,"column":0},"end":{"line":22,"column":4}},"22":{"start":{"line":23,"column":0},"end":{"line":23,"column":26}},"23":{"start":{"line":24,"column":0},"end":{"line":24,"column":30}},"24":{"start":{"line":25,"column":0},"end":{"line":25,"column":4}},"25":{"start":{"line":26,"column":0},"end":{"line":26,"column":27}},"26":{"start":{"line":27,"column":0},"end":{"line":27,"column":31}},"27":{"start":{"line":28,"column":0},"end":{"line":28,"column":4}},"28":{"start":{"line":29,"column":0},"end":{"line":29,"column":1}}},"s":{"0":1,"2":4,"3":4,"4":4,"5":4,"6":4,"8":1,"9":1,"10":1,"11":1,"12":1,"13":1,"14":1,"15":4,"16":4,"17":4,"18":4,"19":1,"20":2,"21":2,"22":1,"23":1,"24":1,"25":1,"26":1,"27":1,"28":1},"branchMap":{"0":{"type":"branch","line":3,"loc":{"start":{"line":3,"column":0},"end":{"line":7,"column":1}},"locations":[{"start":{"line":3,"column":0},"end":{"line":7,"column":1}}]},"1":{"type":"branch","line":5,"loc":{"start":{"line":5,"column":14},"end":{"line":5,"column":66}},"locations":[{"start":{"line":5,"column":14},"end":{"line":5,"column":66}}]},"2":{"type":"branch","line":15,"loc":{"start":{"line":15,"column":2},"end":{"line":19,"column":4}},"locations":[{"start":{"line":15,"column":2},"end":{"line":19,"column":4}}]},"3":{"type":"branch","line":17,"loc":{"start":{"line":17,"column":38},"end":{"line":17,"column":48}},"locations":[{"start":{"line":17,"column":38},"end":{"line":17,"column":48}}]},"4":{"type":"branch","line":20,"loc":{"start":{"line":20,"column":2},"end":{"line":22,"column":4}},"locations":[{"start":{"line":20,"column":2},"end":{"line":22,"column":4}}]},"5":{"type":"branch","line":23,"loc":{"start":{"line":23,"column":2},"end":{"line":25,"column":4}},"locations":[{"start":{"line":23,"column":2},"end":{"line":25,"column":4}}]},"6":{"type":"branch","line":26,"loc":{"start":{"line":26,"column":2},"end":{"line":28,"column":4}},"locations":[{"start":{"line":26,"column":2},"end":{"line":28,"column":4}}]}},"b":{"0":[4],"1":[20],"2":[4],"3":[0],"4":[2],"5":[1],"6":[1]},"fnMap":{"0":{"name":"formatTime","decl":{"start":{"line":3,"column":0},"end":{"line":7,"column":1}},"loc":{"start":{"line":3,"column":0},"end":{"line":7,"column":1}},"line":3},"1":{"name":"pad","decl":{"start":{"line":5,"column":14},"end":{"line":5,"column":66}},"loc":{"start":{"line":5,"column":14},"end":{"line":5,"column":66}},"line":5},"2":{"name":"log","decl":{"start":{"line":15,"column":2},"end":{"line":19,"column":4}},"loc":{"start":{"line":15,"column":2},"end":{"line":19,"column":4}},"line":15},"3":{"name":"info","decl":{"start":{"line":20,"column":2},"end":{"line":22,"column":4}},"loc":{"start":{"line":20,"column":2},"end":{"line":22,"column":4}},"line":20},"4":{"name":"warn","decl":{"start":{"line":23,"column":2},"end":{"line":25,"column":4}},"loc":{"start":{"line":23,"column":2},"end":{"line":25,"column":4}},"line":23},"5":{"name":"error","decl":{"start":{"line":26,"column":2},"end":{"line":28,"column":4}},"loc":{"start":{"line":26,"column":2},"end":{"line":28,"column":4}},"line":26}},"f":{"0":4,"1":20,"2":4,"3":2,"4":1,"5":1}}
,"D:\\Program\\i18n-transformer\\packages\\vite-plugin\\src\\index.ts": {"path":"D:\\Program\\i18n-transformer\\packages\\vite-plugin\\src\\index.ts","all":true,"statementMap":{"3":{"start":{"line":4,"column":0},"end":{"line":4,"column":64}},"4":{"start":{"line":5,"column":0},"end":{"line":5,"column":36}},"6":{"start":{"line":7,"column":0},"end":{"line":7,"column":57}},"7":{"start":{"line":8,"column":0},"end":{"line":8,"column":21}},"8":{"start":{"line":9,"column":0},"end":{"line":9,"column":10}},"9":{"start":{"line":10,"column":0},"end":{"line":10,"column":29}},"10":{"start":{"line":11,"column":0},"end":{"line":11,"column":37}},"11":{"start":{"line":12,"column":0},"end":{"line":12,"column":50}},"12":{"start":{"line":13,"column":0},"end":{"line":13,"column":6}},"13":{"start":{"line":14,"column":0},"end":{"line":14,"column":26}},"14":{"start":{"line":15,"column":0},"end":{"line":15,"column":100}},"15":{"start":{"line":16,"column":0},"end":{"line":16,"column":87}},"16":{"start":{"line":17,"column":0},"end":{"line":17,"column":38}},"17":{"start":{"line":18,"column":0},"end":{"line":18,"column":16}},"18":{"start":{"line":19,"column":0},"end":{"line":19,"column":15}},"19":{"start":{"line":20,"column":0},"end":{"line":20,"column":20}},"20":{"start":{"line":21,"column":0},"end":{"line":21,"column":9}},"21":{"start":{"line":22,"column":0},"end":{"line":22,"column":7}},"22":{"start":{"line":23,"column":0},"end":{"line":23,"column":13}},"23":{"start":{"line":24,"column":0},"end":{"line":24,"column":22}},"24":{"start":{"line":25,"column":0},"end":{"line":25,"column":12}},"25":{"start":{"line":26,"column":0},"end":{"line":26,"column":20}},"26":{"start":{"line":27,"column":0},"end":{"line":27,"column":9}},"27":{"start":{"line":28,"column":0},"end":{"line":28,"column":13}},"28":{"start":{"line":29,"column":0},"end":{"line":29,"column":15}},"29":{"start":{"line":30,"column":0},"end":{"line":30,"column":10}},"30":{"start":{"line":31,"column":0},"end":{"line":31,"column":32}},"31":{"start":{"line":32,"column":0},"end":{"line":32,"column":7}},"32":{"start":{"line":33,"column":0},"end":{"line":33,"column":14}},"33":{"start":{"line":34,"column":0},"end":{"line":34,"column":22}},"34":{"start":{"line":35,"column":0},"end":{"line":35,"column":12}},"35":{"start":{"line":36,"column":0},"end":{"line":36,"column":7}},"36":{"start":{"line":37,"column":0},"end":{"line":37,"column":6}},"37":{"start":{"line":38,"column":0},"end":{"line":38,"column":16}},"38":{"start":{"line":39,"column":0},"end":{"line":39,"column":21}},"39":{"start":{"line":40,"column":0},"end":{"line":40,"column":14}},"40":{"start":{"line":41,"column":0},"end":{"line":41,"column":7}},"41":{"start":{"line":42,"column":0},"end":{"line":42,"column":39}},"42":{"start":{"line":43,"column":0},"end":{"line":43,"column":6}},"43":{"start":{"line":44,"column":0},"end":{"line":44,"column":19}},"44":{"start":{"line":45,"column":0},"end":{"line":45,"column":46}},"45":{"start":{"line":46,"column":0},"end":{"line":46,"column":14}},"46":{"start":{"line":47,"column":0},"end":{"line":47,"column":7}},"47":{"start":{"line":48,"column":0},"end":{"line":48,"column":42}},"48":{"start":{"line":49,"column":0},"end":{"line":49,"column":48}},"49":{"start":{"line":50,"column":0},"end":{"line":50,"column":7}},"50":{"start":{"line":51,"column":0},"end":{"line":51,"column":75}},"51":{"start":{"line":52,"column":0},"end":{"line":52,"column":6}},"52":{"start":{"line":53,"column":0},"end":{"line":53,"column":3}},"53":{"start":{"line":54,"column":0},"end":{"line":54,"column":1}},"55":{"start":{"line":56,"column":0},"end":{"line":56,"column":8}}},"s":{"3":0,"4":0,"6":0,"7":0,"8":0,"9":0,"10":0,"11":0,"12":0,"13":0,"14":0,"15":0,"16":0,"17":0,"18":0,"19":0,"20":0,"21":0,"22":0,"23":0,"24":0,"25":0,"26":0,"27":0,"28":0,"29":0,"30":0,"31":0,"32":0,"33":0,"34":0,"35":0,"36":0,"37":0,"38":0,"39":0,"40":0,"41":0,"42":0,"43":0,"44":0,"45":0,"46":0,"47":0,"48":0,"49":0,"50":0,"51":0,"52":0,"53":0,"55":0},"branchMap":{"0":{"type":"branch","line":1,"loc":{"start":{"line":1,"column":1516},"end":{"line":58,"column":26}},"locations":[{"start":{"line":1,"column":1516},"end":{"line":58,"column":26}}]}},"b":{"0":[1]},"fnMap":{"0":{"name":"(empty-report)","decl":{"start":{"line":1,"column":1516},"end":{"line":58,"column":26}},"loc":{"start":{"line":1,"column":1516},"end":{"line":58,"column":26}},"line":1}},"f":{"0":1}}
,"D:\\Program\\i18n-transformer\\packages\\vite-plugin\\src\\types.ts": {"path":"D:\\Program\\i18n-transformer\\packages\\vite-plugin\\src\\types.ts","all":true,"statementMap":{},"s":{},"branchMap":{"0":{"type":"branch","line":1,"loc":{"start":{"line":1,"column":345},"end":{"line":12,"column":1}},"locations":[{"start":{"line":1,"column":345},"end":{"line":12,"column":1}}]}},"b":{"0":[1]},"fnMap":{"0":{"name":"(empty-report)","decl":{"start":{"line":1,"column":345},"end":{"line":12,"column":1}},"loc":{"start":{"line":1,"column":345},"end":{"line":12,"column":1}},"line":1}},"f":{"0":1}}
,"D:\\Program\\i18n-transformer\\packages\\webpack-plugin\\src\\index.ts": {"path":"D:\\Program\\i18n-transformer\\packages\\webpack-plugin\\src\\index.ts","all":true,"statementMap":{"2":{"start":{"line":3,"column":0},"end":{"line":3,"column":29}},"3":{"start":{"line":4,"column":0},"end":{"line":4,"column":8}},"7":{"start":{"line":8,"column":0},"end":{"line":8,"column":44}},"13":{"start":{"line":14,"column":0},"end":{"line":14,"column":34}},"17":{"start":{"line":18,"column":0},"end":{"line":18,"column":77}},"18":{"start":{"line":19,"column":0},"end":{"line":19,"column":40}},"19":{"start":{"line":20,"column":0},"end":{"line":20,"column":36}},"20":{"start":{"line":21,"column":0},"end":{"line":21,"column":3}},"22":{"start":{"line":23,"column":0},"end":{"line":23,"column":30}},"23":{"start":{"line":24,"column":0},"end":{"line":24,"column":23}},"24":{"start":{"line":25,"column":0},"end":{"line":25,"column":42}},"25":{"start":{"line":26,"column":0},"end":{"line":26,"column":37}},"26":{"start":{"line":27,"column":0},"end":{"line":27,"column":37}},"28":{"start":{"line":29,"column":0},"end":{"line":29,"column":68}},"29":{"start":{"line":30,"column":0},"end":{"line":30,"column":24}},"30":{"start":{"line":31,"column":0},"end":{"line":31,"column":14}},"31":{"start":{"line":32,"column":0},"end":{"line":32,"column":7}},"32":{"start":{"line":33,"column":0},"end":{"line":33,"column":36}},"33":{"start":{"line":34,"column":0},"end":{"line":34,"column":7}},"35":{"start":{"line":36,"column":0},"end":{"line":36,"column":65}},"36":{"start":{"line":37,"column":0},"end":{"line":37,"column":46}},"37":{"start":{"line":38,"column":0},"end":{"line":38,"column":14}},"38":{"start":{"line":39,"column":0},"end":{"line":39,"column":7}},"39":{"start":{"line":40,"column":0},"end":{"line":40,"column":39}},"40":{"start":{"line":41,"column":0},"end":{"line":41,"column":45}},"41":{"start":{"line":42,"column":0},"end":{"line":42,"column":7}},"42":{"start":{"line":43,"column":0},"end":{"line":43,"column":69}},"43":{"start":{"line":44,"column":0},"end":{"line":44,"column":7}},"44":{"start":{"line":45,"column":0},"end":{"line":45,"column":3}},"45":{"start":{"line":46,"column":0},"end":{"line":46,"column":1}},"47":{"start":{"line":48,"column":0},"end":{"line":48,"column":36}},"49":{"start":{"line":50,"column":0},"end":{"line":50,"column":8}}},"s":{"2":0,"3":0,"7":0,"13":0,"17":0,"18":0,"19":0,"20":0,"22":0,"23":0,"24":0,"25":0,"26":0,"28":0,"29":0,"30":0,"31":0,"32":0,"33":0,"35":0,"36":0,"37":0,"38":0,"39":0,"40":0,"41":0,"42":0,"43":0,"44":0,"45":0,"47":0,"49":0},"branchMap":{"0":{"type":"branch","line":1,"loc":{"start":{"line":1,"column":1393},"end":{"line":52,"column":26}},"locations":[{"start":{"line":1,"column":1393},"end":{"line":52,"column":26}}]}},"b":{"0":[1]},"fnMap":{"0":{"name":"(empty-report)","decl":{"start":{"line":1,"column":1393},"end":{"line":52,"column":26}},"loc":{"start":{"line":1,"column":1393},"end":{"line":52,"column":26}},"line":1}},"f":{"0":1}}
,"D:\\Program\\i18n-transformer\\packages\\webpack-plugin\\src\\loader.ts": {"path":"D:\\Program\\i18n-transformer\\packages\\webpack-plugin\\src\\loader.ts","all":true,"statementMap":{"2":{"start":{"line":3,"column":0},"end":{"line":3,"column":46}},"3":{"start":{"line":4,"column":0},"end":{"line":4,"column":51}},"4":{"start":{"line":5,"column":0},"end":{"line":5,"column":37}},"6":{"start":{"line":7,"column":0},"end":{"line":7,"column":108}},"7":{"start":{"line":8,"column":0},"end":{"line":8,"column":32}},"8":{"start":{"line":9,"column":0},"end":{"line":9,"column":41}},"9":{"start":{"line":10,"column":0},"end":{"line":10,"column":9}},"10":{"start":{"line":11,"column":0},"end":{"line":11,"column":17}},"11":{"start":{"line":12,"column":0},"end":{"line":12,"column":17}},"12":{"start":{"line":13,"column":0},"end":{"line":13,"column":19}},"13":{"start":{"line":14,"column":0},"end":{"line":14,"column":56}},"14":{"start":{"line":15,"column":0},"end":{"line":15,"column":15}},"15":{"start":{"line":16,"column":0},"end":{"line":16,"column":3}},"16":{"start":{"line":17,"column":0},"end":{"line":17,"column":40}},"17":{"start":{"line":18,"column":0},"end":{"line":18,"column":21}},"18":{"start":{"line":19,"column":0},"end":{"line":19,"column":9}},"19":{"start":{"line":20,"column":0},"end":{"line":20,"column":14}},"21":{"start":{"line":22,"column":0},"end":{"line":22,"column":16}},"22":{"start":{"line":23,"column":0},"end":{"line":23,"column":1}}},"s":{"2":0,"3":0,"4":0,"6":0,"7":0,"8":0,"9":0,"10":0,"11":0,"12":0,"13":0,"14":0,"15":0,"16":0,"17":0,"18":0,"19":0,"21":0,"22":0},"branchMap":{"0":{"type":"branch","line":1,"loc":{"start":{"line":1,"column":698},"end":{"line":23,"column":1}},"locations":[{"start":{"line":1,"column":698},"end":{"line":23,"column":1}}]}},"b":{"0":[1]},"fnMap":{"0":{"name":"(empty-report)","decl":{"start":{"line":1,"column":698},"end":{"line":23,"column":1}},"loc":{"start":{"line":1,"column":698},"end":{"line":23,"column":1}},"line":1}},"f":{"0":1}}
,"D:\\Program\\i18n-transformer\\packages\\webpack-plugin\\src\\utils.ts": {"path":"D:\\Program\\i18n-transformer\\packages\\webpack-plugin\\src\\utils.ts","all":true,"statementMap":{"3":{"start":{"line":4,"column":0},"end":{"line":4,"column":44}},"4":{"start":{"line":5,"column":0},"end":{"line":5,"column":13}},"5":{"start":{"line":6,"column":0},"end":{"line":6,"column":13}},"6":{"start":{"line":7,"column":0},"end":{"line":7,"column":15}},"7":{"start":{"line":8,"column":0},"end":{"line":8,"column":1}},"9":{"start":{"line":10,"column":0},"end":{"line":10,"column":37}},"10":{"start":{"line":11,"column":0},"end":{"line":11,"column":32}},"11":{"start":{"line":12,"column":0},"end":{"line":12,"column":20}},"12":{"start":{"line":13,"column":0},"end":{"line":13,"column":74}},"13":{"start":{"line":14,"column":0},"end":{"line":14,"column":5}},"14":{"start":{"line":15,"column":0},"end":{"line":15,"column":3}},"16":{"start":{"line":17,"column":0},"end":{"line":17,"column":25}},"18":{"start":{"line":19,"column":0},"end":{"line":19,"column":15}},"19":{"start":{"line":20,"column":0},"end":{"line":20,"column":13}},"20":{"start":{"line":21,"column":0},"end":{"line":21,"column":3}},"22":{"start":{"line":23,"column":0},"end":{"line":23,"column":55}},"23":{"start":{"line":24,"column":0},"end":{"line":24,"column":29}},"24":{"start":{"line":25,"column":0},"end":{"line":25,"column":3}},"26":{"start":{"line":27,"column":0},"end":{"line":27,"column":41}},"27":{"start":{"line":28,"column":0},"end":{"line":28,"column":37}},"29":{"start":{"line":30,"column":0},"end":{"line":30,"column":31}},"30":{"start":{"line":31,"column":0},"end":{"line":31,"column":33}},"32":{"start":{"line":33,"column":0},"end":{"line":33,"column":19}},"33":{"start":{"line":34,"column":0},"end":{"line":34,"column":35}},"34":{"start":{"line":35,"column":0},"end":{"line":35,"column":58}},"37":{"start":{"line":38,"column":0},"end":{"line":38,"column":49}},"38":{"start":{"line":39,"column":0},"end":{"line":39,"column":38}},"39":{"start":{"line":40,"column":0},"end":{"line":40,"column":7}},"41":{"start":{"line":42,"column":0},"end":{"line":42,"column":33}},"42":{"start":{"line":43,"column":0},"end":{"line":43,"column":68}},"44":{"start":{"line":45,"column":0},"end":{"line":45,"column":44}},"45":{"start":{"line":46,"column":0},"end":{"line":46,"column":27}},"46":{"start":{"line":47,"column":0},"end":{"line":47,"column":9}},"48":{"start":{"line":49,"column":0},"end":{"line":49,"column":33}},"49":{"start":{"line":50,"column":0},"end":{"line":50,"column":14}},"50":{"start":{"line":51,"column":0},"end":{"line":51,"column":40}},"51":{"start":{"line":52,"column":0},"end":{"line":52,"column":28}},"52":{"start":{"line":53,"column":0},"end":{"line":53,"column":7}},"53":{"start":{"line":54,"column":0},"end":{"line":54,"column":12}},"54":{"start":{"line":55,"column":0},"end":{"line":55,"column":49}},"55":{"start":{"line":56,"column":0},"end":{"line":56,"column":33}},"56":{"start":{"line":57,"column":0},"end":{"line":57,"column":44}},"57":{"start":{"line":58,"column":0},"end":{"line":58,"column":40}},"58":{"start":{"line":59,"column":0},"end":{"line":59,"column":43}},"59":{"start":{"line":60,"column":0},"end":{"line":60,"column":14}},"60":{"start":{"line":61,"column":0},"end":{"line":61,"column":33}},"61":{"start":{"line":62,"column":0},"end":{"line":62,"column":7}},"62":{"start":{"line":63,"column":0},"end":{"line":63,"column":5}},"63":{"start":{"line":64,"column":0},"end":{"line":64,"column":5}},"65":{"start":{"line":66,"column":0},"end":{"line":66,"column":15}},"66":{"start":{"line":67,"column":0},"end":{"line":67,"column":1}},"68":{"start":{"line":69,"column":0},"end":{"line":69,"column":93}},"69":{"start":{"line":70,"column":0},"end":{"line":70,"column":35}},"71":{"start":{"line":72,"column":0},"end":{"line":72,"column":50}},"72":{"start":{"line":73,"column":0},"end":{"line":73,"column":29}},"73":{"start":{"line":74,"column":0},"end":{"line":74,"column":3}},"75":{"start":{"line":76,"column":0},"end":{"line":76,"column":44}},"77":{"start":{"line":78,"column":0},"end":{"line":78,"column":13}},"78":{"start":{"line":79,"column":0},"end":{"line":79,"column":3}},"80":{"start":{"line":81,"column":0},"end":{"line":81,"column":14}},"81":{"start":{"line":82,"column":0},"end":{"line":82,"column":1}},"83":{"start":{"line":84,"column":0},"end":{"line":84,"column":49}},"84":{"start":{"line":85,"column":0},"end":{"line":85,"column":12}},"85":{"start":{"line":86,"column":0},"end":{"line":86,"column":1}}},"s":{"3":0,"4":0,"5":0,"6":0,"7":0,"9":0,"10":0,"11":0,"12":0,"13":0,"14":0,"16":0,"18":0,"19":0,"20":0,"22":0,"23":0,"24":0,"26":0,"27":0,"29":0,"30":0,"32":0,"33":0,"34":0,"37":0,"38":0,"39":0,"41":0,"42":0,"44":0,"45":0,"46":0,"48":0,"49":0,"50":0,"51":0,"52":0,"53":0,"54":0,"55":0,"56":0,"57":0,"58":0,"59":0,"60":0,"61":0,"62":0,"63":0,"65":0,"66":0,"68":0,"69":0,"71":0,"72":0,"73":0,"75":0,"77":0,"78":0,"80":0,"81":0,"83":0,"84":0,"85":0},"branchMap":{"0":{"type":"branch","line":1,"loc":{"start":{"line":1,"column":2075},"end":{"line":86,"column":1}},"locations":[{"start":{"line":1,"column":2075},"end":{"line":86,"column":1}}]}},"b":{"0":[1]},"fnMap":{"0":{"name":"(empty-report)","decl":{"start":{"line":1,"column":2075},"end":{"line":86,"column":1}},"loc":{"start":{"line":1,"column":2075},"end":{"line":86,"column":1}},"line":1}},"f":{"0":1}}
}
