{"D:\\Program\\i18n-transformer\\packages\\core\\src\\generator\\index.ts": {"path":"D:\\Program\\i18n-transformer\\packages\\core\\src\\generator\\index.ts","all":false,"statementMap":{"2":{"start":{"line":3,"column":0},"end":{"line":3,"column":40}},"4":{"start":{"line":5,"column":0},"end":{"line":5,"column":57}},"5":{"start":{"line":6,"column":0},"end":{"line":6,"column":34}},"6":{"start":{"line":7,"column":0},"end":{"line":7,"column":1}},"8":{"start":{"line":9,"column":0},"end":{"line":9,"column":31}},"9":{"start":{"line":10,"column":0},"end":{"line":10,"column":28}},"10":{"start":{"line":11,"column":0},"end":{"line":11,"column":1}}},"s":{"2":1,"4":1,"5":9,"6":9,"8":1,"9":19,"10":19},"branchMap":{"0":{"type":"branch","line":5,"loc":{"start":{"line":5,"column":7},"end":{"line":7,"column":1}},"locations":[{"start":{"line":5,"column":7},"end":{"line":7,"column":1}}]},"1":{"type":"branch","line":9,"loc":{"start":{"line":9,"column":7},"end":{"line":11,"column":1}},"locations":[{"start":{"line":9,"column":7},"end":{"line":11,"column":1}}]}},"b":{"0":[9],"1":[19]},"fnMap":{"0":{"name":"setMessage","decl":{"start":{"line":5,"column":7},"end":{"line":7,"column":1}},"loc":{"start":{"line":5,"column":7},"end":{"line":7,"column":1}},"line":5},"1":{"name":"getMessages","decl":{"start":{"line":9,"column":7},"end":{"line":11,"column":1}},"loc":{"start":{"line":9,"column":7},"end":{"line":11,"column":1}},"line":9}},"f":{"0":9,"1":19}}
,"D:\\Program\\i18n-transformer\\packages\\core\\src\\generator\\types.ts": {"path":"D:\\Program\\i18n-transformer\\packages\\core\\src\\generator\\types.ts","all":true,"statementMap":{},"s":{},"branchMap":{"0":{"type":"branch","line":1,"loc":{"start":{"line":1,"column":45},"end":{"line":1,"column":45}},"locations":[{"start":{"line":1,"column":45},"end":{"line":1,"column":45}}]}},"b":{"0":[1]},"fnMap":{"0":{"name":"(empty-report)","decl":{"start":{"line":1,"column":45},"end":{"line":1,"column":45}},"loc":{"start":{"line":1,"column":45},"end":{"line":1,"column":45}},"line":1}},"f":{"0":1}}
,"D:\\Program\\i18n-transformer\\packages\\core\\src\\shared\\utils.ts": {"path":"D:\\Program\\i18n-transformer\\packages\\core\\src\\shared\\utils.ts","all":false,"statementMap":{"0":{"start":{"line":1,"column":0},"end":{"line":1,"column":36}},"2":{"start":{"line":3,"column":0},"end":{"line":3,"column":52}},"3":{"start":{"line":4,"column":0},"end":{"line":4,"column":56}},"4":{"start":{"line":5,"column":0},"end":{"line":5,"column":1}}},"s":{"0":1,"2":1,"3":0,"4":0},"branchMap":{},"b":{},"fnMap":{"0":{"name":"generateKey","decl":{"start":{"line":3,"column":7},"end":{"line":5,"column":1}},"loc":{"start":{"line":3,"column":7},"end":{"line":5,"column":1}},"line":3}},"f":{"0":0}}
,"D:\\Program\\i18n-transformer\\packages\\core\\src\\transformer\\index.ts": {"path":"D:\\Program\\i18n-transformer\\packages\\core\\src\\transformer\\index.ts","all":false,"statementMap":{"12":{"start":{"line":13,"column":0},"end":{"line":13,"column":39}},"13":{"start":{"line":14,"column":0},"end":{"line":14,"column":38}},"14":{"start":{"line":15,"column":0},"end":{"line":15,"column":38}},"15":{"start":{"line":16,"column":0},"end":{"line":16,"column":55}},"16":{"start":{"line":17,"column":0},"end":{"line":17,"column":46}},"17":{"start":{"line":18,"column":0},"end":{"line":18,"column":82}},"18":{"start":{"line":19,"column":0},"end":{"line":19,"column":54}},"19":{"start":{"line":20,"column":0},"end":{"line":20,"column":8}},"29":{"start":{"line":30,"column":0},"end":{"line":30,"column":27}},"30":{"start":{"line":31,"column":0},"end":{"line":31,"column":5}},"31":{"start":{"line":32,"column":0},"end":{"line":32,"column":7}},"32":{"start":{"line":33,"column":0},"end":{"line":33,"column":4}},"35":{"start":{"line":36,"column":0},"end":{"line":36,"column":30}},"36":{"start":{"line":37,"column":0},"end":{"line":37,"column":30}},"37":{"start":{"line":38,"column":0},"end":{"line":38,"column":21}},"39":{"start":{"line":40,"column":0},"end":{"line":40,"column":9}},"40":{"start":{"line":41,"column":0},"end":{"line":41,"column":20}},"41":{"start":{"line":42,"column":0},"end":{"line":42,"column":15}},"42":{"start":{"line":43,"column":0},"end":{"line":43,"column":18}},"43":{"start":{"line":44,"column":0},"end":{"line":44,"column":18}},"45":{"start":{"line":46,"column":0},"end":{"line":46,"column":27}},"46":{"start":{"line":47,"column":0},"end":{"line":47,"column":30}},"47":{"start":{"line":48,"column":0},"end":{"line":48,"column":5}},"48":{"start":{"line":49,"column":0},"end":{"line":49,"column":61}},"49":{"start":{"line":50,"column":0},"end":{"line":50,"column":36}},"51":{"start":{"line":52,"column":0},"end":{"line":52,"column":30}},"52":{"start":{"line":53,"column":0},"end":{"line":53,"column":44}},"53":{"start":{"line":54,"column":0},"end":{"line":54,"column":14}},"54":{"start":{"line":55,"column":0},"end":{"line":55,"column":7}},"57":{"start":{"line":58,"column":0},"end":{"line":58,"column":55}},"58":{"start":{"line":59,"column":0},"end":{"line":59,"column":14}},"59":{"start":{"line":60,"column":0},"end":{"line":60,"column":7}},"62":{"start":{"line":63,"column":0},"end":{"line":63,"column":60}},"64":{"start":{"line":65,"column":0},"end":{"line":65,"column":53}},"65":{"start":{"line":66,"column":0},"end":{"line":66,"column":53}},"66":{"start":{"line":67,"column":0},"end":{"line":67,"column":9}},"68":{"start":{"line":69,"column":0},"end":{"line":69,"column":46}},"69":{"start":{"line":70,"column":0},"end":{"line":70,"column":55}},"70":{"start":{"line":71,"column":0},"end":{"line":71,"column":51}},"71":{"start":{"line":72,"column":0},"end":{"line":72,"column":9}},"72":{"start":{"line":73,"column":0},"end":{"line":73,"column":20}},"73":{"start":{"line":74,"column":0},"end":{"line":74,"column":9}},"75":{"start":{"line":76,"column":0},"end":{"line":76,"column":20}},"76":{"start":{"line":77,"column":0},"end":{"line":77,"column":31}},"77":{"start":{"line":78,"column":0},"end":{"line":78,"column":7}},"78":{"start":{"line":79,"column":0},"end":{"line":79,"column":6}},"81":{"start":{"line":82,"column":0},"end":{"line":82,"column":31}},"82":{"start":{"line":83,"column":0},"end":{"line":83,"column":44}},"83":{"start":{"line":84,"column":0},"end":{"line":84,"column":14}},"84":{"start":{"line":85,"column":0},"end":{"line":85,"column":7}},"85":{"start":{"line":86,"column":0},"end":{"line":86,"column":37}},"86":{"start":{"line":87,"column":0},"end":{"line":87,"column":60}},"87":{"start":{"line":88,"column":0},"end":{"line":88,"column":14}},"88":{"start":{"line":89,"column":0},"end":{"line":89,"column":7}},"91":{"start":{"line":92,"column":0},"end":{"line":92,"column":30}},"92":{"start":{"line":93,"column":0},"end":{"line":93,"column":29}},"93":{"start":{"line":94,"column":0},"end":{"line":94,"column":44}},"94":{"start":{"line":95,"column":0},"end":{"line":95,"column":86}},"95":{"start":{"line":96,"column":0},"end":{"line":96,"column":39}},"97":{"start":{"line":98,"column":0},"end":{"line":98,"column":85}},"98":{"start":{"line":99,"column":0},"end":{"line":99,"column":29}},"99":{"start":{"line":100,"column":0},"end":{"line":100,"column":9}},"100":{"start":{"line":101,"column":0},"end":{"line":101,"column":7}},"103":{"start":{"line":104,"column":0},"end":{"line":104,"column":37}},"105":{"start":{"line":106,"column":0},"end":{"line":106,"column":52}},"106":{"start":{"line":107,"column":0},"end":{"line":107,"column":54}},"107":{"start":{"line":108,"column":0},"end":{"line":108,"column":123}},"108":{"start":{"line":109,"column":0},"end":{"line":109,"column":32}},"109":{"start":{"line":110,"column":0},"end":{"line":110,"column":13}},"110":{"start":{"line":111,"column":0},"end":{"line":111,"column":13}},"111":{"start":{"line":112,"column":0},"end":{"line":112,"column":9}},"112":{"start":{"line":113,"column":0},"end":{"line":113,"column":14}},"114":{"start":{"line":115,"column":0},"end":{"line":115,"column":90}},"115":{"start":{"line":116,"column":0},"end":{"line":116,"column":28}},"116":{"start":{"line":117,"column":0},"end":{"line":117,"column":9}},"117":{"start":{"line":118,"column":0},"end":{"line":118,"column":7}},"118":{"start":{"line":119,"column":0},"end":{"line":119,"column":40}},"119":{"start":{"line":120,"column":0},"end":{"line":120,"column":31}},"120":{"start":{"line":121,"column":0},"end":{"line":121,"column":7}},"121":{"start":{"line":122,"column":0},"end":{"line":122,"column":6}},"124":{"start":{"line":125,"column":0},"end":{"line":125,"column":26}},"126":{"start":{"line":127,"column":0},"end":{"line":127,"column":38}},"127":{"start":{"line":128,"column":0},"end":{"line":128,"column":14}},"128":{"start":{"line":129,"column":0},"end":{"line":129,"column":7}},"131":{"start":{"line":132,"column":0},"end":{"line":132,"column":31}},"132":{"start":{"line":133,"column":0},"end":{"line":133,"column":14}},"133":{"start":{"line":134,"column":0},"end":{"line":134,"column":7}},"135":{"start":{"line":136,"column":0},"end":{"line":136,"column":35}},"137":{"start":{"line":138,"column":0},"end":{"line":138,"column":50}},"138":{"start":{"line":139,"column":0},"end":{"line":139,"column":14}},"139":{"start":{"line":140,"column":0},"end":{"line":140,"column":7}},"142":{"start":{"line":143,"column":0},"end":{"line":143,"column":53}},"143":{"start":{"line":144,"column":0},"end":{"line":144,"column":28}},"144":{"start":{"line":145,"column":0},"end":{"line":145,"column":14}},"145":{"start":{"line":146,"column":0},"end":{"line":146,"column":7}},"146":{"start":{"line":147,"column":0},"end":{"line":147,"column":20}},"149":{"start":{"line":150,"column":0},"end":{"line":150,"column":60}},"150":{"start":{"line":151,"column":0},"end":{"line":151,"column":72}},"151":{"start":{"line":152,"column":0},"end":{"line":152,"column":30}},"152":{"start":{"line":153,"column":0},"end":{"line":153,"column":31}},"153":{"start":{"line":154,"column":0},"end":{"line":154,"column":23}},"154":{"start":{"line":155,"column":0},"end":{"line":155,"column":39}},"157":{"start":{"line":158,"column":0},"end":{"line":158,"column":30}},"158":{"start":{"line":159,"column":0},"end":{"line":159,"column":13}},"159":{"start":{"line":160,"column":0},"end":{"line":160,"column":15}},"160":{"start":{"line":161,"column":0},"end":{"line":161,"column":19}},"161":{"start":{"line":162,"column":0},"end":{"line":162,"column":9}},"162":{"start":{"line":163,"column":0},"end":{"line":163,"column":6}},"165":{"start":{"line":166,"column":0},"end":{"line":166,"column":55}},"167":{"start":{"line":168,"column":0},"end":{"line":168,"column":38}},"168":{"start":{"line":169,"column":0},"end":{"line":169,"column":14}},"169":{"start":{"line":170,"column":0},"end":{"line":170,"column":7}},"171":{"start":{"line":172,"column":0},"end":{"line":172,"column":31}},"172":{"start":{"line":173,"column":0},"end":{"line":173,"column":14}},"173":{"start":{"line":174,"column":0},"end":{"line":174,"column":7}},"176":{"start":{"line":177,"column":0},"end":{"line":177,"column":51}},"177":{"start":{"line":178,"column":0},"end":{"line":178,"column":60}},"178":{"start":{"line":179,"column":0},"end":{"line":179,"column":7}},"179":{"start":{"line":180,"column":0},"end":{"line":180,"column":21}},"180":{"start":{"line":181,"column":0},"end":{"line":181,"column":14}},"181":{"start":{"line":182,"column":0},"end":{"line":182,"column":7}},"182":{"start":{"line":183,"column":0},"end":{"line":183,"column":20}},"185":{"start":{"line":186,"column":0},"end":{"line":186,"column":25}},"186":{"start":{"line":187,"column":0},"end":{"line":187,"column":13}},"187":{"start":{"line":188,"column":0},"end":{"line":188,"column":19}},"188":{"start":{"line":189,"column":0},"end":{"line":189,"column":39}},"189":{"start":{"line":190,"column":0},"end":{"line":190,"column":9}},"190":{"start":{"line":191,"column":0},"end":{"line":191,"column":6}},"191":{"start":{"line":192,"column":0},"end":{"line":192,"column":3}},"194":{"start":{"line":195,"column":0},"end":{"line":195,"column":25}},"197":{"start":{"line":198,"column":0},"end":{"line":198,"column":51}},"199":{"start":{"line":200,"column":0},"end":{"line":200,"column":11}},"200":{"start":{"line":201,"column":0},"end":{"line":201,"column":11}},"201":{"start":{"line":202,"column":0},"end":{"line":202,"column":20}},"202":{"start":{"line":203,"column":0},"end":{"line":203,"column":13}},"203":{"start":{"line":204,"column":0},"end":{"line":204,"column":18}},"204":{"start":{"line":205,"column":0},"end":{"line":205,"column":44}},"205":{"start":{"line":206,"column":0},"end":{"line":206,"column":35}},"206":{"start":{"line":207,"column":0},"end":{"line":207,"column":86}},"207":{"start":{"line":208,"column":0},"end":{"line":208,"column":78}},"210":{"start":{"line":211,"column":0},"end":{"line":211,"column":45}},"211":{"start":{"line":212,"column":0},"end":{"line":212,"column":27}},"212":{"start":{"line":213,"column":0},"end":{"line":213,"column":7}},"213":{"start":{"line":214,"column":0},"end":{"line":214,"column":45}},"216":{"start":{"line":217,"column":0},"end":{"line":217,"column":75}},"219":{"start":{"line":220,"column":0},"end":{"line":220,"column":21}},"221":{"start":{"line":222,"column":0},"end":{"line":222,"column":58}},"222":{"start":{"line":223,"column":0},"end":{"line":223,"column":12}},"224":{"start":{"line":225,"column":0},"end":{"line":225,"column":61}},"225":{"start":{"line":226,"column":0},"end":{"line":226,"column":50}},"226":{"start":{"line":227,"column":0},"end":{"line":227,"column":7}},"227":{"start":{"line":228,"column":0},"end":{"line":228,"column":39}},"228":{"start":{"line":229,"column":0},"end":{"line":229,"column":78}},"229":{"start":{"line":230,"column":0},"end":{"line":230,"column":7}},"230":{"start":{"line":231,"column":0},"end":{"line":231,"column":5}},"231":{"start":{"line":232,"column":0},"end":{"line":232,"column":3}},"234":{"start":{"line":235,"column":0},"end":{"line":235,"column":9}},"235":{"start":{"line":236,"column":0},"end":{"line":236,"column":18}},"236":{"start":{"line":237,"column":0},"end":{"line":237,"column":8}},"237":{"start":{"line":238,"column":0},"end":{"line":238,"column":21}},"238":{"start":{"line":239,"column":0},"end":{"line":239,"column":21}},"239":{"start":{"line":240,"column":0},"end":{"line":240,"column":41}},"240":{"start":{"line":241,"column":0},"end":{"line":241,"column":11}},"242":{"start":{"line":243,"column":0},"end":{"line":243,"column":10}},"243":{"start":{"line":244,"column":0},"end":{"line":244,"column":18}},"244":{"start":{"line":245,"column":0},"end":{"line":245,"column":8}},"245":{"start":{"line":246,"column":0},"end":{"line":246,"column":3}},"246":{"start":{"line":247,"column":0},"end":{"line":247,"column":1}}},"s":{"12":1,"13":1,"14":1,"15":1,"16":1,"17":1,"18":1,"19":1,"29":1,"30":8,"31":8,"32":8,"35":8,"36":8,"37":8,"39":8,"40":8,"41":8,"42":8,"43":8,"45":8,"46":8,"47":8,"48":8,"49":8,"51":8,"52":0,"53":0,"54":0,"57":0,"58":0,"59":0,"62":0,"64":0,"65":0,"66":0,"68":0,"69":0,"70":0,"71":0,"72":0,"73":0,"75":0,"76":0,"77":0,"78":0,"81":8,"82":10,"83":7,"84":7,"85":3,"86":10,"87":3,"88":3,"91":0,"92":0,"93":0,"94":10,"95":0,"97":0,"98":0,"99":0,"100":0,"103":0,"105":0,"106":0,"107":0,"108":0,"109":0,"110":0,"111":0,"112":0,"114":0,"115":0,"116":0,"117":0,"118":10,"119":0,"120":0,"121":10,"124":8,"126":11,"127":1,"128":1,"131":11,"132":1,"133":1,"135":9,"137":11,"138":0,"139":0,"142":9,"143":11,"144":0,"145":0,"146":9,"149":9,"150":9,"151":9,"152":9,"153":9,"154":9,"157":9,"158":9,"159":9,"160":9,"161":9,"162":11,"165":8,"167":2,"168":0,"169":0,"171":2,"172":0,"173":0,"176":2,"177":2,"178":2,"179":2,"180":0,"181":0,"182":2,"185":2,"186":2,"187":2,"188":2,"189":2,"190":2,"191":8,"194":8,"197":8,"199":3,"200":3,"201":3,"202":3,"203":3,"204":3,"205":3,"206":1,"207":2,"210":3,"211":3,"212":3,"213":3,"216":3,"219":3,"221":1,"222":3,"224":2,"225":2,"226":2,"227":2,"228":2,"229":2,"230":2,"231":3,"234":8,"235":8,"236":8,"237":8,"238":8,"239":8,"240":8,"242":8,"243":8,"244":8,"245":8,"246":8},"branchMap":{"0":{"type":"branch","line":30,"loc":{"start":{"line":30,"column":7},"end":{"line":247,"column":1}},"locations":[{"start":{"line":30,"column":7},"end":{"line":247,"column":1}}]},"1":{"type":"branch","line":44,"loc":{"start":{"line":44,"column":6},"end":{"line":44,"column":18}},"locations":[{"start":{"line":44,"column":6},"end":{"line":44,"column":18}}]},"2":{"type":"branch","line":49,"loc":{"start":{"line":49,"column":35},"end":{"line":49,"column":61}},"locations":[{"start":{"line":49,"column":35},"end":{"line":49,"column":61}}]},"3":{"type":"branch","line":198,"loc":{"start":{"line":198,"column":6},"end":{"line":198,"column":31}},"locations":[{"start":{"line":198,"column":6},"end":{"line":198,"column":31}}]},"4":{"type":"branch","line":198,"loc":{"start":{"line":198,"column":20},"end":{"line":198,"column":50}},"locations":[{"start":{"line":198,"column":20},"end":{"line":198,"column":50}}]},"5":{"type":"branch","line":198,"loc":{"start":{"line":198,"column":50},"end":{"line":232,"column":3}},"locations":[{"start":{"line":198,"column":50},"end":{"line":232,"column":3}}]},"6":{"type":"branch","line":206,"loc":{"start":{"line":206,"column":23},"end":{"line":207,"column":86}},"locations":[{"start":{"line":206,"column":23},"end":{"line":207,"column":86}}]},"7":{"type":"branch","line":207,"loc":{"start":{"line":207,"column":15},"end":{"line":207,"column":45}},"locations":[{"start":{"line":207,"column":15},"end":{"line":207,"column":45}}]},"8":{"type":"branch","line":207,"loc":{"start":{"line":207,"column":79},"end":{"line":208,"column":78}},"locations":[{"start":{"line":207,"column":79},"end":{"line":208,"column":78}}]},"9":{"type":"branch","line":208,"loc":{"start":{"line":208,"column":16},"end":{"line":208,"column":46}},"locations":[{"start":{"line":208,"column":16},"end":{"line":208,"column":46}}]},"10":{"type":"branch","line":208,"loc":{"start":{"line":208,"column":40},"end":{"line":208,"column":50}},"locations":[{"start":{"line":208,"column":40},"end":{"line":208,"column":50}}]},"11":{"type":"branch","line":220,"loc":{"start":{"line":220,"column":20},"end":{"line":223,"column":11}},"locations":[{"start":{"line":220,"column":20},"end":{"line":223,"column":11}}]},"12":{"type":"branch","line":223,"loc":{"start":{"line":223,"column":4},"end":{"line":231,"column":5}},"locations":[{"start":{"line":223,"column":4},"end":{"line":231,"column":5}}]},"13":{"type":"branch","line":82,"loc":{"start":{"line":82,"column":4},"end":{"line":122,"column":6}},"locations":[{"start":{"line":82,"column":4},"end":{"line":122,"column":6}}]},"14":{"type":"branch","line":83,"loc":{"start":{"line":83,"column":11},"end":{"line":83,"column":43}},"locations":[{"start":{"line":83,"column":11},"end":{"line":83,"column":43}}]},"15":{"type":"branch","line":83,"loc":{"start":{"line":83,"column":43},"end":{"line":85,"column":7}},"locations":[{"start":{"line":83,"column":43},"end":{"line":85,"column":7}}]},"16":{"type":"branch","line":85,"loc":{"start":{"line":85,"column":6},"end":{"line":87,"column":59}},"locations":[{"start":{"line":85,"column":6},"end":{"line":87,"column":59}}]},"17":{"type":"branch","line":87,"loc":{"start":{"line":87,"column":59},"end":{"line":89,"column":7}},"locations":[{"start":{"line":87,"column":59},"end":{"line":89,"column":7}}]},"18":{"type":"branch","line":89,"loc":{"start":{"line":89,"column":6},"end":{"line":95,"column":85}},"locations":[{"start":{"line":89,"column":6},"end":{"line":95,"column":85}}]},"19":{"type":"branch","line":95,"loc":{"start":{"line":95,"column":85},"end":{"line":119,"column":39}},"locations":[{"start":{"line":95,"column":85},"end":{"line":119,"column":39}}]},"20":{"type":"branch","line":119,"loc":{"start":{"line":119,"column":39},"end":{"line":121,"column":7}},"locations":[{"start":{"line":119,"column":39},"end":{"line":121,"column":7}}]},"21":{"type":"branch","line":125,"loc":{"start":{"line":125,"column":4},"end":{"line":163,"column":6}},"locations":[{"start":{"line":125,"column":4},"end":{"line":163,"column":6}}]},"22":{"type":"branch","line":127,"loc":{"start":{"line":127,"column":37},"end":{"line":129,"column":7}},"locations":[{"start":{"line":127,"column":37},"end":{"line":129,"column":7}}]},"23":{"type":"branch","line":129,"loc":{"start":{"line":129,"column":6},"end":{"line":132,"column":30}},"locations":[{"start":{"line":129,"column":6},"end":{"line":132,"column":30}}]},"24":{"type":"branch","line":132,"loc":{"start":{"line":132,"column":30},"end":{"line":134,"column":7}},"locations":[{"start":{"line":132,"column":30},"end":{"line":134,"column":7}}]},"25":{"type":"branch","line":134,"loc":{"start":{"line":134,"column":6},"end":{"line":138,"column":49}},"locations":[{"start":{"line":134,"column":6},"end":{"line":138,"column":49}}]},"26":{"type":"branch","line":138,"loc":{"start":{"line":138,"column":49},"end":{"line":140,"column":7}},"locations":[{"start":{"line":138,"column":49},"end":{"line":140,"column":7}}]},"27":{"type":"branch","line":140,"loc":{"start":{"line":140,"column":6},"end":{"line":144,"column":27}},"locations":[{"start":{"line":140,"column":6},"end":{"line":144,"column":27}}]},"28":{"type":"branch","line":144,"loc":{"start":{"line":144,"column":27},"end":{"line":146,"column":7}},"locations":[{"start":{"line":144,"column":27},"end":{"line":146,"column":7}}]},"29":{"type":"branch","line":146,"loc":{"start":{"line":146,"column":6},"end":{"line":162,"column":9}},"locations":[{"start":{"line":146,"column":6},"end":{"line":162,"column":9}}]},"30":{"type":"branch","line":150,"loc":{"start":{"line":150,"column":36},"end":{"line":155,"column":9}},"locations":[{"start":{"line":150,"column":36},"end":{"line":155,"column":9}}]},"31":{"type":"branch","line":166,"loc":{"start":{"line":166,"column":4},"end":{"line":191,"column":6}},"locations":[{"start":{"line":166,"column":4},"end":{"line":191,"column":6}}]},"32":{"type":"branch","line":168,"loc":{"start":{"line":168,"column":37},"end":{"line":170,"column":7}},"locations":[{"start":{"line":168,"column":37},"end":{"line":170,"column":7}}]},"33":{"type":"branch","line":172,"loc":{"start":{"line":172,"column":30},"end":{"line":174,"column":7}},"locations":[{"start":{"line":172,"column":30},"end":{"line":174,"column":7}}]},"34":{"type":"branch","line":180,"loc":{"start":{"line":180,"column":20},"end":{"line":182,"column":7}},"locations":[{"start":{"line":180,"column":20},"end":{"line":182,"column":7}}]},"35":{"type":"branch","line":177,"loc":{"start":{"line":177,"column":44},"end":{"line":178,"column":60}},"locations":[{"start":{"line":177,"column":44},"end":{"line":178,"column":60}}]},"36":{"type":"branch","line":226,"loc":{"start":{"line":226,"column":8},"end":{"line":226,"column":50}},"locations":[{"start":{"line":226,"column":8},"end":{"line":226,"column":50}}]}},"b":{"0":[8],"1":[0],"2":[0],"3":[3],"4":[3],"5":[3],"6":[1],"7":[0],"8":[2],"9":[1],"10":[1],"11":[1],"12":[2],"13":[10],"14":[3],"15":[7],"16":[3],"17":[3],"18":[0],"19":[0],"20":[0],"21":[11],"22":[1],"23":[10],"24":[1],"25":[9],"26":[0],"27":[9],"28":[0],"29":[9],"30":[9],"31":[2],"32":[0],"33":[0],"34":[0],"35":[2],"36":[4]},"fnMap":{"0":{"name":"transform","decl":{"start":{"line":30,"column":7},"end":{"line":247,"column":1}},"loc":{"start":{"line":30,"column":7},"end":{"line":247,"column":1}},"line":30},"1":{"name":"ImportDeclaration","decl":{"start":{"line":52,"column":4},"end":{"line":79,"column":6}},"loc":{"start":{"line":52,"column":4},"end":{"line":79,"column":6}},"line":52},"2":{"name":"VariableDeclarator","decl":{"start":{"line":82,"column":4},"end":{"line":122,"column":6}},"loc":{"start":{"line":82,"column":4},"end":{"line":122,"column":6}},"line":82},"3":{"name":"StringLiteral","decl":{"start":{"line":125,"column":4},"end":{"line":163,"column":6}},"loc":{"start":{"line":125,"column":4},"end":{"line":163,"column":6}},"line":125},"4":{"name":"TemplateLiteral","decl":{"start":{"line":166,"column":4},"end":{"line":191,"column":6}},"loc":{"start":{"line":166,"column":4},"end":{"line":191,"column":6}},"line":166}},"f":{"0":8,"1":0,"2":10,"3":11,"4":2}}
,"D:\\Program\\i18n-transformer\\packages\\core\\src\\transformer\\stringLiteral.ts": {"path":"D:\\Program\\i18n-transformer\\packages\\core\\src\\transformer\\stringLiteral.ts","all":false,"statementMap":{"28":{"start":{"line":29,"column":0},"end":{"line":29,"column":8}},"34":{"start":{"line":35,"column":0},"end":{"line":35,"column":68}},"42":{"start":{"line":43,"column":0},"end":{"line":43,"column":55}},"43":{"start":{"line":44,"column":0},"end":{"line":44,"column":41}},"44":{"start":{"line":45,"column":0},"end":{"line":45,"column":54}},"45":{"start":{"line":46,"column":0},"end":{"line":46,"column":58}},"46":{"start":{"line":47,"column":0},"end":{"line":47,"column":64}},"47":{"start":{"line":48,"column":0},"end":{"line":48,"column":5}},"48":{"start":{"line":49,"column":0},"end":{"line":49,"column":1}},"58":{"start":{"line":59,"column":0},"end":{"line":59,"column":47}},"66":{"start":{"line":67,"column":0},"end":{"line":67,"column":42}},"67":{"start":{"line":68,"column":0},"end":{"line":68,"column":64}},"68":{"start":{"line":69,"column":0},"end":{"line":69,"column":45}},"69":{"start":{"line":70,"column":0},"end":{"line":70,"column":74}},"70":{"start":{"line":71,"column":0},"end":{"line":71,"column":5}},"71":{"start":{"line":72,"column":0},"end":{"line":72,"column":25}},"72":{"start":{"line":73,"column":0},"end":{"line":73,"column":7}},"73":{"start":{"line":74,"column":0},"end":{"line":74,"column":15}},"74":{"start":{"line":75,"column":0},"end":{"line":75,"column":25}},"75":{"start":{"line":76,"column":0},"end":{"line":76,"column":14}},"76":{"start":{"line":77,"column":0},"end":{"line":77,"column":9}},"77":{"start":{"line":78,"column":0},"end":{"line":78,"column":10}},"78":{"start":{"line":79,"column":0},"end":{"line":79,"column":4}},"87":{"start":{"line":88,"column":0},"end":{"line":88,"column":43}},"88":{"start":{"line":89,"column":0},"end":{"line":89,"column":64}},"89":{"start":{"line":90,"column":0},"end":{"line":90,"column":45}},"90":{"start":{"line":91,"column":0},"end":{"line":91,"column":74}},"91":{"start":{"line":92,"column":0},"end":{"line":92,"column":5}},"92":{"start":{"line":93,"column":0},"end":{"line":93,"column":25}},"93":{"start":{"line":94,"column":0},"end":{"line":94,"column":7}},"94":{"start":{"line":95,"column":0},"end":{"line":95,"column":15}},"95":{"start":{"line":96,"column":0},"end":{"line":96,"column":25}},"96":{"start":{"line":97,"column":0},"end":{"line":97,"column":14}},"97":{"start":{"line":98,"column":0},"end":{"line":98,"column":9}},"98":{"start":{"line":99,"column":0},"end":{"line":99,"column":10}},"99":{"start":{"line":100,"column":0},"end":{"line":100,"column":4}},"109":{"start":{"line":110,"column":0},"end":{"line":110,"column":44}},"110":{"start":{"line":111,"column":0},"end":{"line":111,"column":49}},"111":{"start":{"line":112,"column":0},"end":{"line":112,"column":44}},"112":{"start":{"line":113,"column":0},"end":{"line":113,"column":76}},"113":{"start":{"line":114,"column":0},"end":{"line":114,"column":5}},"114":{"start":{"line":115,"column":0},"end":{"line":115,"column":25}},"115":{"start":{"line":116,"column":0},"end":{"line":116,"column":7}},"116":{"start":{"line":117,"column":0},"end":{"line":117,"column":15}},"117":{"start":{"line":118,"column":0},"end":{"line":118,"column":24}},"118":{"start":{"line":119,"column":0},"end":{"line":119,"column":14}},"119":{"start":{"line":120,"column":0},"end":{"line":120,"column":9}},"120":{"start":{"line":121,"column":0},"end":{"line":121,"column":10}},"121":{"start":{"line":122,"column":0},"end":{"line":122,"column":4}},"130":{"start":{"line":131,"column":0},"end":{"line":131,"column":34}},"131":{"start":{"line":132,"column":0},"end":{"line":132,"column":52}},"132":{"start":{"line":133,"column":0},"end":{"line":133,"column":12}},"133":{"start":{"line":134,"column":0},"end":{"line":134,"column":13}},"134":{"start":{"line":135,"column":0},"end":{"line":135,"column":18}},"135":{"start":{"line":136,"column":0},"end":{"line":136,"column":5}},"136":{"start":{"line":137,"column":0},"end":{"line":137,"column":4}},"145":{"start":{"line":146,"column":0},"end":{"line":146,"column":45}},"146":{"start":{"line":147,"column":0},"end":{"line":147,"column":50}},"147":{"start":{"line":148,"column":0},"end":{"line":148,"column":91}},"148":{"start":{"line":149,"column":0},"end":{"line":149,"column":14}},"149":{"start":{"line":150,"column":0},"end":{"line":150,"column":13}},"150":{"start":{"line":151,"column":0},"end":{"line":151,"column":12}},"151":{"start":{"line":152,"column":0},"end":{"line":152,"column":13}},"152":{"start":{"line":153,"column":0},"end":{"line":153,"column":10}},"153":{"start":{"line":154,"column":0},"end":{"line":154,"column":5}},"154":{"start":{"line":155,"column":0},"end":{"line":155,"column":4}},"163":{"start":{"line":164,"column":0},"end":{"line":164,"column":30}},"164":{"start":{"line":165,"column":0},"end":{"line":165,"column":48}},"165":{"start":{"line":166,"column":0},"end":{"line":166,"column":12}},"166":{"start":{"line":167,"column":0},"end":{"line":167,"column":13}},"167":{"start":{"line":168,"column":0},"end":{"line":168,"column":19}},"168":{"start":{"line":169,"column":0},"end":{"line":169,"column":5}},"169":{"start":{"line":170,"column":0},"end":{"line":170,"column":4}},"178":{"start":{"line":179,"column":0},"end":{"line":179,"column":50}},"179":{"start":{"line":180,"column":0},"end":{"line":180,"column":55}},"180":{"start":{"line":181,"column":0},"end":{"line":181,"column":33}},"181":{"start":{"line":182,"column":0},"end":{"line":182,"column":84}},"182":{"start":{"line":183,"column":0},"end":{"line":183,"column":18}},"183":{"start":{"line":184,"column":0},"end":{"line":184,"column":103}},"184":{"start":{"line":185,"column":0},"end":{"line":185,"column":24}},"185":{"start":{"line":186,"column":0},"end":{"line":186,"column":101}},"186":{"start":{"line":187,"column":0},"end":{"line":187,"column":23}},"187":{"start":{"line":188,"column":0},"end":{"line":188,"column":5}},"188":{"start":{"line":189,"column":0},"end":{"line":189,"column":16}},"189":{"start":{"line":190,"column":0},"end":{"line":190,"column":7}},"190":{"start":{"line":191,"column":0},"end":{"line":191,"column":15}},"191":{"start":{"line":192,"column":0},"end":{"line":192,"column":12}},"192":{"start":{"line":193,"column":0},"end":{"line":193,"column":9}},"193":{"start":{"line":194,"column":0},"end":{"line":194,"column":10}},"194":{"start":{"line":195,"column":0},"end":{"line":195,"column":4}},"203":{"start":{"line":204,"column":0},"end":{"line":204,"column":46}},"204":{"start":{"line":205,"column":0},"end":{"line":205,"column":51}},"205":{"start":{"line":206,"column":0},"end":{"line":206,"column":91}},"206":{"start":{"line":207,"column":0},"end":{"line":207,"column":14}},"207":{"start":{"line":208,"column":0},"end":{"line":208,"column":13}},"208":{"start":{"line":209,"column":0},"end":{"line":209,"column":12}},"209":{"start":{"line":210,"column":0},"end":{"line":210,"column":13}},"210":{"start":{"line":211,"column":0},"end":{"line":211,"column":10}},"211":{"start":{"line":212,"column":0},"end":{"line":212,"column":5}},"212":{"start":{"line":213,"column":0},"end":{"line":213,"column":4}},"221":{"start":{"line":222,"column":0},"end":{"line":222,"column":31}},"222":{"start":{"line":223,"column":0},"end":{"line":223,"column":49}},"223":{"start":{"line":224,"column":0},"end":{"line":224,"column":12}},"224":{"start":{"line":225,"column":0},"end":{"line":225,"column":13}},"225":{"start":{"line":226,"column":0},"end":{"line":226,"column":22}},"226":{"start":{"line":227,"column":0},"end":{"line":227,"column":5}},"227":{"start":{"line":228,"column":0},"end":{"line":228,"column":4}},"236":{"start":{"line":237,"column":0},"end":{"line":237,"column":46}},"237":{"start":{"line":238,"column":0},"end":{"line":238,"column":51}},"238":{"start":{"line":239,"column":0},"end":{"line":239,"column":88}},"239":{"start":{"line":240,"column":0},"end":{"line":240,"column":7}},"240":{"start":{"line":241,"column":0},"end":{"line":241,"column":15}},"241":{"start":{"line":242,"column":0},"end":{"line":242,"column":21}},"242":{"start":{"line":243,"column":0},"end":{"line":243,"column":9}},"243":{"start":{"line":244,"column":0},"end":{"line":244,"column":10}},"244":{"start":{"line":245,"column":0},"end":{"line":245,"column":4}},"245":{"start":{"line":246,"column":0},"end":{"line":246,"column":1}},"251":{"start":{"line":252,"column":0},"end":{"line":252,"column":40}},"252":{"start":{"line":253,"column":0},"end":{"line":253,"column":7}},"253":{"start":{"line":254,"column":0},"end":{"line":254,"column":9}},"254":{"start":{"line":255,"column":0},"end":{"line":255,"column":13}},"255":{"start":{"line":256,"column":0},"end":{"line":256,"column":42}},"256":{"start":{"line":257,"column":0},"end":{"line":257,"column":28}},"257":{"start":{"line":258,"column":0},"end":{"line":258,"column":10}},"258":{"start":{"line":259,"column":0},"end":{"line":259,"column":3}},"260":{"start":{"line":261,"column":0},"end":{"line":261,"column":29}},"261":{"start":{"line":262,"column":0},"end":{"line":262,"column":13}},"262":{"start":{"line":263,"column":0},"end":{"line":263,"column":10}},"263":{"start":{"line":264,"column":0},"end":{"line":264,"column":3}},"265":{"start":{"line":266,"column":0},"end":{"line":266,"column":38}},"266":{"start":{"line":267,"column":0},"end":{"line":267,"column":20}},"267":{"start":{"line":268,"column":0},"end":{"line":268,"column":10}},"268":{"start":{"line":269,"column":0},"end":{"line":269,"column":3}},"271":{"start":{"line":272,"column":0},"end":{"line":272,"column":38}},"272":{"start":{"line":273,"column":0},"end":{"line":273,"column":17}},"273":{"start":{"line":274,"column":0},"end":{"line":274,"column":10}},"274":{"start":{"line":275,"column":0},"end":{"line":275,"column":3}},"277":{"start":{"line":278,"column":0},"end":{"line":278,"column":38}},"278":{"start":{"line":279,"column":0},"end":{"line":279,"column":18}},"279":{"start":{"line":280,"column":0},"end":{"line":280,"column":10}},"280":{"start":{"line":281,"column":0},"end":{"line":281,"column":3}},"283":{"start":{"line":284,"column":0},"end":{"line":284,"column":50}},"284":{"start":{"line":285,"column":0},"end":{"line":285,"column":56}},"287":{"start":{"line":288,"column":0},"end":{"line":288,"column":63}},"288":{"start":{"line":289,"column":0},"end":{"line":289,"column":34}},"291":{"start":{"line":292,"column":0},"end":{"line":292,"column":30}},"292":{"start":{"line":293,"column":0},"end":{"line":293,"column":65}},"293":{"start":{"line":294,"column":0},"end":{"line":294,"column":5}},"296":{"start":{"line":297,"column":0},"end":{"line":297,"column":68}},"297":{"start":{"line":298,"column":0},"end":{"line":298,"column":19}},"298":{"start":{"line":299,"column":0},"end":{"line":299,"column":17}},"299":{"start":{"line":300,"column":0},"end":{"line":300,"column":49}},"300":{"start":{"line":301,"column":0},"end":{"line":301,"column":64}},"301":{"start":{"line":302,"column":0},"end":{"line":302,"column":12}},"302":{"start":{"line":303,"column":0},"end":{"line":303,"column":7}},"303":{"start":{"line":304,"column":0},"end":{"line":304,"column":5}},"306":{"start":{"line":307,"column":0},"end":{"line":307,"column":42}},"307":{"start":{"line":308,"column":0},"end":{"line":308,"column":65}},"308":{"start":{"line":309,"column":0},"end":{"line":309,"column":5}},"311":{"start":{"line":312,"column":0},"end":{"line":312,"column":40}},"312":{"start":{"line":313,"column":0},"end":{"line":313,"column":72}},"313":{"start":{"line":314,"column":0},"end":{"line":314,"column":14}},"315":{"start":{"line":316,"column":0},"end":{"line":316,"column":37}},"316":{"start":{"line":317,"column":0},"end":{"line":317,"column":10}},"318":{"start":{"line":319,"column":0},"end":{"line":319,"column":62}},"319":{"start":{"line":320,"column":0},"end":{"line":320,"column":50}},"320":{"start":{"line":321,"column":0},"end":{"line":321,"column":7}},"321":{"start":{"line":322,"column":0},"end":{"line":322,"column":36}},"322":{"start":{"line":323,"column":0},"end":{"line":323,"column":3}},"323":{"start":{"line":324,"column":0},"end":{"line":324,"column":1}},"325":{"start":{"line":326,"column":0},"end":{"line":326,"column":74}},"326":{"start":{"line":327,"column":0},"end":{"line":327,"column":9}},"327":{"start":{"line":328,"column":0},"end":{"line":328,"column":11}},"328":{"start":{"line":329,"column":0},"end":{"line":329,"column":8}},"329":{"start":{"line":330,"column":0},"end":{"line":330,"column":10}},"330":{"start":{"line":331,"column":0},"end":{"line":331,"column":14}},"332":{"start":{"line":333,"column":0},"end":{"line":333,"column":34}},"333":{"start":{"line":334,"column":0},"end":{"line":334,"column":26}},"334":{"start":{"line":335,"column":0},"end":{"line":335,"column":28}},"335":{"start":{"line":336,"column":0},"end":{"line":336,"column":27}},"336":{"start":{"line":337,"column":0},"end":{"line":337,"column":41}},"337":{"start":{"line":338,"column":0},"end":{"line":338,"column":13}},"338":{"start":{"line":339,"column":0},"end":{"line":339,"column":29}},"339":{"start":{"line":340,"column":0},"end":{"line":340,"column":40}},"340":{"start":{"line":341,"column":0},"end":{"line":341,"column":13}},"341":{"start":{"line":342,"column":0},"end":{"line":342,"column":5}},"342":{"start":{"line":343,"column":0},"end":{"line":343,"column":10}},"343":{"start":{"line":344,"column":0},"end":{"line":344,"column":26}},"344":{"start":{"line":345,"column":0},"end":{"line":345,"column":32}},"345":{"start":{"line":346,"column":0},"end":{"line":346,"column":29}},"346":{"start":{"line":347,"column":0},"end":{"line":347,"column":13}},"347":{"start":{"line":348,"column":0},"end":{"line":348,"column":30}},"348":{"start":{"line":349,"column":0},"end":{"line":349,"column":31}},"349":{"start":{"line":350,"column":0},"end":{"line":350,"column":27}},"350":{"start":{"line":351,"column":0},"end":{"line":351,"column":31}},"351":{"start":{"line":352,"column":0},"end":{"line":352,"column":28}},"352":{"start":{"line":353,"column":0},"end":{"line":353,"column":32}},"353":{"start":{"line":354,"column":0},"end":{"line":354,"column":13}},"354":{"start":{"line":355,"column":0},"end":{"line":355,"column":28}},"355":{"start":{"line":356,"column":0},"end":{"line":356,"column":30}},"356":{"start":{"line":357,"column":0},"end":{"line":357,"column":13}},"357":{"start":{"line":358,"column":0},"end":{"line":358,"column":35}},"358":{"start":{"line":359,"column":0},"end":{"line":359,"column":27}},"359":{"start":{"line":360,"column":0},"end":{"line":360,"column":31}},"360":{"start":{"line":361,"column":0},"end":{"line":361,"column":33}},"361":{"start":{"line":362,"column":0},"end":{"line":362,"column":37}},"362":{"start":{"line":363,"column":0},"end":{"line":363,"column":32}},"363":{"start":{"line":364,"column":0},"end":{"line":364,"column":36}},"364":{"start":{"line":365,"column":0},"end":{"line":365,"column":13}},"365":{"start":{"line":366,"column":0},"end":{"line":366,"column":29}},"366":{"start":{"line":367,"column":0},"end":{"line":367,"column":33}},"367":{"start":{"line":368,"column":0},"end":{"line":368,"column":13}},"368":{"start":{"line":369,"column":0},"end":{"line":369,"column":31}},"369":{"start":{"line":370,"column":0},"end":{"line":370,"column":30}},"370":{"start":{"line":371,"column":0},"end":{"line":371,"column":13}},"371":{"start":{"line":372,"column":0},"end":{"line":372,"column":5}},"372":{"start":{"line":373,"column":0},"end":{"line":373,"column":3}},"373":{"start":{"line":374,"column":0},"end":{"line":374,"column":1}}},"s":{"28":1,"34":1,"42":1,"43":13,"44":14,"45":14,"46":14,"47":13,"48":13,"58":1,"66":1,"67":0,"68":0,"69":0,"70":0,"71":0,"72":0,"73":0,"74":0,"75":0,"76":0,"77":0,"78":0,"87":1,"88":3,"89":3,"90":3,"91":3,"92":3,"93":3,"94":3,"95":3,"96":3,"97":3,"98":0,"99":3,"109":1,"110":2,"111":2,"112":2,"113":2,"114":2,"115":2,"116":2,"117":2,"118":2,"119":2,"120":0,"121":2,"130":1,"131":9,"132":9,"133":9,"134":9,"135":9,"136":9,"145":1,"146":0,"147":0,"148":0,"149":0,"150":0,"151":0,"152":0,"153":0,"154":0,"163":1,"164":1,"165":1,"166":1,"167":1,"168":1,"169":1,"178":1,"179":2,"180":2,"181":2,"182":0,"183":2,"184":1,"185":1,"186":1,"187":1,"188":2,"189":2,"190":2,"191":2,"192":2,"193":0,"194":2,"203":1,"204":0,"205":0,"206":0,"207":0,"208":0,"209":0,"210":0,"211":0,"212":0,"221":1,"222":0,"223":0,"224":0,"225":0,"226":0,"227":0,"236":1,"237":0,"238":0,"239":0,"240":0,"241":0,"242":0,"243":0,"244":0,"245":1,"251":1,"252":17,"253":17,"254":17,"255":17,"256":17,"257":0,"258":0,"260":17,"261":17,"262":0,"263":0,"265":17,"266":17,"267":0,"268":0,"271":17,"272":17,"273":0,"274":0,"277":17,"278":17,"279":0,"280":0,"283":17,"284":17,"287":17,"288":1,"291":1,"292":1,"293":1,"296":1,"297":1,"298":1,"299":1,"300":1,"301":1,"302":1,"303":1,"306":1,"307":1,"308":1,"311":1,"312":1,"313":0,"315":1,"316":17,"318":16,"319":16,"320":16,"321":16,"322":16,"323":17,"325":17,"326":17,"327":17,"328":17,"329":17,"330":17,"332":17,"333":5,"334":5,"335":5,"336":3,"337":3,"338":5,"339":2,"340":2,"341":5,"342":17,"343":12,"344":12,"345":9,"346":9,"347":12,"348":12,"349":0,"350":0,"351":0,"352":0,"353":0,"354":12,"355":1,"356":1,"357":12,"358":2,"359":2,"360":2,"361":2,"362":2,"363":2,"364":2,"365":12,"366":0,"367":0,"368":12,"369":0,"370":0,"371":12,"372":12,"373":17},"branchMap":{"0":{"type":"branch","line":43,"loc":{"start":{"line":43,"column":7},"end":{"line":49,"column":1}},"locations":[{"start":{"line":43,"column":7},"end":{"line":49,"column":1}}]},"1":{"type":"branch","line":44,"loc":{"start":{"line":44,"column":30},"end":{"line":48,"column":4}},"locations":[{"start":{"line":44,"column":30},"end":{"line":48,"column":4}}]},"2":{"type":"branch","line":88,"loc":{"start":{"line":88,"column":18},"end":{"line":100,"column":4}},"locations":[{"start":{"line":88,"column":18},"end":{"line":100,"column":4}}]},"3":{"type":"branch","line":98,"loc":{"start":{"line":98,"column":6},"end":{"line":99,"column":10}},"locations":[{"start":{"line":98,"column":6},"end":{"line":99,"column":10}}]},"4":{"type":"branch","line":91,"loc":{"start":{"line":91,"column":6},"end":{"line":91,"column":74}},"locations":[{"start":{"line":91,"column":6},"end":{"line":91,"column":74}}]},"5":{"type":"branch","line":110,"loc":{"start":{"line":110,"column":19},"end":{"line":122,"column":4}},"locations":[{"start":{"line":110,"column":19},"end":{"line":122,"column":4}}]},"6":{"type":"branch","line":120,"loc":{"start":{"line":120,"column":6},"end":{"line":121,"column":10}},"locations":[{"start":{"line":120,"column":6},"end":{"line":121,"column":10}}]},"7":{"type":"branch","line":113,"loc":{"start":{"line":113,"column":6},"end":{"line":113,"column":76}},"locations":[{"start":{"line":113,"column":6},"end":{"line":113,"column":76}}]},"8":{"type":"branch","line":113,"loc":{"start":{"line":113,"column":29},"end":{"line":113,"column":76}},"locations":[{"start":{"line":113,"column":29},"end":{"line":113,"column":76}}]},"9":{"type":"branch","line":131,"loc":{"start":{"line":131,"column":22},"end":{"line":137,"column":4}},"locations":[{"start":{"line":131,"column":22},"end":{"line":137,"column":4}}]},"10":{"type":"branch","line":164,"loc":{"start":{"line":164,"column":18},"end":{"line":170,"column":4}},"locations":[{"start":{"line":164,"column":18},"end":{"line":170,"column":4}}]},"11":{"type":"branch","line":179,"loc":{"start":{"line":179,"column":25},"end":{"line":195,"column":4}},"locations":[{"start":{"line":179,"column":25},"end":{"line":195,"column":4}}]},"12":{"type":"branch","line":182,"loc":{"start":{"line":182,"column":29},"end":{"line":182,"column":83}},"locations":[{"start":{"line":182,"column":29},"end":{"line":182,"column":83}}]},"13":{"type":"branch","line":182,"loc":{"start":{"line":182,"column":83},"end":{"line":184,"column":15}},"locations":[{"start":{"line":182,"column":83},"end":{"line":184,"column":15}}]},"14":{"type":"branch","line":184,"loc":{"start":{"line":184,"column":42},"end":{"line":184,"column":102}},"locations":[{"start":{"line":184,"column":42},"end":{"line":184,"column":102}}]},"15":{"type":"branch","line":184,"loc":{"start":{"line":184,"column":102},"end":{"line":188,"column":5}},"locations":[{"start":{"line":184,"column":102},"end":{"line":188,"column":5}}]},"16":{"type":"branch","line":193,"loc":{"start":{"line":193,"column":6},"end":{"line":194,"column":10}},"locations":[{"start":{"line":193,"column":6},"end":{"line":194,"column":10}}]},"17":{"type":"branch","line":252,"loc":{"start":{"line":252,"column":7},"end":{"line":324,"column":1}},"locations":[{"start":{"line":252,"column":7},"end":{"line":324,"column":1}}]},"18":{"type":"branch","line":257,"loc":{"start":{"line":257,"column":27},"end":{"line":259,"column":3}},"locations":[{"start":{"line":257,"column":27},"end":{"line":259,"column":3}}]},"19":{"type":"branch","line":262,"loc":{"start":{"line":262,"column":12},"end":{"line":264,"column":3}},"locations":[{"start":{"line":262,"column":12},"end":{"line":264,"column":3}}]},"20":{"type":"branch","line":267,"loc":{"start":{"line":267,"column":19},"end":{"line":269,"column":3}},"locations":[{"start":{"line":267,"column":19},"end":{"line":269,"column":3}}]},"21":{"type":"branch","line":273,"loc":{"start":{"line":273,"column":16},"end":{"line":275,"column":3}},"locations":[{"start":{"line":273,"column":16},"end":{"line":275,"column":3}}]},"22":{"type":"branch","line":279,"loc":{"start":{"line":279,"column":17},"end":{"line":281,"column":3}},"locations":[{"start":{"line":279,"column":17},"end":{"line":281,"column":3}}]},"23":{"type":"branch","line":288,"loc":{"start":{"line":288,"column":24},"end":{"line":288,"column":62}},"locations":[{"start":{"line":288,"column":24},"end":{"line":288,"column":62}}]},"24":{"type":"branch","line":288,"loc":{"start":{"line":288,"column":62},"end":{"line":317,"column":9}},"locations":[{"start":{"line":288,"column":62},"end":{"line":317,"column":9}}]},"25":{"type":"branch","line":301,"loc":{"start":{"line":301,"column":39},"end":{"line":301,"column":62}},"locations":[{"start":{"line":301,"column":39},"end":{"line":301,"column":62}}]},"26":{"type":"branch","line":313,"loc":{"start":{"line":313,"column":69},"end":{"line":314,"column":14}},"locations":[{"start":{"line":313,"column":69},"end":{"line":314,"column":14}}]},"27":{"type":"branch","line":317,"loc":{"start":{"line":317,"column":2},"end":{"line":323,"column":3}},"locations":[{"start":{"line":317,"column":2},"end":{"line":323,"column":3}}]},"28":{"type":"branch","line":320,"loc":{"start":{"line":320,"column":30},"end":{"line":320,"column":48}},"locations":[{"start":{"line":320,"column":30},"end":{"line":320,"column":48}}]},"29":{"type":"branch","line":313,"loc":{"start":{"line":313,"column":19},"end":{"line":313,"column":69}},"locations":[{"start":{"line":313,"column":19},"end":{"line":313,"column":69}}]},"30":{"type":"branch","line":326,"loc":{"start":{"line":326,"column":0},"end":{"line":374,"column":1}},"locations":[{"start":{"line":326,"column":0},"end":{"line":374,"column":1}}]},"31":{"type":"branch","line":333,"loc":{"start":{"line":333,"column":33},"end":{"line":343,"column":9}},"locations":[{"start":{"line":333,"column":33},"end":{"line":343,"column":9}}]},"32":{"type":"branch","line":335,"loc":{"start":{"line":335,"column":6},"end":{"line":335,"column":28}},"locations":[{"start":{"line":335,"column":6},"end":{"line":335,"column":28}}]},"33":{"type":"branch","line":336,"loc":{"start":{"line":336,"column":6},"end":{"line":338,"column":13}},"locations":[{"start":{"line":336,"column":6},"end":{"line":338,"column":13}}]},"34":{"type":"branch","line":339,"loc":{"start":{"line":339,"column":6},"end":{"line":341,"column":13}},"locations":[{"start":{"line":339,"column":6},"end":{"line":341,"column":13}}]},"35":{"type":"branch","line":343,"loc":{"start":{"line":343,"column":2},"end":{"line":373,"column":3}},"locations":[{"start":{"line":343,"column":2},"end":{"line":373,"column":3}}]},"36":{"type":"branch","line":345,"loc":{"start":{"line":345,"column":6},"end":{"line":347,"column":13}},"locations":[{"start":{"line":345,"column":6},"end":{"line":347,"column":13}}]},"37":{"type":"branch","line":348,"loc":{"start":{"line":348,"column":6},"end":{"line":348,"column":30}},"locations":[{"start":{"line":348,"column":6},"end":{"line":348,"column":30}}]},"38":{"type":"branch","line":349,"loc":{"start":{"line":349,"column":6},"end":{"line":354,"column":13}},"locations":[{"start":{"line":349,"column":6},"end":{"line":354,"column":13}}]},"39":{"type":"branch","line":355,"loc":{"start":{"line":355,"column":6},"end":{"line":357,"column":13}},"locations":[{"start":{"line":355,"column":6},"end":{"line":357,"column":13}}]},"40":{"type":"branch","line":358,"loc":{"start":{"line":358,"column":6},"end":{"line":365,"column":13}},"locations":[{"start":{"line":358,"column":6},"end":{"line":365,"column":13}}]},"41":{"type":"branch","line":360,"loc":{"start":{"line":360,"column":10},"end":{"line":360,"column":31}},"locations":[{"start":{"line":360,"column":10},"end":{"line":360,"column":31}}]},"42":{"type":"branch","line":362,"loc":{"start":{"line":362,"column":10},"end":{"line":362,"column":37}},"locations":[{"start":{"line":362,"column":10},"end":{"line":362,"column":37}}]},"43":{"type":"branch","line":364,"loc":{"start":{"line":364,"column":10},"end":{"line":364,"column":36}},"locations":[{"start":{"line":364,"column":10},"end":{"line":364,"column":36}}]},"44":{"type":"branch","line":366,"loc":{"start":{"line":366,"column":6},"end":{"line":368,"column":13}},"locations":[{"start":{"line":366,"column":6},"end":{"line":368,"column":13}}]},"45":{"type":"branch","line":369,"loc":{"start":{"line":369,"column":6},"end":{"line":371,"column":13}},"locations":[{"start":{"line":369,"column":6},"end":{"line":371,"column":13}}]}},"b":{"0":[13],"1":[14],"2":[3],"3":[0],"4":[3],"5":[2],"6":[0],"7":[3],"8":[2],"9":[9],"10":[1],"11":[2],"12":[0],"13":[0],"14":[1],"15":[1],"16":[0],"17":[17],"18":[0],"19":[0],"20":[0],"21":[0],"22":[0],"23":[16],"24":[1],"25":[0],"26":[0],"27":[16],"28":[0],"29":[2],"30":[17],"31":[5],"32":[3],"33":[3],"34":[2],"35":[12],"36":[9],"37":[0],"38":[0],"39":[1],"40":[2],"41":[0],"42":[1],"43":[1],"44":[0],"45":[0]},"fnMap":{"0":{"name":"extractLocalizedStrings","decl":{"start":{"line":43,"column":7},"end":{"line":49,"column":1}},"loc":{"start":{"line":43,"column":7},"end":{"line":49,"column":1}},"line":43},"1":{"name":"NewExpression","decl":{"start":{"line":67,"column":17},"end":{"line":79,"column":4}},"loc":{"start":{"line":67,"column":17},"end":{"line":79,"column":4}},"line":67},"2":{"name":"CallExpression","decl":{"start":{"line":88,"column":18},"end":{"line":100,"column":4}},"loc":{"start":{"line":88,"column":18},"end":{"line":100,"column":4}},"line":88},"3":{"name":"ArrayExpression","decl":{"start":{"line":110,"column":19},"end":{"line":122,"column":4}},"loc":{"start":{"line":110,"column":19},"end":{"line":122,"column":4}},"line":110},"4":{"name":"VariableDeclarator","decl":{"start":{"line":131,"column":22},"end":{"line":137,"column":4}},"loc":{"start":{"line":131,"column":22},"end":{"line":137,"column":4}},"line":131},"5":{"name":"BinaryExpression","decl":{"start":{"line":146,"column":20},"end":{"line":155,"column":4}},"loc":{"start":{"line":146,"column":20},"end":{"line":155,"column":4}},"line":146},"6":{"name":"ObjectProperty","decl":{"start":{"line":164,"column":18},"end":{"line":170,"column":4}},"loc":{"start":{"line":164,"column":18},"end":{"line":170,"column":4}},"line":164},"7":{"name":"ConditionalExpression","decl":{"start":{"line":179,"column":25},"end":{"line":195,"column":4}},"loc":{"start":{"line":179,"column":25},"end":{"line":195,"column":4}},"line":179},"8":{"name":"LogicalExpression","decl":{"start":{"line":204,"column":21},"end":{"line":213,"column":4}},"loc":{"start":{"line":204,"column":21},"end":{"line":213,"column":4}},"line":204},"9":{"name":"ReturnStatement","decl":{"start":{"line":222,"column":19},"end":{"line":228,"column":4}},"loc":{"start":{"line":222,"column":19},"end":{"line":228,"column":4}},"line":222},"10":{"name":"AssignmentPattern","decl":{"start":{"line":237,"column":21},"end":{"line":245,"column":4}},"loc":{"start":{"line":237,"column":21},"end":{"line":245,"column":4}},"line":237},"11":{"name":"transformStringLiteral","decl":{"start":{"line":252,"column":7},"end":{"line":324,"column":1}},"loc":{"start":{"line":252,"column":7},"end":{"line":324,"column":1}},"line":252},"12":{"name":"replaceNode","decl":{"start":{"line":326,"column":0},"end":{"line":374,"column":1}},"loc":{"start":{"line":326,"column":0},"end":{"line":374,"column":1}},"line":326}},"f":{"0":13,"1":0,"2":3,"3":2,"4":9,"5":0,"6":1,"7":2,"8":0,"9":0,"10":0,"11":17,"12":17}}
,"D:\\Program\\i18n-transformer\\packages\\core\\src\\transformer\\templateLiteral.ts": {"path":"D:\\Program\\i18n-transformer\\packages\\core\\src\\transformer\\templateLiteral.ts","all":false,"statementMap":{"9":{"start":{"line":10,"column":0},"end":{"line":10,"column":8}},"16":{"start":{"line":17,"column":0},"end":{"line":17,"column":43}},"21":{"start":{"line":22,"column":0},"end":{"line":22,"column":35}},"22":{"start":{"line":23,"column":0},"end":{"line":23,"column":7}},"23":{"start":{"line":24,"column":0},"end":{"line":24,"column":13}},"24":{"start":{"line":25,"column":0},"end":{"line":25,"column":14}},"25":{"start":{"line":26,"column":0},"end":{"line":26,"column":4}},"29":{"start":{"line":30,"column":0},"end":{"line":30,"column":11}},"30":{"start":{"line":31,"column":0},"end":{"line":31,"column":28}},"31":{"start":{"line":32,"column":0},"end":{"line":32,"column":10}},"32":{"start":{"line":33,"column":0},"end":{"line":33,"column":3}},"35":{"start":{"line":36,"column":0},"end":{"line":36,"column":49}},"37":{"start":{"line":38,"column":0},"end":{"line":38,"column":39}},"40":{"start":{"line":41,"column":0},"end":{"line":41,"column":37}},"41":{"start":{"line":42,"column":0},"end":{"line":42,"column":10}},"42":{"start":{"line":43,"column":0},"end":{"line":43,"column":3}},"45":{"start":{"line":46,"column":0},"end":{"line":46,"column":33}},"46":{"start":{"line":47,"column":0},"end":{"line":47,"column":68}},"47":{"start":{"line":48,"column":0},"end":{"line":48,"column":60}},"48":{"start":{"line":49,"column":0},"end":{"line":49,"column":62}},"49":{"start":{"line":50,"column":0},"end":{"line":50,"column":26}},"50":{"start":{"line":51,"column":0},"end":{"line":51,"column":7}},"51":{"start":{"line":52,"column":0},"end":{"line":52,"column":31}},"52":{"start":{"line":53,"column":0},"end":{"line":53,"column":10}},"53":{"start":{"line":54,"column":0},"end":{"line":54,"column":3}},"57":{"start":{"line":58,"column":0},"end":{"line":58,"column":56}},"58":{"start":{"line":59,"column":0},"end":{"line":59,"column":37}},"59":{"start":{"line":60,"column":0},"end":{"line":60,"column":26}},"60":{"start":{"line":61,"column":0},"end":{"line":61,"column":27}},"61":{"start":{"line":62,"column":0},"end":{"line":62,"column":25}},"62":{"start":{"line":63,"column":0},"end":{"line":63,"column":5}},"63":{"start":{"line":64,"column":0},"end":{"line":64,"column":5}},"66":{"start":{"line":67,"column":0},"end":{"line":67,"column":31}},"67":{"start":{"line":68,"column":0},"end":{"line":68,"column":31}},"68":{"start":{"line":69,"column":0},"end":{"line":69,"column":67}},"69":{"start":{"line":70,"column":0},"end":{"line":70,"column":43}},"70":{"start":{"line":71,"column":0},"end":{"line":71,"column":7}},"71":{"start":{"line":72,"column":0},"end":{"line":72,"column":14}},"72":{"start":{"line":73,"column":0},"end":{"line":73,"column":68}},"76":{"start":{"line":77,"column":0},"end":{"line":77,"column":60}},"77":{"start":{"line":78,"column":0},"end":{"line":78,"column":24}},"78":{"start":{"line":79,"column":0},"end":{"line":79,"column":34}},"79":{"start":{"line":80,"column":0},"end":{"line":80,"column":5}},"82":{"start":{"line":83,"column":0},"end":{"line":83,"column":29}},"83":{"start":{"line":84,"column":0},"end":{"line":84,"column":1}}},"s":{"9":1,"16":1,"21":1,"22":11,"23":11,"24":11,"25":11,"29":11,"30":11,"31":1,"32":1,"35":11,"37":11,"40":11,"41":0,"42":0,"45":11,"46":2,"47":2,"48":2,"49":2,"50":2,"51":2,"52":2,"53":2,"57":8,"58":11,"59":11,"60":11,"61":11,"62":11,"63":8,"66":8,"67":8,"68":19,"69":19,"70":8,"71":8,"72":8,"76":8,"77":8,"78":8,"79":8,"82":8,"83":8},"branchMap":{"0":{"type":"branch","line":22,"loc":{"start":{"line":22,"column":7},"end":{"line":84,"column":1}},"locations":[{"start":{"line":22,"column":7},"end":{"line":84,"column":1}}]},"1":{"type":"branch","line":31,"loc":{"start":{"line":31,"column":7},"end":{"line":31,"column":27}},"locations":[{"start":{"line":31,"column":7},"end":{"line":31,"column":27}}]},"2":{"type":"branch","line":31,"loc":{"start":{"line":31,"column":27},"end":{"line":33,"column":3}},"locations":[{"start":{"line":31,"column":27},"end":{"line":33,"column":3}}]},"3":{"type":"branch","line":33,"loc":{"start":{"line":33,"column":2},"end":{"line":36,"column":47}},"locations":[{"start":{"line":33,"column":2},"end":{"line":36,"column":47}}]},"4":{"type":"branch","line":36,"loc":{"start":{"line":36,"column":32},"end":{"line":36,"column":49}},"locations":[{"start":{"line":36,"column":32},"end":{"line":36,"column":49}}]},"5":{"type":"branch","line":38,"loc":{"start":{"line":38,"column":27},"end":{"line":38,"column":39}},"locations":[{"start":{"line":38,"column":27},"end":{"line":38,"column":39}}]},"6":{"type":"branch","line":41,"loc":{"start":{"line":41,"column":14},"end":{"line":41,"column":36}},"locations":[{"start":{"line":41,"column":14},"end":{"line":41,"column":36}}]},"7":{"type":"branch","line":41,"loc":{"start":{"line":41,"column":36},"end":{"line":43,"column":3}},"locations":[{"start":{"line":41,"column":36},"end":{"line":43,"column":3}}]},"8":{"type":"branch","line":43,"loc":{"start":{"line":43,"column":2},"end":{"line":46,"column":32}},"locations":[{"start":{"line":43,"column":2},"end":{"line":46,"column":32}}]},"9":{"type":"branch","line":46,"loc":{"start":{"line":46,"column":32},"end":{"line":54,"column":3}},"locations":[{"start":{"line":46,"column":32},"end":{"line":54,"column":3}}]},"10":{"type":"branch","line":47,"loc":{"start":{"line":47,"column":33},"end":{"line":47,"column":66}},"locations":[{"start":{"line":47,"column":33},"end":{"line":47,"column":66}}]},"11":{"type":"branch","line":47,"loc":{"start":{"line":47,"column":59},"end":{"line":47,"column":68}},"locations":[{"start":{"line":47,"column":59},"end":{"line":47,"column":68}}]},"12":{"type":"branch","line":54,"loc":{"start":{"line":54,"column":2},"end":{"line":84,"column":1}},"locations":[{"start":{"line":54,"column":2},"end":{"line":84,"column":1}}]},"13":{"type":"branch","line":58,"loc":{"start":{"line":58,"column":37},"end":{"line":64,"column":4}},"locations":[{"start":{"line":58,"column":37},"end":{"line":64,"column":4}}]},"14":{"type":"branch","line":68,"loc":{"start":{"line":68,"column":9},"end":{"line":71,"column":6}},"locations":[{"start":{"line":68,"column":9},"end":{"line":71,"column":6}}]},"15":{"type":"branch","line":69,"loc":{"start":{"line":69,"column":39},"end":{"line":69,"column":65}},"locations":[{"start":{"line":69,"column":39},"end":{"line":69,"column":65}}]},"16":{"type":"branch","line":69,"loc":{"start":{"line":69,"column":59},"end":{"line":69,"column":67}},"locations":[{"start":{"line":69,"column":59},"end":{"line":69,"column":67}}]}},"b":{"0":[11],"1":[10],"2":[1],"3":[10],"4":[0],"5":[0],"6":[10],"7":[0],"8":[10],"9":[2],"10":[1],"11":[1],"12":[8],"13":[11],"14":[19],"15":[11],"16":[8]},"fnMap":{"0":{"name":"transformTemplate","decl":{"start":{"line":22,"column":7},"end":{"line":84,"column":1}},"loc":{"start":{"line":22,"column":7},"end":{"line":84,"column":1}},"line":22}},"f":{"0":11}}
,"D:\\Program\\i18n-transformer\\packages\\core\\src\\transformer\\types.ts": {"path":"D:\\Program\\i18n-transformer\\packages\\core\\src\\transformer\\types.ts","all":true,"statementMap":{},"s":{},"branchMap":{"0":{"type":"branch","line":1,"loc":{"start":{"line":1,"column":1244},"end":{"line":48,"column":1}},"locations":[{"start":{"line":1,"column":1244},"end":{"line":48,"column":1}}]}},"b":{"0":[1]},"fnMap":{"0":{"name":"(empty-report)","decl":{"start":{"line":1,"column":1244},"end":{"line":48,"column":1}},"loc":{"start":{"line":1,"column":1244},"end":{"line":48,"column":1}},"line":1}},"f":{"0":1}}
,"D:\\Program\\i18n-transformer\\packages\\core\\src\\transformer\\utils.ts": {"path":"D:\\Program\\i18n-transformer\\packages\\core\\src\\transformer\\utils.ts","all":false,"statementMap":{"13":{"start":{"line":14,"column":0},"end":{"line":14,"column":58}},"14":{"start":{"line":15,"column":0},"end":{"line":15,"column":11}},"15":{"start":{"line":16,"column":0},"end":{"line":16,"column":12}},"16":{"start":{"line":17,"column":0},"end":{"line":17,"column":37}},"17":{"start":{"line":18,"column":0},"end":{"line":18,"column":1}},"24":{"start":{"line":25,"column":0},"end":{"line":25,"column":61}},"25":{"start":{"line":26,"column":0},"end":{"line":26,"column":11}},"26":{"start":{"line":27,"column":0},"end":{"line":27,"column":12}},"27":{"start":{"line":28,"column":0},"end":{"line":28,"column":32}},"28":{"start":{"line":29,"column":0},"end":{"line":29,"column":21}},"29":{"start":{"line":30,"column":0},"end":{"line":30,"column":3}},"30":{"start":{"line":31,"column":0},"end":{"line":31,"column":48}},"31":{"start":{"line":32,"column":0},"end":{"line":32,"column":1}},"39":{"start":{"line":40,"column":0},"end":{"line":40,"column":72}},"40":{"start":{"line":41,"column":0},"end":{"line":41,"column":28}},"41":{"start":{"line":42,"column":0},"end":{"line":42,"column":1}},"49":{"start":{"line":50,"column":0},"end":{"line":50,"column":53}},"50":{"start":{"line":51,"column":0},"end":{"line":51,"column":53}},"51":{"start":{"line":52,"column":0},"end":{"line":52,"column":81}},"52":{"start":{"line":53,"column":0},"end":{"line":53,"column":5}},"53":{"start":{"line":54,"column":0},"end":{"line":54,"column":1}},"61":{"start":{"line":62,"column":0},"end":{"line":62,"column":73}},"62":{"start":{"line":63,"column":0},"end":{"line":63,"column":21}},"63":{"start":{"line":64,"column":0},"end":{"line":64,"column":38}},"64":{"start":{"line":65,"column":0},"end":{"line":65,"column":35}},"65":{"start":{"line":66,"column":0},"end":{"line":66,"column":3}},"66":{"start":{"line":67,"column":0},"end":{"line":67,"column":25}},"67":{"start":{"line":68,"column":0},"end":{"line":68,"column":1}},"75":{"start":{"line":76,"column":0},"end":{"line":76,"column":98}},"76":{"start":{"line":77,"column":0},"end":{"line":77,"column":28}},"77":{"start":{"line":78,"column":0},"end":{"line":78,"column":27}},"78":{"start":{"line":79,"column":0},"end":{"line":79,"column":11}},"79":{"start":{"line":80,"column":0},"end":{"line":80,"column":23}},"80":{"start":{"line":81,"column":0},"end":{"line":81,"column":27}},"81":{"start":{"line":82,"column":0},"end":{"line":82,"column":14}},"82":{"start":{"line":83,"column":0},"end":{"line":83,"column":86}},"83":{"start":{"line":84,"column":0},"end":{"line":84,"column":52}},"84":{"start":{"line":85,"column":0},"end":{"line":85,"column":94}},"85":{"start":{"line":86,"column":0},"end":{"line":86,"column":19}},"86":{"start":{"line":87,"column":0},"end":{"line":87,"column":7}},"87":{"start":{"line":88,"column":0},"end":{"line":88,"column":5}},"88":{"start":{"line":89,"column":0},"end":{"line":89,"column":3}},"89":{"start":{"line":90,"column":0},"end":{"line":90,"column":14}},"90":{"start":{"line":91,"column":0},"end":{"line":91,"column":1}},"101":{"start":{"line":102,"column":0},"end":{"line":102,"column":62}},"102":{"start":{"line":103,"column":0},"end":{"line":103,"column":33}},"103":{"start":{"line":104,"column":0},"end":{"line":104,"column":52}},"104":{"start":{"line":105,"column":0},"end":{"line":105,"column":16}},"105":{"start":{"line":106,"column":0},"end":{"line":106,"column":3}},"107":{"start":{"line":108,"column":0},"end":{"line":108,"column":28}},"110":{"start":{"line":111,"column":0},"end":{"line":111,"column":28}},"111":{"start":{"line":112,"column":0},"end":{"line":112,"column":56}},"114":{"start":{"line":115,"column":0},"end":{"line":115,"column":28}},"115":{"start":{"line":116,"column":0},"end":{"line":116,"column":41}},"116":{"start":{"line":117,"column":0},"end":{"line":117,"column":32}},"117":{"start":{"line":118,"column":0},"end":{"line":118,"column":45}},"120":{"start":{"line":121,"column":0},"end":{"line":121,"column":44}},"121":{"start":{"line":122,"column":0},"end":{"line":122,"column":80}},"122":{"start":{"line":123,"column":0},"end":{"line":123,"column":46}},"123":{"start":{"line":124,"column":0},"end":{"line":124,"column":59}},"125":{"start":{"line":126,"column":0},"end":{"line":126,"column":110}},"126":{"start":{"line":127,"column":0},"end":{"line":127,"column":64}},"127":{"start":{"line":128,"column":0},"end":{"line":128,"column":7}},"128":{"start":{"line":129,"column":0},"end":{"line":129,"column":5}},"129":{"start":{"line":130,"column":0},"end":{"line":130,"column":16}},"130":{"start":{"line":131,"column":0},"end":{"line":131,"column":3}},"132":{"start":{"line":133,"column":0},"end":{"line":133,"column":75}},"133":{"start":{"line":134,"column":0},"end":{"line":134,"column":1}}},"s":{"13":1,"14":34,"15":34,"16":34,"17":34,"24":1,"25":34,"26":34,"27":34,"28":1,"29":1,"30":34,"31":34,"39":1,"40":12,"41":12,"49":1,"50":21,"51":60,"52":21,"53":21,"61":17,"62":17,"63":17,"64":0,"65":0,"66":17,"67":17,"75":1,"76":15,"77":15,"78":6,"79":6,"80":6,"81":6,"82":6,"83":3,"84":3,"85":3,"86":3,"87":3,"88":6,"89":12,"90":12,"101":1,"102":17,"103":17,"104":9,"105":9,"107":8,"110":8,"111":17,"114":17,"115":17,"116":2,"117":2,"120":17,"121":5,"122":1,"123":1,"125":1,"126":1,"127":1,"128":1,"129":4,"130":5,"132":17,"133":17},"branchMap":{"0":{"type":"branch","line":14,"loc":{"start":{"line":14,"column":7},"end":{"line":18,"column":1}},"locations":[{"start":{"line":14,"column":7},"end":{"line":18,"column":1}}]},"1":{"type":"branch","line":16,"loc":{"start":{"line":16,"column":4},"end":{"line":16,"column":12}},"locations":[{"start":{"line":16,"column":4},"end":{"line":16,"column":12}}]},"2":{"type":"branch","line":16,"loc":{"start":{"line":16,"column":11},"end":{"line":17,"column":36}},"locations":[{"start":{"line":16,"column":11},"end":{"line":17,"column":36}}]},"3":{"type":"branch","line":17,"loc":{"start":{"line":17,"column":24},"end":{"line":17,"column":36}},"locations":[{"start":{"line":17,"column":24},"end":{"line":17,"column":36}}]},"4":{"type":"branch","line":17,"loc":{"start":{"line":17,"column":27},"end":{"line":17,"column":37}},"locations":[{"start":{"line":17,"column":27},"end":{"line":17,"column":37}}]},"5":{"type":"branch","line":25,"loc":{"start":{"line":25,"column":7},"end":{"line":32,"column":1}},"locations":[{"start":{"line":25,"column":7},"end":{"line":32,"column":1}}]},"6":{"type":"branch","line":27,"loc":{"start":{"line":27,"column":4},"end":{"line":27,"column":12}},"locations":[{"start":{"line":27,"column":4},"end":{"line":27,"column":12}}]},"7":{"type":"branch","line":27,"loc":{"start":{"line":27,"column":11},"end":{"line":28,"column":31}},"locations":[{"start":{"line":27,"column":11},"end":{"line":28,"column":31}}]},"8":{"type":"branch","line":28,"loc":{"start":{"line":28,"column":31},"end":{"line":30,"column":3}},"locations":[{"start":{"line":28,"column":31},"end":{"line":30,"column":3}}]},"9":{"type":"branch","line":30,"loc":{"start":{"line":30,"column":2},"end":{"line":31,"column":29}},"locations":[{"start":{"line":30,"column":2},"end":{"line":31,"column":29}}]},"10":{"type":"branch","line":31,"loc":{"start":{"line":31,"column":26},"end":{"line":31,"column":38}},"locations":[{"start":{"line":31,"column":26},"end":{"line":31,"column":38}}]},"11":{"type":"branch","line":31,"loc":{"start":{"line":31,"column":29},"end":{"line":31,"column":48}},"locations":[{"start":{"line":31,"column":29},"end":{"line":31,"column":48}}]},"12":{"type":"branch","line":40,"loc":{"start":{"line":40,"column":7},"end":{"line":42,"column":1}},"locations":[{"start":{"line":40,"column":7},"end":{"line":42,"column":1}}]},"13":{"type":"branch","line":50,"loc":{"start":{"line":50,"column":7},"end":{"line":54,"column":1}},"locations":[{"start":{"line":50,"column":7},"end":{"line":54,"column":1}}]},"14":{"type":"branch","line":51,"loc":{"start":{"line":51,"column":40},"end":{"line":53,"column":4}},"locations":[{"start":{"line":51,"column":40},"end":{"line":53,"column":4}}]},"15":{"type":"branch","line":62,"loc":{"start":{"line":62,"column":0},"end":{"line":68,"column":1}},"locations":[{"start":{"line":62,"column":0},"end":{"line":68,"column":1}}]},"16":{"type":"branch","line":64,"loc":{"start":{"line":64,"column":37},"end":{"line":66,"column":3}},"locations":[{"start":{"line":64,"column":37},"end":{"line":66,"column":3}}]},"17":{"type":"branch","line":76,"loc":{"start":{"line":76,"column":7},"end":{"line":91,"column":1}},"locations":[{"start":{"line":76,"column":7},"end":{"line":91,"column":1}}]},"18":{"type":"branch","line":78,"loc":{"start":{"line":78,"column":26},"end":{"line":89,"column":3}},"locations":[{"start":{"line":78,"column":26},"end":{"line":89,"column":3}}]},"19":{"type":"branch","line":83,"loc":{"start":{"line":83,"column":85},"end":{"line":88,"column":5}},"locations":[{"start":{"line":83,"column":85},"end":{"line":88,"column":5}}]},"20":{"type":"branch","line":89,"loc":{"start":{"line":89,"column":2},"end":{"line":91,"column":1}},"locations":[{"start":{"line":89,"column":2},"end":{"line":91,"column":1}}]},"21":{"type":"branch","line":102,"loc":{"start":{"line":102,"column":7},"end":{"line":134,"column":1}},"locations":[{"start":{"line":102,"column":7},"end":{"line":134,"column":1}}]},"22":{"type":"branch","line":104,"loc":{"start":{"line":104,"column":51},"end":{"line":106,"column":3}},"locations":[{"start":{"line":104,"column":51},"end":{"line":106,"column":3}}]},"23":{"type":"branch","line":106,"loc":{"start":{"line":106,"column":2},"end":{"line":112,"column":24}},"locations":[{"start":{"line":106,"column":2},"end":{"line":112,"column":24}}]},"24":{"type":"branch","line":112,"loc":{"start":{"line":112,"column":14},"end":{"line":112,"column":56}},"locations":[{"start":{"line":112,"column":14},"end":{"line":112,"column":56}}]},"25":{"type":"branch","line":116,"loc":{"start":{"line":116,"column":20},"end":{"line":117,"column":32}},"locations":[{"start":{"line":116,"column":20},"end":{"line":117,"column":32}}]},"26":{"type":"branch","line":117,"loc":{"start":{"line":117,"column":21},"end":{"line":118,"column":45}},"locations":[{"start":{"line":117,"column":21},"end":{"line":118,"column":45}}]},"27":{"type":"branch","line":133,"loc":{"start":{"line":133,"column":9},"end":{"line":133,"column":53}},"locations":[{"start":{"line":133,"column":9},"end":{"line":133,"column":53}}]},"28":{"type":"branch","line":133,"loc":{"start":{"line":133,"column":31},"end":{"line":133,"column":75}},"locations":[{"start":{"line":133,"column":31},"end":{"line":133,"column":75}}]},"29":{"type":"branch","line":121,"loc":{"start":{"line":121,"column":2},"end":{"line":131,"column":3}},"locations":[{"start":{"line":121,"column":2},"end":{"line":131,"column":3}}]},"30":{"type":"branch","line":122,"loc":{"start":{"line":122,"column":24},"end":{"line":122,"column":79}},"locations":[{"start":{"line":122,"column":24},"end":{"line":122,"column":79}}]},"31":{"type":"branch","line":122,"loc":{"start":{"line":122,"column":79},"end":{"line":130,"column":16}},"locations":[{"start":{"line":122,"column":79},"end":{"line":130,"column":16}}]},"32":{"type":"branch","line":122,"loc":{"start":{"line":122,"column":79},"end":{"line":129,"column":5}},"locations":[{"start":{"line":122,"column":79},"end":{"line":129,"column":5}}]}},"b":{"0":[34],"1":[1],"2":[33],"3":[32],"4":[1],"5":[34],"6":[1],"7":[33],"8":[1],"9":[32],"10":[3],"11":[29],"12":[12],"13":[21],"14":[60],"15":[17],"16":[0],"17":[15],"18":[6],"19":[3],"20":[12],"21":[17],"22":[9],"23":[8],"24":[5],"25":[2],"26":[2],"27":[6],"28":[5],"29":[5],"30":[1],"31":[4],"32":[1]},"fnMap":{"0":{"name":"getLeadingSpaceEnd","decl":{"start":{"line":14,"column":7},"end":{"line":18,"column":1}},"loc":{"start":{"line":14,"column":7},"end":{"line":18,"column":1}},"line":14},"1":{"name":"getTrailingSpaceStart","decl":{"start":{"line":25,"column":7},"end":{"line":32,"column":1}},"loc":{"start":{"line":25,"column":7},"end":{"line":32,"column":1}},"line":25},"2":{"name":"isChineseText","decl":{"start":{"line":40,"column":7},"end":{"line":42,"column":1}},"loc":{"start":{"line":40,"column":7},"end":{"line":42,"column":1}},"line":40},"3":{"name":"decodeUnicode","decl":{"start":{"line":50,"column":7},"end":{"line":54,"column":1}},"loc":{"start":{"line":50,"column":7},"end":{"line":54,"column":1}},"line":50},"4":{"name":"getParent","decl":{"start":{"line":62,"column":0},"end":{"line":68,"column":1}},"loc":{"start":{"line":62,"column":0},"end":{"line":68,"column":1}},"line":62},"5":{"name":"isInConsole","decl":{"start":{"line":76,"column":7},"end":{"line":91,"column":1}},"loc":{"start":{"line":76,"column":7},"end":{"line":91,"column":1}},"line":76},"6":{"name":"findCommentExclude","decl":{"start":{"line":102,"column":7},"end":{"line":134,"column":1}},"loc":{"start":{"line":102,"column":7},"end":{"line":134,"column":1}},"line":102},"7":{"name":"isSequenceIgnoreCall","decl":{"start":{"line":121,"column":2},"end":{"line":131,"column":3}},"loc":{"start":{"line":121,"column":2},"end":{"line":131,"column":3}},"line":121}},"f":{"0":34,"1":34,"2":12,"3":21,"4":17,"5":15,"6":17,"7":5}}
}
